[11/03/2017 17:10:21] /t
[11/03/2017 17:16:55] /m shiny Golduck
[11/03/2017 17:16:59] /m Shiny Psyduck]
[11/03/2017 17:17:00] /m Shiny Psyduck
[11/03/2017 17:17:04] /m Shiny Gloom
[11/03/2017 17:17:10] /m Shiny Pidgeotto
[11/03/2017 17:17:15] /m Shiny Cloyster
[11/03/2017 17:17:26] /m Shiny Staryu
[11/03/2017 17:17:42] /m Shiny Seel
[11/03/2017 17:18:09] /m Shiny Execute
[11/03/2017 17:18:13] /m Shiny Execcute
[11/03/2017 17:18:29] /m Shiny Geodude
[11/03/2017 17:18:41] /m Shiny Dugtrio
[11/03/2017 17:19:14] /m Shiny Licktung
[11/03/2017 17:19:31] /m Shiny Charmander
[11/03/2017 17:19:52] /m Shiny Charmeleon
[11/03/2017 17:20:00] /m Shiny Caterpie
[11/03/2017 17:20:08] /m Shiny Metapod
[11/03/2017 17:20:15] /m Shiny Weedle
[11/03/2017 17:20:20] /m Shiny Kakuna
[11/03/2017 17:20:40] /m Shiny Shiny Clefairy
[11/03/2017 17:20:43] /m Shiny Clefairy
[11/03/2017 17:20:49] /m Shiny Clefable
[11/03/2017 17:21:02] /m Shiny Dewgong
[11/03/2017 17:21:09] /m Shiny Ponyta
[11/03/2017 17:21:19] /m Shiny Rapidash
[11/03/2017 17:21:26] /m Shiny Doduo
[11/03/2017 17:21:38] /m Shiny Drowze
[11/03/2017 17:21:40] /m Shiny Drowzee
[11/03/2017 17:21:57] /m Shiny Exeggcute
[11/03/2017 17:22:12] /m Shiny Exeggutor
[11/03/2017 17:22:27] /m Shiny Gastly
[11/03/2017 17:22:32] /m Shiny Haunter
[11/03/2017 17:22:42] /m Shiny Weepinbell
[11/03/2017 17:22:48] /m Shiny Victreebel
[11/03/2017 17:22:57] /m Shiny Squirtle
[11/03/2017 17:23:08] /m Shiny Wartortle
[11/03/2017 17:23:18] /m Shiny Slowpoke
[11/03/2017 17:23:24] /m Shiny Slowbro
[11/03/2017 17:23:39] /m Shiny Jigglypuff
[11/03/2017 17:23:47] /m Shiny Wigglytuff
[11/03/2017 17:24:01] /m Shiny Graveler
[11/03/2017 17:24:12] /m Shiny Koffing
[11/03/2017 17:24:23] /m Shiny Lickitung
[11/03/2017 17:24:33] /m Shiny Machop
[11/03/2017 17:24:38] /m Shiny Machoke
[11/03/2017 17:24:54] /m Shiny Magnemite
[11/03/2017 17:25:03] /m Shiny Mankey
[11/03/2017 17:25:14] /m Shiny Meowth
[11/03/2017 17:25:27] /m Shiny Nidorina
[11/03/2017 17:25:32] /m Shiny Nidorino
[11/03/2017 17:25:41] /m Shiny Pikachu
[11/03/2017 17:25:47] /m Shiny Poliwag
[11/03/2017 17:25:55] /m Shiny Poliwril
[11/03/2017 17:26:02] /m Shiny Poliwril
[11/03/2017 17:26:05] /m Shiny Poliwhirl
[11/03/2017 17:26:14] /m Shiny Poliwirath
[11/03/2017 17:26:20] /m Shiny Poliwrath
[11/03/2017 17:26:35] /m Shiny Spearow
[11/03/2017 17:26:44] /m Shiny Vulpix
[11/03/2017 17:43:26] /m Shiny Golduck
[11/03/2017 17:43:47] /t
[13/03/2017 14:54:11] /n quests
[13/03/2017 16:23:01] /m Elder Arcanine
[13/03/2017 16:23:13] /m Elder Charizard
[13/03/2017 16:23:25] /m Elder Charizard
[13/03/2017 16:26:04] /m Elder Arcanine
[13/03/2017 16:26:23] /m Elder Charizard
[13/03/2017 16:26:38] /m Freezing Dewgong
[13/03/2017 16:27:07] /m war muk
[13/03/2017 16:27:16] /m Roll Donphan
[13/03/2017 16:27:32] /m War Muk
[13/03/2017 16:29:01] /reload monsters
[13/03/2017 16:29:11] /m war muk
[13/03/2017 16:29:27] /r
[13/03/2017 16:29:35] /m Elder Charizard
[13/03/2017 17:14:46] /n outland
[13/03/2017 17:15:03] /t
[13/03/2017 17:15:08] /town outland
[13/03/2017 17:16:53] /m machamp
[13/03/2017 17:21:47] /goto Elder Raichu
[13/03/2017 17:22:25] /t
[13/03/2017 17:22:31] /m xatu
[13/03/2017 20:00:58] /goto elder pinsir
[13/03/2017 20:15:36] /t
[13/03/2017 20:16:27] /reload monsters
[13/03/2017 20:16:33] /goto metal scizor
[13/03/2017 20:19:16] /bc green Uou
[13/03/2017 20:20:16] /t
[13/03/2017 21:57:39] /m Shiny Pikachu
[13/03/2017 21:57:54] /m Shiny Weepinbeel
[13/03/2017 21:57:56] /m Shiny Weepinbell
[13/03/2017 22:01:07] /m Moltres
[13/03/2017 22:02:47] /i 17560
[13/03/2017 22:02:50] /i 17561
[13/03/2017 22:02:52] /i 17562
[14/03/2017 18:11:47] /i 16689
[14/03/2017 18:13:17] /reload actions
[14/03/2017 18:14:35] /reload actions
[14/03/2017 18:15:41] /reload actions
[14/03/2017 18:19:31] /reload actions
[14/03/2017 18:19:57] /reload actions
[14/03/2017 18:20:55] /reload actions
[14/03/2017 18:22:51] /reload actions
[14/03/2017 18:23:30] /i 16689
[14/03/2017 18:24:39] /reload actions
[14/03/2017 19:49:06] /t
[14/03/2017 19:52:01] /t
[14/03/2017 19:54:01] /reload actions
[14/03/2017 20:00:21] /t
[14/03/2017 20:00:36] /i 17562
[14/03/2017 20:01:22] /reload actions
[14/03/2017 20:01:26] /i 17562
[14/03/2017 20:01:35] /i 17562
[14/03/2017 20:01:39] /reload actions
[14/03/2017 22:36:10] /m Caterpie
[14/03/2017 22:36:14] /m Caterpie
[14/03/2017 22:36:14] /m Caterpie
[14/03/2017 22:36:14] /m Caterpie
[14/03/2017 22:36:14] /m Caterpie
[14/03/2017 22:36:14] /m Caterpie
[14/03/2017 22:36:14] /m Caterpie
[14/03/2017 22:36:15] /m Caterpie
[14/03/2017 22:36:15] /m Caterpie
[14/03/2017 22:36:15] /m Caterpie
[14/03/2017 22:36:15] /m Caterpie
[14/03/2017 22:36:15] /m Caterpie
[14/03/2017 22:36:15] /m Caterpie
[14/03/2017 22:36:15] /m Caterpie
[14/03/2017 22:36:15] /m Caterpie
[14/03/2017 22:36:15] /m Caterpie
[14/03/2017 22:36:15] /m Caterpie
[14/03/2017 22:36:15] /m Caterpie
[14/03/2017 22:36:15] /m Caterpie
[14/03/2017 22:36:15] /m Caterpie
[14/03/2017 22:36:15] /m Caterpie
[14/03/2017 22:36:15] /m Caterpie
[14/03/2017 22:36:15] /m Caterpie
[14/03/2017 22:36:15] /m Caterpie
[14/03/2017 22:36:15] /m Caterpie
[14/03/2017 22:36:15] /m Caterpie
[14/03/2017 22:36:15] /m Caterpie
[14/03/2017 22:36:15] /m Caterpie
[14/03/2017 22:36:15] /m Caterpie
[14/03/2017 22:36:15] /m Caterpie
[14/03/2017 22:36:15] /m Caterpie
[14/03/2017 22:36:16] /m Caterpie
[14/03/2017 22:36:16] /m Caterpie
[14/03/2017 22:36:16] /m Caterpie
[14/03/2017 22:36:16] /m Caterpie
[14/03/2017 22:36:16] /m Caterpie
[14/03/2017 22:36:16] /m Caterpie
[14/03/2017 22:36:16] /m Caterpie
[14/03/2017 22:36:16] /m Caterpie
[14/03/2017 22:36:16] /m Caterpie
[14/03/2017 22:36:16] /m Caterpie
[14/03/2017 22:36:16] /m Caterpie
[14/03/2017 22:36:16] /m Caterpie
[14/03/2017 22:36:16] /m Caterpie
[14/03/2017 22:36:16] /m Caterpie
[14/03/2017 22:36:16] /m Caterpie
[14/03/2017 22:36:16] /m Caterpie
[14/03/2017 22:36:16] /m Caterpie
[14/03/2017 22:36:16] /m Caterpie
[14/03/2017 22:36:16] /m Caterpie
[14/03/2017 22:36:16] /m Caterpie
[14/03/2017 22:36:16] /m Caterpie
[14/03/2017 22:36:16] /m Caterpie
[14/03/2017 22:36:16] /m Caterpie
[14/03/2017 22:36:16] /m Caterpie
[14/03/2017 22:36:17] /m Caterpie
[14/03/2017 22:36:17] /m Caterpie
[14/03/2017 22:36:17] /m Caterpie
[14/03/2017 22:36:17] /m Caterpie
[14/03/2017 22:36:17] /m Caterpie
[14/03/2017 22:36:17] /m Caterpie
[14/03/2017 22:36:17] /m Caterpie
[14/03/2017 22:36:17] /m Caterpie
[14/03/2017 22:36:17] /m Caterpie
[14/03/2017 22:36:17] /m Caterpie
[14/03/2017 22:36:17] /m Caterpie
[14/03/2017 22:36:17] /m Caterpie
[14/03/2017 22:36:17] /m Caterpie
[14/03/2017 22:36:17] /m Caterpie
[14/03/2017 22:36:17] /m Caterpie
[14/03/2017 22:36:17] /m Caterpie
[14/03/2017 22:36:18] /m Caterpie
[14/03/2017 22:36:18] /m Caterpie
[14/03/2017 22:36:18] /m Caterpie
[14/03/2017 22:36:18] /m Caterpie
[14/03/2017 22:36:19] /m Caterpie
[14/03/2017 22:36:19] /m Caterpie
[14/03/2017 22:36:19] /m Caterpie
[14/03/2017 22:36:19] /m Caterpie
[14/03/2017 22:36:19] /m Caterpie
[14/03/2017 22:36:19] /m Caterpie
[14/03/2017 22:36:19] /m Caterpie
[14/03/2017 22:36:19] /m Caterpie
[14/03/2017 22:36:19] /m Caterpie
[14/03/2017 22:36:19] /m Caterpie
[14/03/2017 22:36:19] /m Caterpie
[14/03/2017 22:36:19] /m Caterpie
[14/03/2017 22:36:19] /m Caterpie
[14/03/2017 22:36:19] /m Caterpie
[14/03/2017 22:36:19] /m Caterpie
[14/03/2017 22:36:19] /m Caterpie
[14/03/2017 22:36:19] /m Caterpie
[14/03/2017 22:36:19] /m Caterpie
[14/03/2017 22:36:19] /m Caterpie
[14/03/2017 22:36:20] /m Caterpie
[14/03/2017 22:41:17] /down
[14/03/2017 22:41:37] /down
[14/03/2017 22:41:48] /down
[14/03/2017 22:42:54] /m Moltres
[14/03/2017 22:44:05] /m Moltres
[14/03/2017 22:44:34] /r
[14/03/2017 22:44:47] /r
[14/03/2017 22:46:23] /m Articuno
[14/03/2017 22:50:17] /i Misterioso Held T7
[14/03/2017 22:51:23] /t
[14/03/2017 22:55:40] /i X-Experience (Tier: 7)
[14/03/2017 22:57:03] /t
[15/03/2017 14:55:12] /n Diaria Allan
[15/03/2017 14:55:45] /goto gengar
[15/03/2017 14:57:23] /goto gengar
[15/03/2017 14:57:24] /goto gengar
[15/03/2017 14:57:28] /goto gengar
[15/03/2017 14:57:39] /goto gengar
[15/03/2017 14:57:47] /goto gengar
[15/03/2017 14:57:58] /t
[15/03/2017 14:58:23] /m Gengar
[15/03/2017 14:58:23] /m Gengar
[15/03/2017 14:58:23] /m Gengar
[15/03/2017 14:58:23] /m Gengar
[15/03/2017 14:58:23] /m Gengar
[15/03/2017 14:58:23] /m Gengar
[15/03/2017 14:58:23] /m Gengar
[15/03/2017 14:58:23] /m Gengar
[15/03/2017 14:58:23] /m Gengar
[15/03/2017 14:58:23] /m Gengar
[15/03/2017 14:58:23] /m Gengar
[15/03/2017 14:58:23] /m Gengar
[15/03/2017 14:58:23] /m Gengar
[15/03/2017 14:58:24] /m Gengar
[15/03/2017 14:58:24] /m Gengar
[15/03/2017 14:58:24] /m Gengar
[15/03/2017 14:58:24] /m Gengar
[15/03/2017 14:58:24] /m Gengar
[15/03/2017 14:58:24] /m Gengar
[15/03/2017 14:58:24] /m Gengar
[15/03/2017 14:58:24] /m Gengar
[15/03/2017 14:58:24] /m Gengar
[15/03/2017 14:58:24] /m Gengar
[15/03/2017 14:58:24] /m Gengar
[15/03/2017 14:58:24] /m Gengar
[15/03/2017 14:58:24] /m Gengar
[15/03/2017 14:58:24] /m Gengar
[15/03/2017 14:58:24] /m Gengar
[15/03/2017 14:58:24] /m Gengar
[15/03/2017 14:58:24] /m Gengar
[15/03/2017 14:58:24] /m Gengar
[15/03/2017 14:58:24] /m Gengar
[15/03/2017 14:58:24] /m Gengar
[15/03/2017 14:58:24] /m Gengar
[15/03/2017 14:58:24] /m Gengar
[15/03/2017 14:58:25] /m Gengar
[15/03/2017 14:58:25] /m Gengar
[15/03/2017 14:58:25] /m Gengar
[15/03/2017 14:58:25] /m Gengar
[15/03/2017 14:58:25] /m Gengar
[15/03/2017 14:58:25] /m Gengar
[15/03/2017 14:58:25] /m Gengar
[15/03/2017 14:58:25] /m Gengar
[15/03/2017 14:58:25] /m Gengar
[15/03/2017 14:58:25] /m Gengar
[15/03/2017 14:58:25] /m Gengar
[15/03/2017 14:58:25] /m Gengar
[15/03/2017 14:58:25] /m Gengar
[15/03/2017 14:58:25] /m Gengar
[15/03/2017 14:58:25] /m Gengar
[15/03/2017 14:58:25] /m Gengar
[15/03/2017 14:58:25] /m Gengar
[15/03/2017 14:58:25] /m Gengar
[15/03/2017 14:58:25] /m Gengar
[15/03/2017 14:58:25] /m Gengar
[15/03/2017 14:58:25] /m Gengar
[15/03/2017 14:58:25] /m Gengar
[15/03/2017 14:58:25] /m Gengar
[15/03/2017 14:58:26] /m Gengar
[15/03/2017 14:58:26] /m Gengar
[15/03/2017 14:58:26] /m Gengar
[15/03/2017 14:58:26] /m Gengar
[15/03/2017 14:58:26] /m Gengar
[15/03/2017 14:58:26] /m Gengar
[15/03/2017 14:58:26] /m Gengar
[15/03/2017 14:58:26] /m Gengar
[15/03/2017 14:58:26] /m Gengar
[15/03/2017 14:58:26] /m Gengar
[15/03/2017 14:58:26] /m Gengar
[15/03/2017 14:58:26] /m Gengar
[15/03/2017 14:58:26] /m Gengar
[15/03/2017 14:58:26] /m Gengar
[15/03/2017 14:58:26] /m Gengar
[15/03/2017 14:58:26] /m Gengar
[15/03/2017 14:58:26] /m Gengar
[15/03/2017 14:58:26] /m Gengar
[15/03/2017 14:58:26] /m Gengar
[15/03/2017 14:58:27] /m Gengar
[15/03/2017 14:58:27] /m Gengar
[15/03/2017 14:58:27] /m Gengar
[15/03/2017 14:58:27] /m Gengar
[15/03/2017 14:58:27] /m Gengar
[15/03/2017 14:58:27] /m Gengar
[15/03/2017 14:58:27] /m Gengar
[15/03/2017 14:58:27] /m Gengar
[15/03/2017 14:58:27] /m Gengar
[15/03/2017 14:58:27] /m Gengar
[15/03/2017 14:58:27] /m Gengar
[15/03/2017 14:58:27] /m Gengar
[15/03/2017 14:58:27] /m Gengar
[15/03/2017 14:58:27] /m Gengar
[15/03/2017 14:58:27] /m Gengar
[15/03/2017 14:58:27] /m Gengar
[15/03/2017 14:58:27] /m Gengar
[15/03/2017 14:58:27] /m Gengar
[15/03/2017 14:58:28] /m Gengar
[15/03/2017 14:58:28] /m Gengar
[15/03/2017 14:58:28] /m Gengar
[15/03/2017 14:58:28] /m Gengar
[15/03/2017 14:58:28] /m Gengar
[15/03/2017 14:58:28] /m Gengar
[15/03/2017 14:58:28] /m Gengar
[15/03/2017 14:58:28] /m Gengar
[15/03/2017 14:58:28] /m Gengar
[15/03/2017 14:58:28] /m Gengar
[15/03/2017 14:58:28] /m Gengar
[15/03/2017 14:58:28] /m Gengar
[15/03/2017 14:58:28] /m Gengar
[15/03/2017 14:58:28] /m Gengar
[15/03/2017 14:58:28] /m Gengar
[15/03/2017 14:58:28] /m Gengar
[15/03/2017 14:58:28] /m Gengar
[15/03/2017 14:58:29] /m Gengar
[15/03/2017 14:58:29] /m Gengar
[15/03/2017 14:58:29] /m Gengar
[15/03/2017 14:58:29] /m Gengar
[15/03/2017 14:58:29] /m Gengar
[15/03/2017 14:58:29] /m Gengar
[15/03/2017 14:58:29] /m Gengar
[15/03/2017 14:58:29] /m Gengar
[15/03/2017 14:58:29] /m Gengar
[15/03/2017 14:58:29] /m Gengar
[15/03/2017 14:58:29] /m Gengar
[15/03/2017 14:58:29] /m Gengar
[15/03/2017 14:58:29] /m Gengar
[15/03/2017 14:58:29] /m Gengar
[15/03/2017 14:58:29] /m Gengar
[15/03/2017 14:58:29] /m Gengar
[15/03/2017 14:58:29] /m Gengar
[15/03/2017 14:58:30] /m Gengar
[15/03/2017 14:58:30] /m Gengar
[15/03/2017 14:58:30] /m Gengar
[15/03/2017 14:58:30] /m Gengar
[15/03/2017 14:58:30] /m Gengar
[15/03/2017 14:58:31] /m Gengar
[15/03/2017 14:58:31] /m Gengar
[15/03/2017 14:58:31] /m Gengar
[15/03/2017 14:58:31] /m Gengar
[15/03/2017 14:58:31] /m Gengar
[15/03/2017 14:58:32] /m Gengar
[15/03/2017 14:58:33] /m Gengar
[15/03/2017 14:58:34] /m Gengar
[15/03/2017 14:59:19] /m Gengar
[15/03/2017 14:59:20] /m Gengar
[15/03/2017 14:59:20] /m Gengar
[15/03/2017 14:59:20] /m Gengar
[15/03/2017 14:59:20] /m Gengar
[15/03/2017 14:59:20] /m Gengar
[15/03/2017 14:59:20] /m Gengar
[15/03/2017 14:59:20] /m Gengar
[15/03/2017 14:59:20] /m Gengar
[15/03/2017 14:59:20] /m Gengar
[15/03/2017 14:59:20] /m Gengar
[15/03/2017 14:59:20] /m Gengar
[15/03/2017 14:59:20] /m Gengar
[15/03/2017 14:59:20] /m Gengar
[15/03/2017 14:59:20] /m Gengar
[15/03/2017 14:59:20] /m Gengar
[15/03/2017 14:59:21] /m Gengar
[15/03/2017 14:59:21] /m Gengar
[15/03/2017 14:59:21] /m Gengar
[15/03/2017 14:59:21] /m Gengar
[15/03/2017 14:59:21] /m Gengar
[15/03/2017 14:59:21] /m Gengar
[15/03/2017 14:59:21] /m Gengar
[15/03/2017 14:59:21] /m Gengar
[15/03/2017 14:59:21] /m Gengar
[15/03/2017 14:59:21] /m Gengar
[15/03/2017 14:59:21] /m Gengar
[15/03/2017 14:59:21] /m Gengar
[15/03/2017 14:59:21] /m Gengar
[15/03/2017 14:59:21] /m Gengar
[15/03/2017 14:59:21] /m Gengar
[15/03/2017 14:59:22] /m Gengar
[15/03/2017 14:59:22] /m Gengar
[15/03/2017 14:59:22] /m Gengar
[15/03/2017 14:59:22] /m Gengar
[15/03/2017 14:59:22] /m Gengar
[15/03/2017 14:59:22] /m Gengar
[15/03/2017 14:59:23] /m Gengar
[15/03/2017 14:59:23] /m Gengar
[15/03/2017 14:59:23] /m Gengar
[15/03/2017 14:59:23] /m Gengar
[15/03/2017 14:59:23] /m Gengar
[15/03/2017 14:59:23] /m Gengar
[15/03/2017 14:59:23] /m Gengar
[15/03/2017 14:59:23] /m Gengar
[15/03/2017 14:59:23] /m Gengar
[15/03/2017 14:59:24] /m Gengar
[15/03/2017 14:59:24] /m Gengar
[15/03/2017 14:59:24] /m Gengar
[15/03/2017 14:59:24] /m Gengar
[15/03/2017 14:59:24] /m Gengar
[15/03/2017 14:59:24] /m Gengar
[15/03/2017 14:59:24] /m Gengar
[15/03/2017 14:59:24] /m Gengar
[15/03/2017 14:59:24] /m Gengar
[15/03/2017 14:59:24] /m Gengar
[15/03/2017 14:59:24] /m Gengar
[15/03/2017 14:59:24] /m Gengar
[15/03/2017 14:59:24] /m Gengar
[15/03/2017 14:59:24] /m Gengar
[15/03/2017 14:59:24] /m Gengar
[15/03/2017 14:59:25] /m Gengar
[15/03/2017 14:59:25] /m Gengar
[15/03/2017 14:59:25] /m Gengar
[15/03/2017 14:59:25] /m Gengar
[15/03/2017 14:59:25] /m Gengar
[15/03/2017 14:59:25] /m Gengar
[15/03/2017 14:59:25] /m Gengar
[15/03/2017 14:59:25] /m Gengar
[15/03/2017 14:59:25] /m Gengar
[15/03/2017 14:59:25] /m Gengar
[15/03/2017 14:59:25] /m Gengar
[15/03/2017 14:59:25] /m Gengar
[15/03/2017 14:59:25] /m Gengar
[15/03/2017 14:59:25] /m Gengar
[15/03/2017 14:59:25] /m Gengar
[15/03/2017 14:59:25] /m Gengar
[15/03/2017 14:59:25] /m Gengar
[15/03/2017 14:59:25] /m Gengar
[15/03/2017 14:59:26] /m Gengar
[15/03/2017 14:59:26] /m Gengar
[15/03/2017 14:59:26] /m Gengar
[15/03/2017 14:59:26] /m Gengar
[15/03/2017 14:59:26] /m Gengar
[15/03/2017 14:59:26] /m Gengar
[15/03/2017 14:59:26] /m Gengar
[15/03/2017 14:59:26] /m Gengar
[15/03/2017 14:59:26] /m Gengar
[15/03/2017 14:59:26] /m Gengar
[15/03/2017 14:59:26] /m Gengar
[15/03/2017 14:59:26] /m Gengar
[15/03/2017 14:59:26] /m Gengar
[15/03/2017 14:59:26] /m Gengar
[15/03/2017 14:59:27] /m Gengar
[15/03/2017 14:59:27] /m Gengar
[15/03/2017 14:59:27] /m Gengar
[15/03/2017 14:59:27] /m Gengar
[15/03/2017 14:59:27] /m Gengar
[15/03/2017 14:59:27] /m Gengar
[15/03/2017 14:59:27] /m Gengar
[15/03/2017 14:59:27] /m Gengar
[15/03/2017 14:59:27] /m Gengar
[15/03/2017 14:59:27] /m Gengar
[15/03/2017 14:59:27] /m Gengar
[15/03/2017 14:59:27] /m Gengar
[15/03/2017 14:59:27] /m Gengar
[15/03/2017 14:59:27] /m Gengar
[15/03/2017 14:59:27] /m Gengar
[15/03/2017 14:59:27] /m Gengar
[15/03/2017 14:59:27] /m Gengar
[15/03/2017 14:59:27] /m Gengar
[15/03/2017 14:59:27] /m Gengar
[15/03/2017 14:59:28] /m Gengar
[15/03/2017 14:59:28] /m Gengar
[15/03/2017 14:59:28] /m Gengar
[15/03/2017 14:59:28] /m Gengar
[15/03/2017 14:59:28] /m Gengar
[15/03/2017 14:59:28] /m Gengar
[15/03/2017 14:59:28] /m Gengar
[15/03/2017 14:59:28] /m Gengar
[15/03/2017 14:59:28] /m Gengar
[15/03/2017 14:59:28] /m Gengar
[15/03/2017 14:59:28] /m Gengar
[15/03/2017 14:59:28] /m Gengar
[15/03/2017 14:59:28] /m Gengar
[15/03/2017 14:59:28] /m Gengar
[15/03/2017 15:01:09] /i X-Attack (tier: 7)
[15/03/2017 15:01:24] /m Gengar
[15/03/2017 15:01:24] /m Gengar
[15/03/2017 15:01:24] /m Gengar
[15/03/2017 15:01:24] /m Gengar
[15/03/2017 15:01:24] /m Gengar
[15/03/2017 15:01:24] /m Gengar
[15/03/2017 15:01:24] /m Gengar
[15/03/2017 15:01:25] /m Gengar
[15/03/2017 15:01:25] /m Gengar
[15/03/2017 15:01:25] /m Gengar
[15/03/2017 15:01:25] /m Gengar
[15/03/2017 15:01:25] /m Gengar
[15/03/2017 15:01:25] /m Gengar
[15/03/2017 15:01:25] /m Gengar
[15/03/2017 15:01:25] /m Gengar
[15/03/2017 15:01:25] /m Gengar
[15/03/2017 15:01:25] /m Gengar
[15/03/2017 15:01:25] /m Gengar
[15/03/2017 15:01:25] /m Gengar
[15/03/2017 15:01:25] /m Gengar
[15/03/2017 15:01:25] /m Gengar
[15/03/2017 15:01:25] /m Gengar
[15/03/2017 15:01:25] /m Gengar
[15/03/2017 15:01:25] /m Gengar
[15/03/2017 15:01:25] /m Gengar
[15/03/2017 15:01:26] /m Gengar
[15/03/2017 15:01:26] /m Gengar
[15/03/2017 15:01:26] /m Gengar
[15/03/2017 15:01:26] /m Gengar
[15/03/2017 15:01:26] /m Gengar
[15/03/2017 15:01:26] /m Gengar
[15/03/2017 15:01:26] /m Gengar
[15/03/2017 15:01:26] /m Gengar
[15/03/2017 15:01:26] /m Gengar
[15/03/2017 15:01:27] /m Gengar
[15/03/2017 15:01:27] /m Gengar
[15/03/2017 15:01:27] /m Gengar
[15/03/2017 15:01:27] /m Gengar
[15/03/2017 15:01:27] /m Gengar
[15/03/2017 15:01:27] /m Gengar
[15/03/2017 15:01:27] /m Gengar
[15/03/2017 15:01:27] /m Gengar
[15/03/2017 15:01:27] /m Gengar
[15/03/2017 15:01:27] /m Gengar
[15/03/2017 15:01:27] /m Gengar
[15/03/2017 15:01:27] /m Gengar
[15/03/2017 15:01:27] /m Gengar
[15/03/2017 15:01:27] /m Gengar
[15/03/2017 15:01:27] /m Gengar
[15/03/2017 15:01:28] /m Gengar
[15/03/2017 15:01:29] /m Gengar
[15/03/2017 15:01:29] /m Gengar
[15/03/2017 15:01:29] /m Gengar
[15/03/2017 15:01:29] /m Gengar
[15/03/2017 15:01:29] /m Gengar
[15/03/2017 15:01:29] /m Gengar
[15/03/2017 15:01:29] /m Gengar
[15/03/2017 15:01:29] /m Gengar
[15/03/2017 15:01:29] /m Gengar
[15/03/2017 15:01:29] /m Gengar
[15/03/2017 15:01:29] /m Gengar
[15/03/2017 15:01:30] /m Gengar
[15/03/2017 15:01:30] /m Gengar
[15/03/2017 15:01:30] /m Gengar
[15/03/2017 15:01:30] /m Gengar
[15/03/2017 15:01:30] /m Gengar
[15/03/2017 15:01:30] /m Gengar
[15/03/2017 15:01:30] /m Gengar
[15/03/2017 15:01:30] /m Gengar
[15/03/2017 15:01:30] /m Gengar
[15/03/2017 15:01:30] /m Gengar
[15/03/2017 15:01:30] /m Gengar
[15/03/2017 15:01:30] /m Gengar
[15/03/2017 15:01:30] /m Gengar
[15/03/2017 15:01:30] /m Gengar
[15/03/2017 15:01:30] /m Gengar
[15/03/2017 15:01:30] /m Gengar
[15/03/2017 15:01:30] /m Gengar
[15/03/2017 15:01:30] /m Gengar
[15/03/2017 15:01:30] /m Gengar
[15/03/2017 15:01:30] /m Gengar
[15/03/2017 15:01:30] /m Gengar
[15/03/2017 15:01:30] /m Gengar
[15/03/2017 15:01:31] /m Gengar
[15/03/2017 15:01:31] /m Gengar
[15/03/2017 15:01:31] /m Gengar
[15/03/2017 15:01:31] /m Gengar
[15/03/2017 15:01:31] /m Gengar
[15/03/2017 15:01:31] /m Gengar
[15/03/2017 15:01:31] /m Gengar
[15/03/2017 15:01:31] /m Gengar
[15/03/2017 15:01:31] /m Gengar
[15/03/2017 15:01:31] /m Gengar
[15/03/2017 15:01:31] /m Gengar
[15/03/2017 15:01:31] /m Gengar
[15/03/2017 15:01:31] /m Gengar
[15/03/2017 15:01:31] /m Gengar
[15/03/2017 15:01:31] /m Gengar
[15/03/2017 15:01:31] /m Gengar
[15/03/2017 15:01:32] /m Gengar
[15/03/2017 15:01:32] /m Gengar
[15/03/2017 15:01:32] /m Gengar
[15/03/2017 15:01:32] /m Gengar
[15/03/2017 15:01:32] /m Gengar
[15/03/2017 15:01:32] /m Gengar
[15/03/2017 15:01:32] /m Gengar
[15/03/2017 15:01:32] /m Gengar
[15/03/2017 15:01:32] /m Gengar
[15/03/2017 15:01:32] /m Gengar
[15/03/2017 15:01:32] /m Gengar
[15/03/2017 15:01:32] /m Gengar
[15/03/2017 15:01:32] /m Gengar
[15/03/2017 15:01:32] /m Gengar
[15/03/2017 15:01:32] /m Gengar
[15/03/2017 15:01:32] /m Gengar
[15/03/2017 15:01:32] /m Gengar
[15/03/2017 15:01:32] /m Gengar
[15/03/2017 15:01:32] /m Gengar
[15/03/2017 15:01:32] /m Gengar
[15/03/2017 15:01:32] /m Gengar
[15/03/2017 15:01:33] /m Gengar
[15/03/2017 15:01:33] /m Gengar
[15/03/2017 15:01:33] /m Gengar
[15/03/2017 15:01:33] /m Gengar
[15/03/2017 15:01:33] /m Gengar
[15/03/2017 15:01:33] /m Gengar
[15/03/2017 15:01:33] /m Gengar
[15/03/2017 15:01:33] /m Gengar
[15/03/2017 15:01:33] /m Gengar
[15/03/2017 15:01:33] /m Gengar
[15/03/2017 15:01:33] /m Gengar
[15/03/2017 15:01:33] /m Gengar
[15/03/2017 15:01:33] /m Gengar
[15/03/2017 15:01:34] /m Gengar
[15/03/2017 15:01:34] /m Gengar
[15/03/2017 15:01:34] /m Gengar
[15/03/2017 15:01:34] /m Gengar
[15/03/2017 15:01:34] /m Gengar
[15/03/2017 15:01:34] /m Gengar
[15/03/2017 15:01:34] /m Gengar
[15/03/2017 15:01:34] /m Gengar
[15/03/2017 15:01:34] /m Gengar
[15/03/2017 15:01:34] /m Gengar
[15/03/2017 15:01:34] /m Gengar
[15/03/2017 15:01:34] /m Gengar
[15/03/2017 15:01:34] /m Gengar
[15/03/2017 15:01:34] /m Gengar
[15/03/2017 15:01:34] /m Gengar
[15/03/2017 15:01:34] /m Gengar
[15/03/2017 15:01:34] /m Gengar
[15/03/2017 15:01:35] /m Gengar
[15/03/2017 15:01:35] /m Gengar
[15/03/2017 15:01:35] /m Gengar
[15/03/2017 15:01:35] /m Gengar
[15/03/2017 15:01:35] /m Gengar
[15/03/2017 15:01:35] /m Gengar
[15/03/2017 15:01:35] /m Gengar
[15/03/2017 15:01:35] /m Gengar
[15/03/2017 15:01:35] /m Gengar
[15/03/2017 15:01:35] /m Gengar
[15/03/2017 15:01:35] /m Gengar
[15/03/2017 15:01:35] /m Gengar
[15/03/2017 15:01:35] /m Gengar
[15/03/2017 15:01:35] /m Gengar
[15/03/2017 15:01:35] /m Gengar
[15/03/2017 15:01:35] /m Gengar
[15/03/2017 15:01:36] /m Gengar
[15/03/2017 15:01:36] /m Gengar
[15/03/2017 15:01:36] /m Gengar
[15/03/2017 15:01:36] /m Gengar
[15/03/2017 15:01:36] /m Gengar
[15/03/2017 15:01:36] /m Gengar
[15/03/2017 15:01:36] /m Gengar
[15/03/2017 15:01:36] /m Gengar
[15/03/2017 15:01:36] /m Gengar
[15/03/2017 15:01:36] /m Gengar
[15/03/2017 15:01:36] /m Gengar
[15/03/2017 15:01:36] /m Gengar
[15/03/2017 15:01:36] /m Gengar
[15/03/2017 15:01:36] /m Gengar
[15/03/2017 15:01:36] /m Gengar
[15/03/2017 15:01:36] /m Gengar
[15/03/2017 15:01:36] /m Gengar
[15/03/2017 15:01:37] /m Gengar
[15/03/2017 15:01:37] /m Gengar
[15/03/2017 15:01:37] /m Gengar
[15/03/2017 15:01:37] /m Gengar
[15/03/2017 15:01:37] /m Gengar
[15/03/2017 15:01:37] /m Gengar
[15/03/2017 15:01:37] /m Gengar
[15/03/2017 15:01:37] /m Gengar
[15/03/2017 15:01:37] /m Gengar
[15/03/2017 15:01:37] /m Gengar
[15/03/2017 15:01:37] /m Gengar
[15/03/2017 15:01:37] /m Gengar
[15/03/2017 15:01:37] /m Gengar
[15/03/2017 15:01:37] /m Gengar
[15/03/2017 15:01:38] /m Gengar
[15/03/2017 15:01:38] /m Gengar
[15/03/2017 15:01:38] /m Gengar
[15/03/2017 15:01:38] /m Gengar
[15/03/2017 15:01:38] /m Gengar
[15/03/2017 15:01:38] /m Gengar
[15/03/2017 15:01:38] /m Gengar
[15/03/2017 15:01:38] /m Gengar
[15/03/2017 15:01:38] /m Gengar
[15/03/2017 15:01:38] /m Gengar
[15/03/2017 15:01:38] /m Gengar
[15/03/2017 15:02:52] /n Diaria Katarina
[15/03/2017 15:03:35] /reload npc
[15/03/2017 15:03:40] /n Diaria Katarina
[15/03/2017 15:04:04] /m Farfetch'd
[15/03/2017 15:04:04] /m Farfetch'd
[15/03/2017 15:04:05] /m Farfetch'd
[15/03/2017 15:04:05] /m Farfetch'd
[15/03/2017 15:04:05] /m Farfetch'd
[15/03/2017 15:04:05] /m Farfetch'd
[15/03/2017 15:04:05] /m Farfetch'd
[15/03/2017 15:04:05] /m Farfetch'd
[15/03/2017 15:04:05] /m Farfetch'd
[15/03/2017 15:04:05] /m Farfetch'd
[15/03/2017 15:04:05] /m Farfetch'd
[15/03/2017 15:04:05] /m Farfetch'd
[15/03/2017 15:04:05] /m Farfetch'd
[15/03/2017 15:04:05] /m Farfetch'd
[15/03/2017 15:04:05] /m Farfetch'd
[15/03/2017 15:04:05] /m Farfetch'd
[15/03/2017 15:04:05] /m Farfetch'd
[15/03/2017 15:04:05] /m Farfetch'd
[15/03/2017 15:04:05] /m Farfetch'd
[15/03/2017 15:04:05] /m Farfetch'd
[15/03/2017 15:04:05] /m Farfetch'd
[15/03/2017 15:04:05] /m Farfetch'd
[15/03/2017 15:04:05] /m Farfetch'd
[15/03/2017 15:04:05] /m Farfetch'd
[15/03/2017 15:04:06] /m Farfetch'd
[15/03/2017 15:04:06] /m Farfetch'd
[15/03/2017 15:04:06] /m Farfetch'd
[15/03/2017 15:04:06] /m Farfetch'd
[15/03/2017 15:04:06] /m Farfetch'd
[15/03/2017 15:04:06] /m Farfetch'd
[15/03/2017 15:04:06] /m Farfetch'd
[15/03/2017 15:04:06] /m Farfetch'd
[15/03/2017 15:04:06] /m Farfetch'd
[15/03/2017 15:04:06] /m Farfetch'd
[15/03/2017 15:04:06] /m Farfetch'd
[15/03/2017 15:04:06] /m Farfetch'd
[15/03/2017 15:04:06] /m Farfetch'd
[15/03/2017 15:04:06] /m Farfetch'd
[15/03/2017 15:04:06] /m Farfetch'd
[15/03/2017 15:04:06] /m Farfetch'd
[15/03/2017 15:04:06] /m Farfetch'd
[15/03/2017 15:04:06] /m Farfetch'd
[15/03/2017 15:04:06] /m Farfetch'd
[15/03/2017 15:04:07] /m Farfetch'd
[15/03/2017 15:04:07] /m Farfetch'd
[15/03/2017 15:04:07] /m Farfetch'd
[15/03/2017 15:04:07] /m Farfetch'd
[15/03/2017 15:04:07] /m Farfetch'd
[15/03/2017 15:04:07] /m Farfetch'd
[15/03/2017 15:04:07] /m Farfetch'd
[15/03/2017 15:04:07] /m Farfetch'd
[15/03/2017 15:04:07] /m Farfetch'd
[15/03/2017 15:04:07] /m Farfetch'd
[15/03/2017 15:04:07] /m Farfetch'd
[15/03/2017 15:04:07] /m Farfetch'd
[15/03/2017 15:04:07] /m Farfetch'd
[15/03/2017 15:04:07] /m Farfetch'd
[15/03/2017 15:04:07] /m Farfetch'd
[15/03/2017 15:04:07] /m Farfetch'd
[15/03/2017 15:04:07] /m Farfetch'd
[15/03/2017 15:04:07] /m Farfetch'd
[15/03/2017 15:04:07] /m Farfetch'd
[15/03/2017 15:04:07] /m Farfetch'd
[15/03/2017 15:04:07] /m Farfetch'd
[15/03/2017 15:04:07] /m Farfetch'd
[15/03/2017 15:04:16] /m Farfetch'd
[15/03/2017 15:04:16] /m Farfetch'd
[15/03/2017 15:04:16] /m Farfetch'd
[15/03/2017 15:04:17] /m Farfetch'd
[15/03/2017 15:04:17] /m Farfetch'd
[15/03/2017 15:04:17] /m Farfetch'd
[15/03/2017 15:04:17] /m Farfetch'd
[15/03/2017 15:04:18] /m Farfetch'd
[15/03/2017 15:04:18] /m Farfetch'd
[15/03/2017 15:04:18] /m Farfetch'd
[15/03/2017 15:04:19] /m Farfetch'd
[15/03/2017 15:04:19] /m Farfetch'd
[15/03/2017 15:04:19] /m Farfetch'd
[15/03/2017 15:04:19] /m Farfetch'd
[15/03/2017 15:04:19] /m Farfetch'd
[15/03/2017 15:04:19] /m Farfetch'd
[15/03/2017 15:04:19] /m Farfetch'd
[15/03/2017 15:04:20] /m Farfetch'd
[15/03/2017 15:04:20] /m Farfetch'd
[15/03/2017 15:04:20] /m Farfetch'd
[15/03/2017 15:04:20] /m Farfetch'd
[15/03/2017 15:04:20] /m Farfetch'd
[15/03/2017 15:04:20] /m Farfetch'd
[15/03/2017 15:04:20] /m Farfetch'd
[15/03/2017 15:04:20] /m Farfetch'd
[15/03/2017 15:04:20] /m Farfetch'd
[15/03/2017 15:04:20] /m Farfetch'd
[15/03/2017 15:04:20] /m Farfetch'd
[15/03/2017 15:04:20] /m Farfetch'd
[15/03/2017 15:04:20] /m Farfetch'd
[15/03/2017 15:04:20] /m Farfetch'd
[15/03/2017 15:04:20] /m Farfetch'd
[15/03/2017 15:04:20] /m Farfetch'd
[15/03/2017 15:04:20] /m Farfetch'd
[15/03/2017 15:04:20] /m Farfetch'd
[15/03/2017 15:04:20] /m Farfetch'd
[15/03/2017 15:04:21] /m Farfetch'd
[15/03/2017 15:04:21] /m Farfetch'd
[15/03/2017 15:04:21] /m Farfetch'd
[15/03/2017 15:04:21] /m Farfetch'd
[15/03/2017 15:04:21] /m Farfetch'd
[15/03/2017 15:04:21] /m Farfetch'd
[15/03/2017 15:04:21] /m Farfetch'd
[15/03/2017 15:04:21] /m Farfetch'd
[15/03/2017 15:04:21] /m Farfetch'd
[15/03/2017 15:04:21] /m Farfetch'd
[15/03/2017 15:04:21] /m Farfetch'd
[15/03/2017 15:04:21] /m Farfetch'd
[15/03/2017 15:04:21] /m Farfetch'd
[15/03/2017 15:04:21] /m Farfetch'd
[15/03/2017 15:04:21] /m Farfetch'd
[15/03/2017 15:04:22] /m Farfetch'd
[15/03/2017 15:04:22] /m Farfetch'd
[15/03/2017 15:04:22] /m Farfetch'd
[15/03/2017 15:04:22] /m Farfetch'd
[15/03/2017 15:04:22] /m Farfetch'd
[15/03/2017 15:04:22] /m Farfetch'd
[15/03/2017 15:04:22] /m Farfetch'd
[15/03/2017 15:04:22] /m Farfetch'd
[15/03/2017 15:04:22] /m Farfetch'd
[15/03/2017 15:04:22] /m Farfetch'd
[15/03/2017 15:04:22] /m Farfetch'd
[15/03/2017 15:04:22] /m Farfetch'd
[15/03/2017 15:04:22] /m Farfetch'd
[15/03/2017 15:04:22] /m Farfetch'd
[15/03/2017 15:04:22] /m Farfetch'd
[15/03/2017 15:04:22] /m Farfetch'd
[15/03/2017 15:04:23] /m Farfetch'd
[15/03/2017 15:04:23] /m Farfetch'd
[15/03/2017 15:04:23] /m Farfetch'd
[15/03/2017 15:04:23] /m Farfetch'd
[15/03/2017 15:04:23] /m Farfetch'd
[15/03/2017 15:04:23] /m Farfetch'd
[15/03/2017 15:04:23] /m Farfetch'd
[15/03/2017 15:04:23] /m Farfetch'd
[15/03/2017 15:04:23] /m Farfetch'd
[15/03/2017 15:04:23] /m Farfetch'd
[15/03/2017 15:04:23] /m Farfetch'd
[15/03/2017 15:04:23] /m Farfetch'd
[15/03/2017 15:04:23] /m Farfetch'd
[15/03/2017 15:43:57] /m Onix
[15/03/2017 15:43:58] /m Onix
[15/03/2017 15:44:06] /m Onix
[15/03/2017 15:44:06] /m Onix
[15/03/2017 15:44:06] /m Onix
[15/03/2017 15:44:06] /m Onix
[15/03/2017 15:44:06] /m Onix
[15/03/2017 15:44:06] /m Onix
[15/03/2017 15:44:06] /m Onix
[15/03/2017 15:44:07] /m Onix
[15/03/2017 15:44:07] /m Onix
[15/03/2017 15:44:07] /m Onix
[15/03/2017 15:44:07] /m Onix
[15/03/2017 15:44:07] /m Onix
[15/03/2017 15:44:07] /m Onix
[15/03/2017 15:44:07] /m Onix
[15/03/2017 15:44:07] /m Onix
[15/03/2017 15:44:07] /m Onix
[15/03/2017 15:44:07] /m Onix
[15/03/2017 15:44:07] /m Onix
[15/03/2017 15:44:07] /m Onix
[15/03/2017 15:44:07] /m Onix
[15/03/2017 15:44:07] /m Onix
[15/03/2017 15:44:07] /m Onix
[15/03/2017 15:44:07] /m Onix
[15/03/2017 15:44:07] /m Onix
[15/03/2017 15:44:08] /m Onix
[15/03/2017 15:44:08] /m Onix
[15/03/2017 15:44:08] /m Onix
[15/03/2017 15:44:09] /m Onix
[15/03/2017 15:44:09] /m Onix
[15/03/2017 15:44:09] /m Onix
[15/03/2017 15:44:09] /m Onix
[15/03/2017 15:44:09] /m Onix
[15/03/2017 15:44:09] /m Onix
[15/03/2017 15:44:09] /m Onix
[15/03/2017 15:44:09] /m Onix
[15/03/2017 15:44:09] /m Onix
[15/03/2017 15:44:09] /m Onix
[15/03/2017 15:44:09] /m Onix
[15/03/2017 15:44:09] /m Onix
[15/03/2017 15:44:09] /m Onix
[15/03/2017 15:44:10] /m Onix
[15/03/2017 15:44:10] /m Onix
[15/03/2017 15:44:10] /m Onix
[15/03/2017 15:44:10] /m Onix
[15/03/2017 15:44:10] /m Onix
[15/03/2017 15:44:10] /m Onix
[15/03/2017 15:44:10] /m Onix
[15/03/2017 15:44:10] /m Onix
[15/03/2017 15:44:10] /m Onix
[15/03/2017 15:44:10] /m Onix
[15/03/2017 15:44:10] /m Onix
[15/03/2017 15:44:10] /m Onix
[15/03/2017 15:44:10] /m Onix
[15/03/2017 15:44:10] /m Onix
[15/03/2017 15:44:10] /m Onix
[15/03/2017 15:44:10] /m Onix
[15/03/2017 15:44:14] /m Onix
[15/03/2017 15:44:14] /m Onix
[15/03/2017 15:44:14] /m Onix
[15/03/2017 15:44:14] /m Onix
[15/03/2017 15:44:15] /m Onix
[15/03/2017 15:44:15] /m Onix
[15/03/2017 15:44:15] /m Onix
[15/03/2017 15:44:15] /m Onix
[15/03/2017 15:44:15] /m Onix
[15/03/2017 15:44:15] /m Onix
[15/03/2017 15:44:16] /m Onix
[15/03/2017 15:44:16] /m Onix
[15/03/2017 15:44:16] /m Onix
[15/03/2017 15:44:16] /m Onix
[15/03/2017 15:44:16] /m Onix
[15/03/2017 15:44:16] /m Onix
[15/03/2017 15:44:16] /m Onix
[15/03/2017 15:44:16] /m Onix
[15/03/2017 15:44:16] /m Onix
[15/03/2017 15:44:16] /m Onix
[15/03/2017 15:44:16] /m Onix
[15/03/2017 15:44:16] /m Onix
[15/03/2017 15:44:16] /m Onix
[15/03/2017 15:44:16] /m Onix
[15/03/2017 15:44:16] /m Onix
[15/03/2017 15:44:16] /m Onix
[15/03/2017 15:44:16] /m Onix
[15/03/2017 15:44:16] /m Onix
[15/03/2017 15:44:16] /m Onix
[15/03/2017 15:44:16] /m Onix
[15/03/2017 15:44:16] /m Onix
[15/03/2017 15:44:17] /m Onix
[15/03/2017 15:44:17] /m Onix
[15/03/2017 15:46:54] /reload npc
[15/03/2017 15:48:11] /n miro
[15/03/2017 15:48:52] /n DiariaMiro
[15/03/2017 15:51:10] /reload npc
[15/03/2017 15:51:15] /n DiariaMiro
[15/03/2017 15:51:47] /reload npc
[15/03/2017 15:52:59] /goto War Farfetch'd
[15/03/2017 15:57:05] /m Ancient Meganium
[15/03/2017 15:57:19] /n DiariaMiro
[15/03/2017 15:57:45] /goto Furious Scythers
[15/03/2017 15:57:48] /goto Furious Scyther
[15/03/2017 15:58:01] /goto Enigmatic Girafarig
[15/03/2017 15:58:19] /n DiariaMiro
[15/03/2017 15:58:41] /goto War Farfetch
[15/03/2017 15:58:45] /goto War Farfetch'd
[15/03/2017 15:58:55] /n DiariaMiro
[15/03/2017 17:28:21] /t
[15/03/2017 17:29:16] /reload actions
[15/03/2017 17:34:13] /reload actions
[15/03/2017 17:34:17] /i 17564
[15/03/2017 17:37:06] /reload actions
[15/03/2017 17:42:50] /reload actions
[15/03/2017 17:43:43] /reload actions
[15/03/2017 17:44:20] /reload actions
[15/03/2017 17:44:58] /reload actions
[15/03/2017 17:47:28] /reload actions
[15/03/2017 17:47:51] /reload actions
[15/03/2017 17:48:48] /reload actions
[15/03/2017 17:49:05] /reload actions
[15/03/2017 17:49:17] /reload actions
[15/03/2017 17:50:28] /reload actions
[15/03/2017 17:51:13] /reload actions
[15/03/2017 17:52:53] /reload actions
[15/03/2017 22:45:05] /n Npc Troca
[15/03/2017 22:46:04] /reload npc
[15/03/2017 22:46:08] /n Npc Troca
[15/03/2017 22:46:34] /i 1234
[16/03/2017 14:54:22] /i yellow Feather
[16/03/2017 14:55:13] /reload actions
[16/03/2017 14:55:58] /i electric box
[16/03/2017 14:56:58] /m Raichu Magnet
[16/03/2017 16:15:43] /t
[16/03/2017 16:56:36] /t
[16/03/2017 17:01:17] /t
[16/03/2017 17:01:32] /r
[16/03/2017 17:13:06] /down
[16/03/2017 17:14:12] /t
[16/03/2017 17:14:20] /m Shiny Ariados
[17/03/2017 20:16:24] /m Ludicolo
[17/03/2017 20:17:52] /m Lotad
[17/03/2017 20:19:41] /m Blaziken
[17/03/2017 20:19:51] /m Blaziken
[17/03/2017 21:01:33] /addskill [ADM] Smoke,lvl,80
[17/03/2017 21:03:57] /m Ancient Meganium
[17/03/2017 21:04:13] /t
[17/03/2017 21:05:17] /t
[18/03/2017 09:22:06] /m brute farfetch'd
[18/03/2017 09:22:17] /m Blaziken
[18/03/2017 09:22:55] /goto swampert
[18/03/2017 09:23:07] /goto nuzleaf
[18/03/2017 09:59:48] /t
[18/03/2017 10:15:01] /bc green aogra
[18/03/2017 10:24:43] /m Shiny Scizor
[18/03/2017 10:25:32] /m shiny kabutops
[18/03/2017 10:32:24] /m Shiny Scizor
[18/03/2017 10:42:49] /m shiny scizor
[18/03/2017 19:31:52] /i 2149
[18/03/2017 19:43:03] /m Shiny Magmar
[18/03/2017 19:43:14] /r
[18/03/2017 19:43:21] /m Shiny Golduck
[18/03/2017 19:43:48] /m Charizard
[18/03/2017 19:45:04] /i pot with fire
[18/03/2017 19:47:25] /i 12151
[18/03/2017 19:47:29] /t
[18/03/2017 19:51:06] /t
[18/03/2017 19:51:43] /t
[18/03/2017 19:52:10] /t
[18/03/2017 19:53:16] /t
[18/03/2017 19:56:22] /i fire stone
[18/03/2017 19:56:58] /t
