[30/01/2017 22:19:38] /m caterpie
[30/01/2017 22:19:53] /m Charizard Flame
[30/01/2017 22:20:28] /reload monsters
[30/01/2017 22:20:39] /m Flame Charizard
[30/01/2017 22:20:48] /m Charizard Flame
[30/01/2017 22:21:37] /reload monsters
[30/01/2017 22:22:04] /reload monsters
[30/01/2017 22:22:17] /m Charizard Flame
[30/01/2017 22:23:26] /m Charmander Flame
[30/01/2017 22:24:16] /m Flame Charmileon
[30/01/2017 22:24:23] /m Charmileon Flame
[30/01/2017 22:24:31] /m Charmeleon flame
[30/01/2017 22:24:45] /m Moltres
[30/01/2017 22:27:31] /m Charizard FLame 
[30/01/2017 22:27:32] /m Charizard FLame 
[30/01/2017 22:27:32] /m Charizard FLame 
[30/01/2017 22:27:33] /m Charizard FLame 
[30/01/2017 22:27:34] /m Charizard FLame /m Charizard FLame 
[30/01/2017 22:27:35] /m Charizard FLame 
[30/01/2017 22:27:35] /m Charizard FLame 
[30/01/2017 22:27:36] /m Charizard FLame 
[30/01/2017 22:27:36] /m Charizard FLame 
[30/01/2017 23:33:23] /up
[30/01/2017 23:35:28] /reload actions
[30/01/2017 23:36:16] /t
[30/01/2017 23:37:13] /reload actions
[30/01/2017 23:38:19] /t
[30/01/2017 23:38:23] /reload actions
[30/01/2017 23:39:15] /reload actions
[30/01/2017 23:39:54] /reload actions
[30/01/2017 23:40:05] /reload actions
[30/01/2017 23:40:32] /reload actions
[30/01/2017 23:42:31] /reload actions
[01/02/2017 21:58:20] /i 17254
[01/02/2017 22:02:43] /i pokebox 4
[01/02/2017 22:03:19] /i 17252
[01/02/2017 22:03:47] /i 17245
[01/02/2017 22:03:53] /reload actions
[01/02/2017 22:04:10] /i 17245
[01/02/2017 22:04:15] /i 17245
[01/02/2017 22:04:53] /reload actions
[01/02/2017 22:05:00] /i 17245
[01/02/2017 22:05:05] /i 17245
[01/02/2017 22:06:20] /reload actions
[01/02/2017 22:06:34] /reload actions
[01/02/2017 22:07:29] /reload actions
[01/02/2017 22:07:35] /i 17254
[01/02/2017 22:07:43] /i 17245
[01/02/2017 22:07:48] /i 17245
[01/02/2017 22:08:31] /i 17245
[01/02/2017 22:08:37] /reload actions
[01/02/2017 22:08:40] /i 17245
[01/02/2017 22:08:47] /i 17245
[01/02/2017 22:08:48] /i 17245
[01/02/2017 22:09:09] /reload actions
[01/02/2017 22:09:12] /i 17245
[01/02/2017 22:09:17] /i 17245
[01/02/2017 22:09:19] /i 17245
[01/02/2017 22:09:22] /i 17245
[01/02/2017 22:09:23] /i 17245
[01/02/2017 22:09:23] /i 17245
[01/02/2017 22:11:58] /reload actions
[01/02/2017 22:12:03] /i 17245
[01/02/2017 22:12:17] /i 17245
[01/02/2017 22:12:18] /i 17245
[01/02/2017 22:12:23] /i 17245
[01/02/2017 22:12:24] /i 17245
[01/02/2017 22:12:25] /i 17245
[01/02/2017 22:12:25] /i 17245
[01/02/2017 22:13:10] /reload actions
[01/02/2017 22:13:13] /i 17245
[01/02/2017 22:13:14] /i 17245
[01/02/2017 22:13:14] /i 17245
[01/02/2017 22:17:18] /i 11640
[01/02/2017 22:17:19] /i 11640
[01/02/2017 22:17:20] /i 11640
[01/02/2017 22:18:09] /reload actions
[01/02/2017 22:18:16] /i 17245
[01/02/2017 22:18:21] /i 17245
[01/02/2017 22:18:22] /i 17245
[02/02/2017 16:29:16] /i 17245
[02/02/2017 16:29:19] /i 17259
[02/02/2017 16:30:05] /i 17259
[02/02/2017 16:30:06] /i 17259
[02/02/2017 16:30:13] /i 17259
[02/02/2017 16:30:14] /i 17259
[02/02/2017 16:30:15] /i 17259
[02/02/2017 16:30:29] /i 17259
[02/02/2017 16:30:31] /i 17259
[02/02/2017 16:30:32] /i 17259
[02/02/2017 16:30:50] /i 17259
[02/02/2017 16:30:50] /i 17259
[02/02/2017 16:30:51] /i 17259
[02/02/2017 16:30:51] /i 17259
[02/02/2017 16:32:07] /i 17265
[02/02/2017 16:32:23] /i 17266
[02/02/2017 16:33:21] /i 17262
[02/02/2017 16:35:05] /i 17273
[02/02/2017 16:55:05] /i 17243
[02/02/2017 16:56:24] /i 17242
[02/02/2017 16:56:33] /i 2149
[02/02/2017 17:03:10] /i 17243
[02/02/2017 17:03:16] /i 17254
[02/02/2017 17:03:32] /i Fire Box Shiny
[02/02/2017 17:03:56] /i 17119
[02/02/2017 17:04:11] /i 17244
[02/02/2017 17:04:21] /i Moltres Rare Card Box
[02/02/2017 17:06:08] /i 17243
[02/02/2017 17:06:23] /i 1555699
[03/02/2017 13:52:57] /i 17144
[03/02/2017 13:53:02] /i 17143
[03/02/2017 13:57:52] /t
[03/02/2017 13:58:17] /i 17242
[03/02/2017 13:58:27] /i 17171
[03/02/2017 13:59:52] /t
[03/02/2017 14:00:11] /i 17239
[03/02/2017 14:01:51] /i 17245
[03/02/2017 14:02:35] /i Fire Shiny Box
[03/02/2017 14:02:44] /i 17245
[03/02/2017 14:04:02] /reload actions
[03/02/2017 14:04:04] /t
[03/02/2017 14:05:14] /t
[03/02/2017 14:16:08] /i 16391
[03/02/2017 14:16:10] /i 16391
[03/02/2017 14:16:25] /i 16405
[03/02/2017 14:16:37] /i 17102
[03/02/2017 14:25:04] /i 17101
[03/02/2017 14:25:46] /i 16391
[03/02/2017 14:25:55] /i 16405
[03/02/2017 14:26:12] /i 17102
[03/02/2017 14:26:15] /i 17102
[03/02/2017 14:26:30] /i 17103
[03/02/2017 14:27:34] /i 17104
[03/02/2017 14:27:37] /i 17105
[03/02/2017 14:31:17] /i 17105
[03/02/2017 14:31:22] /i 17104
[03/02/2017 14:31:48] /i 17104
[03/02/2017 14:31:49] /i 17104
[03/02/2017 14:31:51] /i 17105
[03/02/2017 14:31:53] /i 17105
[03/02/2017 14:32:17] /i Fire Shiny Box
[03/02/2017 14:32:36] /i Fire Shiny Box
[03/02/2017 14:32:39] /i Fire Shiny Box
[03/02/2017 14:32:40] /i Fire Shiny Box
[03/02/2017 14:32:48] /i Fire Shiny Box
[03/02/2017 14:32:48] /i Fire Shiny Box
[03/02/2017 14:32:49] /i Fire Shiny Box
[03/02/2017 14:32:56] /i Fire Shiny Box
[03/02/2017 14:32:57] /i Fire Shiny Box
[03/02/2017 14:32:57] /i Fire Shiny Box
[03/02/2017 22:42:39] /n Moltres Shop
[03/02/2017 22:42:43] /n Moltres TP
[03/02/2017 22:42:53] /i 12151
[03/02/2017 22:49:21] /t
[03/02/2017 22:50:23] /goto charizard
[03/02/2017 22:51:38] /m magmar
[03/02/2017 22:51:55] /m magmar
[03/02/2017 22:52:05] /m magmar
[03/02/2017 22:52:06] /m magmar
[03/02/2017 22:52:07] /m magmar
[03/02/2017 22:52:25] /m Arcanine
[03/02/2017 22:52:48] /m Rapidash
[03/02/2017 22:53:48] /t
[03/02/2017 22:53:53] /reload npc
[03/02/2017 22:54:15] /i 12342
[03/02/2017 22:57:47] /reload npc
[03/02/2017 22:57:55] /t
[03/02/2017 22:58:10] /t
[03/02/2017 23:00:12] /reload npc
[03/02/2017 23:00:20] /n teste
[03/02/2017 23:00:36] /i 12334
[03/02/2017 23:00:38] /i 12334
[03/02/2017 23:00:51] /i 12334
[03/02/2017 23:00:52] /i 12334
[03/02/2017 23:01:48] /i Moltres Card Box
[03/02/2017 23:04:11] /reload npc
[03/02/2017 23:04:17] /r
[03/02/2017 23:04:20] /n teste
[03/02/2017 23:04:43] /reload npc
[03/02/2017 23:05:17] /reload npc
[03/02/2017 23:09:13] /r
[03/02/2017 23:09:16] /reload npc
[03/02/2017 23:09:22] /n Moltres Shop
[03/02/2017 23:09:29] /n Moltres Shop2
[03/02/2017 23:10:16] /i Moltres Rare Card Box
[03/02/2017 23:10:17] /i Moltres Rare Card Box
[03/02/2017 23:10:18] /i Moltres Rare Card Box
[03/02/2017 23:10:18] /i Moltres Rare Card Box
[03/02/2017 23:12:21] /i 17249
[03/02/2017 23:12:40] /i 17140
[03/02/2017 23:13:04] /i 11641
[03/02/2017 23:13:19] /reload actions
[03/02/2017 23:13:29] /i 12151
[03/02/2017 23:13:57] /i 12151
[03/02/2017 23:13:59] /i 12151
[03/02/2017 23:14:58] /i 17102
[03/02/2017 23:15:01] /i 17103
[03/02/2017 23:15:13] /i 17101
[03/02/2017 23:15:51] /i 17102
[03/02/2017 23:15:56] /i 17101
[03/02/2017 23:34:18] /i Shiny BOx
[03/02/2017 23:34:21] /i Fire Shiny Box
[03/02/2017 23:34:40] /i hi
[03/02/2017 23:34:51] /t
[03/02/2017 23:35:12] /i 17104
[03/02/2017 23:35:17] /i 17105
[03/02/2017 23:35:33] /i 17105
[03/02/2017 23:35:33] /i 17105
[03/02/2017 23:35:34] /i 17105
[03/02/2017 23:35:50] /i 17103
[03/02/2017 23:35:52] /i 17103
[03/02/2017 23:35:53] /i 17103
[03/02/2017 23:36:20] /i 17104
