[13/08/2016 11:24:02] /addskill ADM,lvl,150
[13/08/2016 11:24:11] /i Aggronite
[13/08/2016 11:24:41] /goto Mythusz
[13/08/2016 11:26:47] /i rare candy
[13/08/2016 11:27:23] /t
[13/08/2016 11:29:20] /addskill Jacu Preto,lvl,15
[13/08/2016 11:30:16] /m shiny gyarados
[13/08/2016 11:30:26] /r
[13/08/2016 11:31:12] /m shiny scyther
[13/08/2016 11:35:25] /r
[13/08/2016 11:38:30] /bc green Bug Depot jaja sera resolvido
[06/10/2016 16:54:37] /m Shiny Pinsir
[06/10/2016 16:54:44] /r
[06/10/2016 16:55:58] /t
[06/10/2016 16:56:07] /m Gyarados
[06/10/2016 16:57:08] /i revive
[06/10/2016 16:58:37] /t
[06/10/2016 16:59:43] /i Water Box Rank D
[06/10/2016 16:59:51] /i 1701
[06/10/2016 17:00:00] /i 17101
[06/10/2016 17:00:05] /i 17102
[06/10/2016 17:00:07] /i 17104
[06/10/2016 17:00:13] /i 17103
[06/10/2016 17:00:18] /t
[06/10/2016 17:00:40] /i 17103
[06/10/2016 17:00:47] /i 17103
[06/10/2016 17:00:50] /i 17103
[06/10/2016 17:00:53] /i 17103
[06/10/2016 17:00:57] /i 17103
[06/10/2016 17:01:00] /i 17103
[06/10/2016 17:01:00] /i 17103
[06/10/2016 17:01:05] /i 17103
[06/10/2016 17:01:05] /i 17103
[06/10/2016 17:01:17] /i 17103
[06/10/2016 17:01:18] /i 17103
[06/10/2016 17:01:18] /i 17103
[06/10/2016 17:01:25] /i 17103
[06/10/2016 17:01:26] /i 17103
[06/10/2016 17:01:28] /i 17103
[06/10/2016 17:01:29] /i 17103
[06/10/2016 17:01:31] /i 17103
[06/10/2016 17:02:54] /i 15607
[06/10/2016 17:03:39] /t
[07/10/2016 16:15:30] /i esmerald
[07/10/2016 16:16:09] /i emerald
[07/10/2016 16:16:22] /i 2149
[07/10/2016 16:16:26] /i 2149
[07/10/2016 16:16:27] /i 2149
[07/10/2016 16:16:28] /i 2149
[07/10/2016 16:16:29] /i 2149
[07/10/2016 16:17:28] /addskill ADM,lvl 20
[07/10/2016 16:17:34] /addskill ADM,lvl 20
[07/10/2016 16:17:41] /addskill ADM,lvl,20
[07/10/2016 16:17:45] /addskill ADM,lvl,30
[07/10/2016 16:20:15] /r
[07/10/2016 16:20:16] /r
[07/10/2016 16:20:18] /r
[07/10/2016 16:22:06] /t
[07/10/2016 16:22:11] /i Dark box D
[29/10/2016 15:08:04] /t
[29/10/2016 15:13:53] /t
[29/10/2016 15:36:08] /m shiny cubone
[29/10/2016 15:36:39] /m shiny charizard
[29/10/2016 16:05:03] /r
[29/10/2016 16:05:05] /r
[29/10/2016 16:06:03] /addskill ADM,lvl,100
[29/10/2016 16:06:24] /addskill ADM,lvl,100
[30/03/2017 17:25:39] /a 50
[30/03/2017 17:25:43] /t
[30/03/2017 17:25:50] /goto venusaur
[30/03/2017 17:26:08] /t
[30/03/2017 17:26:13] /a 30
[30/03/2017 17:30:55] /b online!
[30/03/2017 17:31:01] /t
[30/03/2017 17:31:04] /ghost
[30/03/2017 17:31:08] /ghost
[30/03/2017 17:36:02] /goto protox
[30/03/2017 17:37:40] /t
[30/03/2017 17:38:30] /goto mutante
[30/03/2017 17:38:45] /goto allan
[30/03/2017 17:38:50] /goto hidden
[30/03/2017 17:40:52] /goto shiny raticate
[30/03/2017 17:40:56] /goto shiny ratata
[30/03/2017 17:41:22] /t
[30/03/2017 17:42:38] /goto shny gyarados
[30/03/2017 17:42:44] /goto shiny tangla
[30/03/2017 17:42:48] /goto shiny tangela
[30/03/2017 17:42:59] /a
[30/03/2017 17:42:59] /a
[30/03/2017 17:43:08] /a
[30/03/2017 17:43:12] /a
[30/03/2017 17:43:12] /a
[30/03/2017 17:43:12] /a
[30/03/2017 17:43:14] /a
[30/03/2017 17:43:14] /a
[30/03/2017 17:43:15] /a
[30/03/2017 17:43:15] /a
[30/03/2017 17:43:16] /a
[30/03/2017 17:43:25] /a
[30/03/2017 17:43:25] /a
[30/03/2017 17:43:26] /a
[30/03/2017 17:43:33] /a
[30/03/2017 17:43:33] /a
[30/03/2017 17:43:33] /a
[30/03/2017 17:43:33] /a
[30/03/2017 17:43:33] /a
[30/03/2017 17:43:33] /a
[30/03/2017 17:43:34] /a
[30/03/2017 17:43:34] /a
[30/03/2017 17:43:34] /a
[30/03/2017 17:43:34] /a
[30/03/2017 17:43:35] /a
[30/03/2017 17:43:35] /a
[30/03/2017 17:43:35] /a
[30/03/2017 17:43:36] /a
[30/03/2017 17:43:36] /a
[30/03/2017 17:43:36] /a
[30/03/2017 17:43:37] /a
[30/03/2017 17:43:37] /a
[30/03/2017 17:43:38] /a
[30/03/2017 17:43:38] /a
[30/03/2017 17:43:39] /a
[30/03/2017 17:43:39] /a
[30/03/2017 17:43:40] /a
[30/03/2017 17:43:40] /a
[30/03/2017 17:43:40] /a
[30/03/2017 17:43:40] /a
[30/03/2017 17:43:41] /a
[30/03/2017 17:43:41] /a
[30/03/2017 17:43:41] /a
[30/03/2017 17:43:42] /a
[30/03/2017 17:43:42] /a
[30/03/2017 17:43:42] /a
[30/03/2017 17:43:42] /a
[30/03/2017 17:43:42] /a
[30/03/2017 17:43:43] /a
[30/03/2017 17:43:43] /a
[30/03/2017 17:44:21] /r
[30/03/2017 17:44:24] /r
[30/03/2017 17:44:34] /r
[30/03/2017 17:44:49] /goto shiny tangela
[30/03/2017 17:44:57] /goto shiny blastoise
[30/03/2017 17:45:00] /goto shiny charizard
[30/03/2017 17:45:06] /goto electabuzz
[30/03/2017 17:45:08] /a
[30/03/2017 17:45:09] /a
[30/03/2017 17:45:09] /a
[30/03/2017 17:46:49] /a
[30/03/2017 17:46:49] /a
[30/03/2017 17:47:02] /a
[30/03/2017 17:47:02] /a
[30/03/2017 17:47:02] /a
[30/03/2017 17:47:02] /a
[30/03/2017 17:47:02] /a
[30/03/2017 17:47:02] /a
[30/03/2017 17:47:09] /a
[30/03/2017 17:47:09] /a
[30/03/2017 17:47:10] /a
[30/03/2017 17:47:10] /a
[30/03/2017 17:47:10] /a
[30/03/2017 17:47:10] /a
[30/03/2017 17:47:10] /a
[30/03/2017 17:47:11] /a
[30/03/2017 17:47:11] /a
[30/03/2017 17:47:11] /a
[30/03/2017 17:47:11] /a
[30/03/2017 17:47:32] /a
[30/03/2017 17:47:33] /a
[30/03/2017 17:47:33] /a
[30/03/2017 17:47:53] /goto charizard
[30/03/2017 17:48:12] /goto scyther
[30/03/2017 17:48:36] /goto scizor
[30/03/2017 17:48:39] /goto heracross
[30/03/2017 17:48:45] /goto alakazam
[30/03/2017 17:49:35] /r
[30/03/2017 17:49:36] /r
[30/03/2017 17:49:36] /r
[30/03/2017 17:49:37] /r
[30/03/2017 17:49:51] /goto scyther
[30/03/2017 17:51:10] /goto dragonite
[30/03/2017 17:51:14] /a
[30/03/2017 17:51:14] /a
[30/03/2017 17:51:28] /a
[30/03/2017 17:51:37] /a
[30/03/2017 17:51:37] /a
[30/03/2017 17:51:37] /a
[30/03/2017 17:51:37] /a
[30/03/2017 17:51:37] /a
[30/03/2017 17:51:37] /a
[30/03/2017 17:51:37] /a
[30/03/2017 17:51:38] /a
[30/03/2017 17:51:38] /a
[30/03/2017 17:51:38] /a
[30/03/2017 17:51:38] /a
[30/03/2017 17:51:39] /a
[30/03/2017 17:51:39] /a
[30/03/2017 17:51:39] /a
[30/03/2017 17:51:39] /a
[30/03/2017 17:51:39] /a
[30/03/2017 17:51:39] /a
[30/03/2017 17:51:39] /a
[30/03/2017 17:51:39] /a
[30/03/2017 17:51:39] /a
[30/03/2017 17:51:39] /a
[30/03/2017 17:51:39] /a
[30/03/2017 17:51:40] /a
[30/03/2017 17:51:40] /a
[30/03/2017 17:51:40] /a
[30/03/2017 17:51:40] /a
[30/03/2017 17:51:40] /a
[30/03/2017 17:51:40] /a
[30/03/2017 17:51:40] /a
[30/03/2017 17:51:40] /a
[30/03/2017 17:51:40] /a
[30/03/2017 17:51:40] /a
[30/03/2017 17:51:40] /a
[30/03/2017 17:51:40] /a
[30/03/2017 17:51:40] /a
[30/03/2017 17:51:40] /a
[30/03/2017 17:51:40] /a
[30/03/2017 17:51:40] /a
[30/03/2017 17:51:40] /a
[30/03/2017 17:51:40] /a
[30/03/2017 17:51:40] /a
[30/03/2017 17:51:40] /a
[30/03/2017 17:51:41] /a
[30/03/2017 17:51:41] /a
[30/03/2017 17:51:41] /a
[30/03/2017 17:51:41] /a
[30/03/2017 17:51:41] /a
[30/03/2017 17:51:41] /a
[30/03/2017 17:51:41] /a
[30/03/2017 17:51:41] /a
[30/03/2017 17:51:41] /a
[30/03/2017 17:51:41] /a
[30/03/2017 17:51:41] /a
[30/03/2017 17:51:41] /a
[30/03/2017 17:51:41] /a
[30/03/2017 17:51:41] /a
[30/03/2017 17:51:42] /a
[30/03/2017 17:51:44] /t
[30/03/2017 17:57:31] /a
[30/03/2017 17:57:31] /a
[30/03/2017 17:57:31] /a
[30/03/2017 17:57:31] /a
[30/03/2017 17:57:31] /a
[30/03/2017 17:57:31] /a
[30/03/2017 17:57:31] /a
[30/03/2017 17:57:31] /a
[30/03/2017 17:57:31] /a
[30/03/2017 17:57:31] /a
[30/03/2017 17:57:31] /a
[30/03/2017 17:57:32] /a
[30/03/2017 17:57:32] /a
[30/03/2017 17:57:32] /a
[30/03/2017 17:57:32] /a
[30/03/2017 17:57:32] /a
[30/03/2017 17:57:32] /a
[30/03/2017 17:57:32] /a
[30/03/2017 17:57:32] /a
[30/03/2017 17:57:32] /a
[30/03/2017 17:57:32] /a
[30/03/2017 17:57:32] /a
[30/03/2017 17:57:32] /a
[30/03/2017 17:57:32] /a
[30/03/2017 17:57:32] /a
[30/03/2017 17:57:32] /a
[30/03/2017 17:57:32] /a
[30/03/2017 17:57:32] /a
[30/03/2017 17:57:32] /a
[30/03/2017 17:57:32] /a
[30/03/2017 17:57:32] /a
[30/03/2017 17:57:32] /a
[30/03/2017 17:57:32] /a
[30/03/2017 17:57:32] /a
[30/03/2017 17:57:32] /a
[30/03/2017 17:57:33] /a
[30/03/2017 17:57:33] /a
[30/03/2017 17:57:33] /a
[30/03/2017 17:57:33] /a
[30/03/2017 17:57:33] /a
[30/03/2017 17:57:33] /a
[30/03/2017 17:57:33] /a
[30/03/2017 17:57:33] /a
[30/03/2017 17:57:33] /a
[30/03/2017 17:57:33] /a
[30/03/2017 17:57:33] /a
[30/03/2017 17:57:33] /a
[30/03/2017 17:57:33] /a
[30/03/2017 17:57:33] /a
[30/03/2017 17:57:33] /a
[30/03/2017 17:57:33] /a
[30/03/2017 17:57:33] /a
[30/03/2017 17:57:33] /a
[30/03/2017 17:57:33] /a
[30/03/2017 17:57:33] /a
[30/03/2017 17:57:33] /a
[30/03/2017 17:57:33] /a
[30/03/2017 17:57:33] /a
[30/03/2017 17:57:33] /a
[30/03/2017 17:57:33] /a
[30/03/2017 17:57:33] /a
[30/03/2017 17:57:34] /a
[30/03/2017 17:57:34] /a
[30/03/2017 17:57:34] /a
[30/03/2017 17:57:34] /a
[30/03/2017 17:57:34] /a
[30/03/2017 17:57:34] /a
[30/03/2017 17:57:34] /a
[30/03/2017 17:57:34] /a
[30/03/2017 17:57:34] /a
[30/03/2017 17:57:34] /a
[30/03/2017 17:57:34] /a
[30/03/2017 17:57:34] /a
[30/03/2017 17:57:34] /a
[30/03/2017 17:57:34] /a
[30/03/2017 17:57:34] /a
[30/03/2017 17:57:34] /a
[30/03/2017 17:57:34] /a
[30/03/2017 17:57:34] /a
[30/03/2017 17:57:34] /a
[30/03/2017 17:57:34] /a
[30/03/2017 17:57:34] /a
[30/03/2017 17:57:34] /a
[30/03/2017 17:57:34] /a
[30/03/2017 17:57:34] /a
[30/03/2017 17:57:34] /a
[30/03/2017 17:57:35] /a
[30/03/2017 17:57:35] /a
[30/03/2017 17:57:35] /a
[30/03/2017 17:57:35] /a
[30/03/2017 17:57:35] /a
[30/03/2017 17:57:35] /a
[30/03/2017 17:57:36] /a
[30/03/2017 17:57:36] /a
[30/03/2017 17:57:36] /a
[30/03/2017 17:57:36] /a
[30/03/2017 17:57:36] /a
[30/03/2017 17:57:36] /a
[30/03/2017 17:57:36] /a
[30/03/2017 17:57:36] /a
[30/03/2017 17:57:36] /a
[30/03/2017 17:57:36] /a
[30/03/2017 17:57:36] /a
[30/03/2017 17:57:36] /a
[30/03/2017 17:57:36] /a
[30/03/2017 17:57:36] /a
[30/03/2017 17:57:36] /a
[30/03/2017 17:57:36] /a
[30/03/2017 17:57:36] /a
[30/03/2017 17:57:36] /a
[30/03/2017 17:57:36] /a
[30/03/2017 17:57:36] /a
[30/03/2017 17:57:36] /a
[30/03/2017 17:57:37] /a
[30/03/2017 17:57:37] /a
[30/03/2017 17:57:37] /a
[30/03/2017 17:57:37] /a
[30/03/2017 17:57:37] /a
[30/03/2017 17:57:37] /a
[30/03/2017 17:57:37] /a
[30/03/2017 17:57:37] /a
[30/03/2017 17:57:37] /a
[30/03/2017 17:57:37] /a
[30/03/2017 17:57:37] /a
[30/03/2017 17:57:37] /a
[30/03/2017 17:57:37] /a
[30/03/2017 17:57:37] /a
[30/03/2017 17:57:37] /a
[30/03/2017 17:57:41] /a
[30/03/2017 17:57:41] /a
[30/03/2017 17:57:41] /a
[30/03/2017 17:57:42] /a
[30/03/2017 17:57:42] /a
[30/03/2017 17:57:42] /a
[30/03/2017 17:57:42] /a
[30/03/2017 17:57:42] /a
[30/03/2017 17:57:42] /a
[30/03/2017 17:57:42] /a
[30/03/2017 17:57:42] /a
[30/03/2017 17:57:42] /a
[30/03/2017 17:57:42] /a
[30/03/2017 17:57:42] /a
[30/03/2017 17:57:42] /a
[30/03/2017 17:57:42] /a
[30/03/2017 17:57:42] /a
[30/03/2017 17:57:42] /a
[30/03/2017 17:57:42] /a
[30/03/2017 17:57:42] /a
[30/03/2017 17:57:42] /a
[30/03/2017 17:57:42] /a
[30/03/2017 17:57:42] /a
[30/03/2017 17:57:42] /a
[30/03/2017 17:57:42] /a
[30/03/2017 17:57:42] /a
[30/03/2017 17:57:42] /a
[30/03/2017 17:57:42] /a
[30/03/2017 17:57:42] /a
[30/03/2017 17:57:42] /a
[30/03/2017 17:57:43] /a
[30/03/2017 17:57:43] /a
[30/03/2017 17:57:43] /a
[30/03/2017 17:57:43] /a
[30/03/2017 17:57:43] /a
[30/03/2017 17:57:43] /a
[30/03/2017 17:57:43] /a
[30/03/2017 17:57:43] /a
[30/03/2017 17:57:43] /a
[30/03/2017 17:57:43] /a
[30/03/2017 17:57:43] /a
[30/03/2017 17:57:43] /a
[30/03/2017 17:57:43] /a
[30/03/2017 17:57:43] /a
[30/03/2017 17:57:43] /a
[30/03/2017 17:57:43] /a
[30/03/2017 17:57:43] /a
[30/03/2017 17:57:43] /a
[30/03/2017 17:57:43] /a
[30/03/2017 17:57:43] /a
[30/03/2017 17:57:43] /a
[30/03/2017 17:57:43] /a
[30/03/2017 17:57:43] /a
[30/03/2017 17:57:43] /a
[30/03/2017 17:57:44] /a
[30/03/2017 17:57:44] /a
[30/03/2017 17:57:44] /a
[30/03/2017 17:57:44] /a
[30/03/2017 17:57:44] /a
[30/03/2017 17:57:44] /a
[30/03/2017 17:57:44] /a
[30/03/2017 17:57:44] /a
[30/03/2017 17:57:44] /a
[30/03/2017 17:57:44] /a
[30/03/2017 17:57:44] /a
[30/03/2017 17:57:44] /a
[30/03/2017 17:57:44] /a
[30/03/2017 17:57:44] /a
[30/03/2017 17:57:44] /a
[30/03/2017 17:57:44] /a
[30/03/2017 17:57:44] /a
[30/03/2017 17:57:44] /a
[30/03/2017 17:57:44] /a
[30/03/2017 17:57:44] /a
[30/03/2017 17:57:44] /a
[30/03/2017 17:57:44] /a
[30/03/2017 17:57:44] /a
[30/03/2017 17:57:45] /a
[30/03/2017 17:57:45] /a
[30/03/2017 17:57:45] /a
[30/03/2017 17:57:45] /a
[30/03/2017 17:57:45] /a
[30/03/2017 17:57:45] /a
[30/03/2017 17:57:45] /a
[30/03/2017 17:57:45] /a
[30/03/2017 17:57:45] /a
[30/03/2017 17:57:45] /a
[30/03/2017 17:57:45] /a
[30/03/2017 17:57:45] /a
[30/03/2017 17:57:45] /a
[30/03/2017 17:57:45] /a
[30/03/2017 17:57:45] /a
[30/03/2017 17:57:45] /a
[30/03/2017 17:57:45] /a
[30/03/2017 17:57:45] /a
[30/03/2017 17:57:45] /a
[30/03/2017 17:57:45] /a
[30/03/2017 17:57:45] /a
[30/03/2017 17:57:45] /a
[30/03/2017 17:57:45] /a
[30/03/2017 17:57:45] /a
[30/03/2017 17:57:45] /a
[30/03/2017 17:57:45] /a
[30/03/2017 17:57:45] /a
[30/03/2017 17:57:46] /a
[30/03/2017 17:57:46] /a
[30/03/2017 17:57:46] /a
[30/03/2017 17:57:46] /a
[30/03/2017 17:57:46] /a
[30/03/2017 17:57:46] /a
[30/03/2017 17:57:46] /a
[30/03/2017 17:57:46] /a
[30/03/2017 17:57:46] /a
[30/03/2017 17:57:46] /a
[30/03/2017 17:57:46] /a
[30/03/2017 17:57:46] /a
[30/03/2017 17:57:46] /a
[30/03/2017 17:57:46] /a
[30/03/2017 17:57:46] /a
[30/03/2017 17:57:46] /a
[30/03/2017 17:57:46] /a
[30/03/2017 17:57:46] /a
[30/03/2017 17:57:46] /a
[30/03/2017 17:57:46] /a
[30/03/2017 17:57:46] /a
[30/03/2017 17:57:46] /a
[30/03/2017 17:57:46] /a
[30/03/2017 17:57:46] /a
[30/03/2017 17:57:46] /a
[30/03/2017 17:57:47] /a
[30/03/2017 17:57:47] /a
[30/03/2017 17:57:47] /a
[30/03/2017 17:57:47] /a
[30/03/2017 17:57:47] /a
[30/03/2017 17:57:47] /a
[30/03/2017 17:57:47] /a
[30/03/2017 17:57:47] /a
[30/03/2017 17:57:47] /a
[30/03/2017 17:57:47] /a
[30/03/2017 17:57:47] /a
[30/03/2017 17:57:47] /a
[30/03/2017 17:57:47] /a
[30/03/2017 17:57:47] /a
[30/03/2017 17:57:47] /a
[30/03/2017 17:57:47] /a
[30/03/2017 17:57:47] /a
[30/03/2017 17:57:47] /a
[30/03/2017 17:57:47] /a
[30/03/2017 17:57:47] /a
[30/03/2017 17:57:47] /a
[30/03/2017 17:57:47] /a
[30/03/2017 17:57:47] /a
[30/03/2017 17:57:47] /a
[30/03/2017 17:57:47] /a
[30/03/2017 17:57:47] /a
[30/03/2017 17:57:48] /a
[30/03/2017 17:57:48] /a
[30/03/2017 17:57:48] /a
[30/03/2017 17:57:48] /a
[30/03/2017 17:57:48] /a
[30/03/2017 17:57:48] /a
[30/03/2017 17:57:48] /a
[30/03/2017 17:57:48] /a
[30/03/2017 17:57:48] /a
[30/03/2017 17:57:48] /a
[30/03/2017 17:57:48] /a
[30/03/2017 17:57:48] /a
[30/03/2017 17:57:48] /a
[30/03/2017 17:57:48] /a
[30/03/2017 17:57:48] /a
[30/03/2017 17:57:48] /a
[30/03/2017 17:57:48] /a
[30/03/2017 17:57:48] /a
[30/03/2017 17:57:48] /a
[30/03/2017 17:57:48] /a
[30/03/2017 17:57:48] /a
[30/03/2017 17:57:48] /a
[30/03/2017 17:57:48] /a
[30/03/2017 17:57:48] /a
[30/03/2017 17:57:48] /a
[30/03/2017 17:57:48] /a
[30/03/2017 17:57:49] /a
[30/03/2017 17:57:49] /a
[30/03/2017 17:57:49] /a
[30/03/2017 17:57:49] /a
[30/03/2017 17:57:49] /a
[30/03/2017 17:57:49] /a
[30/03/2017 17:57:49] /a
[30/03/2017 17:57:49] /a
[30/03/2017 17:57:49] /a
[30/03/2017 17:57:49] /a
[30/03/2017 17:57:49] /a
[30/03/2017 17:57:49] /a
[30/03/2017 17:57:53] /goto shiny gengar
[30/03/2017 17:58:07] /a
[30/03/2017 17:58:08] /a
[30/03/2017 17:58:08] /a
[30/03/2017 17:58:08] /a
[30/03/2017 17:58:08] /a
[30/03/2017 17:58:08] /a
[30/03/2017 17:58:08] /a
[30/03/2017 17:58:08] /a
[30/03/2017 17:58:09] /a
[30/03/2017 17:58:09] /a
[30/03/2017 17:58:09] /a
[30/03/2017 17:58:09] /a
[30/03/2017 17:58:09] /a
[30/03/2017 17:58:09] /a
[30/03/2017 17:58:09] /a
[30/03/2017 18:00:08] /t
[30/03/2017 18:12:29] /goto lance
[30/03/2017 18:22:12] /a
[30/03/2017 18:22:13] /a
[30/03/2017 18:22:13] /a
[30/03/2017 18:22:13] /a
[30/03/2017 18:22:14] /a
[30/03/2017 18:22:14] /a
[30/03/2017 18:22:14] /a
[30/03/2017 18:24:25] /goto shiny tangela
[30/03/2017 18:24:34] /goto gloom
[30/03/2017 18:24:52] /goto mutante
[30/03/2017 18:24:56] /goto noow
[30/03/2017 18:24:59] /goto hidden
[30/03/2017 18:25:24] /a
[30/03/2017 18:25:24] /a
[30/03/2017 18:25:24] /a
[30/03/2017 18:25:24] /a
[30/03/2017 18:25:25] /a
[30/03/2017 18:25:25] /a
[30/03/2017 18:25:29] /a
[30/03/2017 18:25:29] /a
[30/03/2017 18:25:30] /a
[30/03/2017 18:25:30] /a
[30/03/2017 18:25:35] /r
[30/03/2017 18:25:38] /r
[30/03/2017 18:26:00] /a
[30/03/2017 18:26:00] /a
[30/03/2017 18:26:00] /a
[30/03/2017 18:26:00] /a
[30/03/2017 18:26:00] /a
[30/03/2017 18:26:01] /a
[30/03/2017 18:26:01] /a
[30/03/2017 18:26:01] /a
[30/03/2017 18:26:32] /goto luke
[30/03/2017 18:26:40] /a
[30/03/2017 18:26:40] /a
[30/03/2017 18:26:41] /a
[30/03/2017 18:26:41] /a
[30/03/2017 18:26:41] /a
[30/03/2017 18:26:41] /a
[30/03/2017 18:28:30] /a
[30/03/2017 18:28:31] /a
[30/03/2017 18:28:31] /a
[30/03/2017 18:28:32] /a
[30/03/2017 18:28:32] /a
[30/03/2017 18:28:32] /a
[30/03/2017 18:28:32] /a
[30/03/2017 18:28:32] /a
[30/03/2017 18:28:32] /a
[30/03/2017 18:28:32] /a
[30/03/2017 18:28:33] /a
[30/03/2017 18:28:33] /a
[30/03/2017 18:28:33] /a
[30/03/2017 18:28:58] /goto shiny spearow
[30/03/2017 18:29:07] /goto shiny podgeot
[30/03/2017 18:29:10] /goto fearow
[30/03/2017 18:29:13] /goto shiny fearow
[30/03/2017 18:29:43] /a
[30/03/2017 18:29:43] /a
[30/03/2017 18:29:43] /a
[30/03/2017 18:29:43] /a
[30/03/2017 18:29:43] /a
[30/03/2017 18:29:43] /a
[30/03/2017 18:29:43] /a
[30/03/2017 18:29:43] /a
[30/03/2017 18:29:43] /a
[30/03/2017 18:29:43] /a
[30/03/2017 18:29:43] /a
[30/03/2017 18:29:44] /a
[30/03/2017 18:29:44] /a
[30/03/2017 18:29:44] /a
[30/03/2017 18:29:44] /a
[30/03/2017 18:29:44] /a
[30/03/2017 18:29:44] /a
[30/03/2017 18:29:44] /a
[30/03/2017 18:29:44] /a
[30/03/2017 18:29:44] /a
[30/03/2017 18:29:44] /a
[30/03/2017 18:29:44] /a
[30/03/2017 18:29:44] /a
[30/03/2017 18:29:44] /a
[30/03/2017 18:29:44] /a
[30/03/2017 18:29:44] /a
[30/03/2017 18:29:44] /a
[30/03/2017 18:29:44] /a
[30/03/2017 18:29:44] /a
[30/03/2017 18:29:44] /a
[30/03/2017 18:29:47] /t
[30/03/2017 18:29:52] /goto lance
[30/03/2017 18:30:13] /ghost
[30/03/2017 18:30:37] /a
[30/03/2017 18:30:38] /a
[30/03/2017 18:30:38] /a
[30/03/2017 18:30:38] /a
[30/03/2017 18:30:38] /a
[30/03/2017 18:30:38] /a
[30/03/2017 18:30:38] /a
[30/03/2017 18:30:38] /a
[30/03/2017 18:30:38] /a
[30/03/2017 18:30:38] /a
[30/03/2017 18:30:38] /a
[30/03/2017 18:30:38] /a
[30/03/2017 18:30:38] /a
[30/03/2017 18:30:38] /a
[30/03/2017 18:30:38] /a
[30/03/2017 18:30:39] /a
[30/03/2017 18:30:39] /a
[30/03/2017 18:30:39] /a
[30/03/2017 18:30:39] /a
[30/03/2017 18:30:39] /a
[30/03/2017 18:30:39] /a
[30/03/2017 18:30:39] /a
[30/03/2017 18:30:39] /a
[30/03/2017 18:30:39] /a
[30/03/2017 18:30:39] /a
[30/03/2017 18:30:39] /a
[30/03/2017 18:30:39] /a
[30/03/2017 18:30:39] /a
[30/03/2017 18:30:39] /a
[30/03/2017 18:30:39] /a
[30/03/2017 18:30:39] /a
[30/03/2017 18:30:39] /a
[30/03/2017 18:30:39] /a
[30/03/2017 18:30:39] /a
[30/03/2017 18:30:39] /a
[30/03/2017 18:30:39] /a
[30/03/2017 18:30:39] /a
[30/03/2017 18:30:39] /a
[30/03/2017 18:30:39] /a
[30/03/2017 18:30:39] /a
[30/03/2017 18:30:40] /a
[30/03/2017 18:30:40] /a
[30/03/2017 18:30:40] /a
[30/03/2017 18:30:40] /a
[30/03/2017 18:30:40] /a
[30/03/2017 18:30:40] /a
[30/03/2017 18:30:40] /a
[30/03/2017 18:30:40] /a
[30/03/2017 18:30:40] /a
[30/03/2017 18:30:40] /a
[30/03/2017 18:30:40] /a
[30/03/2017 18:30:40] /a
[30/03/2017 18:30:40] /a
[30/03/2017 18:30:40] /a
[30/03/2017 18:30:40] /a
[30/03/2017 18:30:40] /a
[30/03/2017 18:30:40] /a
[30/03/2017 18:30:40] /a
[30/03/2017 18:30:40] /a
[30/03/2017 18:30:40] /a
[30/03/2017 18:30:40] /a
[30/03/2017 18:30:40] /a
[30/03/2017 18:30:40] /a
[30/03/2017 18:30:40] /a
[30/03/2017 18:30:40] /a
[30/03/2017 18:30:41] /a
[30/03/2017 18:30:41] /a
[30/03/2017 18:30:41] /a
[30/03/2017 18:30:41] /a
[30/03/2017 18:30:41] /a
[30/03/2017 18:30:41] /a
[30/03/2017 18:30:41] /a
[30/03/2017 18:30:41] /a
[30/03/2017 18:30:41] /a
[30/03/2017 18:30:41] /a
[30/03/2017 18:30:41] /a
[30/03/2017 18:30:41] /a
[30/03/2017 18:30:41] /a
[30/03/2017 18:30:41] /a
[30/03/2017 18:30:41] /a
[30/03/2017 18:30:41] /a
[30/03/2017 18:30:41] /a
[30/03/2017 18:30:41] /a
[30/03/2017 18:30:41] /a
[30/03/2017 18:30:41] /a
[30/03/2017 18:30:41] /a
[30/03/2017 18:30:41] /a
[30/03/2017 18:30:41] /a
[30/03/2017 18:30:41] /a
[30/03/2017 18:30:41] /a
[30/03/2017 18:30:42] /a
[30/03/2017 18:30:42] /a
[30/03/2017 18:30:42] /a
[30/03/2017 18:30:42] /a
[30/03/2017 18:30:42] /a
[30/03/2017 18:30:42] /a
[30/03/2017 18:30:42] /a
[30/03/2017 18:30:42] /a
[30/03/2017 18:30:42] /a
[30/03/2017 18:30:42] /a
[30/03/2017 18:30:42] /a
[30/03/2017 18:30:42] /a
[30/03/2017 18:30:42] /a
[30/03/2017 18:30:42] /a
[30/03/2017 18:30:42] /a
[30/03/2017 18:30:42] /a
[30/03/2017 18:30:42] /a
[30/03/2017 18:30:42] /a
[30/03/2017 18:30:42] /a
[30/03/2017 18:30:42] /a
[30/03/2017 18:30:42] /a
[30/03/2017 18:30:42] /a
[30/03/2017 18:30:42] /a
[30/03/2017 18:30:42] /a
[30/03/2017 18:30:42] /a
[30/03/2017 18:30:42] /a
[30/03/2017 18:30:43] /a
[30/03/2017 18:30:43] /a
[30/03/2017 18:30:43] /a
[30/03/2017 18:30:43] /a
[30/03/2017 18:30:43] /a
[30/03/2017 18:30:43] /a
[30/03/2017 18:30:43] /a
[30/03/2017 18:30:43] /a
[30/03/2017 18:30:43] /a
[30/03/2017 18:30:43] /a
[30/03/2017 18:30:43] /a
[30/03/2017 18:30:43] /a
[30/03/2017 18:30:43] /a
[30/03/2017 18:30:43] /a
[30/03/2017 18:30:43] /a
[30/03/2017 18:30:43] /a
[30/03/2017 18:30:43] /a
[30/03/2017 18:30:43] /a
[30/03/2017 18:30:43] /a
[30/03/2017 18:30:43] /a
[30/03/2017 18:30:43] /a
[30/03/2017 18:30:43] /a
[30/03/2017 18:30:43] /a
[30/03/2017 18:30:43] /a
[30/03/2017 18:30:44] /a
[30/03/2017 18:30:44] /a
[30/03/2017 18:30:44] /a
[30/03/2017 18:30:44] /a
[30/03/2017 18:30:44] /a
[30/03/2017 18:30:44] /a
[30/03/2017 18:30:44] /a
[30/03/2017 18:30:44] /a
[30/03/2017 18:30:44] /a
[30/03/2017 18:30:44] /a
[30/03/2017 18:30:44] /a
[30/03/2017 18:30:44] /a
[30/03/2017 18:30:44] /a
[30/03/2017 18:30:44] /a
[30/03/2017 18:30:44] /a
[30/03/2017 18:30:44] /a
[30/03/2017 18:30:44] /a
[30/03/2017 18:30:44] /a
[30/03/2017 18:30:44] /a
[30/03/2017 18:30:44] /a
[30/03/2017 18:30:44] /a
[30/03/2017 18:30:44] /a
[30/03/2017 18:30:44] /a
[30/03/2017 18:30:44] /a
[30/03/2017 18:30:44] /a
[30/03/2017 18:30:44] /a
[30/03/2017 18:30:45] /a
[30/03/2017 18:30:45] /a
[30/03/2017 18:30:45] /a
[30/03/2017 18:30:45] /a
[30/03/2017 18:30:45] /a
[30/03/2017 18:30:45] /a
[30/03/2017 18:30:45] /a
[30/03/2017 18:30:45] /a
[30/03/2017 18:30:45] /a
[30/03/2017 18:30:45] /a
[30/03/2017 18:30:45] /a
[30/03/2017 18:30:45] /a
[30/03/2017 18:30:45] /a
[30/03/2017 18:30:45] /a
[30/03/2017 18:30:45] /a
[30/03/2017 18:30:45] /a
[30/03/2017 18:30:45] /a
[30/03/2017 18:30:45] /a
[30/03/2017 18:30:45] /a
[30/03/2017 18:30:45] /a
[30/03/2017 18:30:45] /a
[30/03/2017 18:30:45] /a
[30/03/2017 18:30:45] /a
[30/03/2017 18:30:45] /a
[30/03/2017 18:30:46] /a
[30/03/2017 18:30:46] /a
[30/03/2017 18:30:46] /a
[30/03/2017 18:30:46] /a
[30/03/2017 18:30:46] /a
[30/03/2017 18:30:46] /a
[30/03/2017 18:30:46] /a
[30/03/2017 18:30:46] /a
[30/03/2017 18:30:46] /a
[30/03/2017 18:30:46] /a
[30/03/2017 18:30:46] /a
[30/03/2017 18:30:46] /a
[30/03/2017 18:30:46] /a
[30/03/2017 18:30:46] /a
[30/03/2017 18:30:46] /a
[30/03/2017 18:30:46] /a
[30/03/2017 18:30:46] /a
[30/03/2017 18:30:46] /a
[30/03/2017 18:30:46] /a
[30/03/2017 18:30:46] /a
[30/03/2017 18:30:46] /a
[30/03/2017 18:30:46] /a
[30/03/2017 18:30:46] /a
[30/03/2017 18:30:46] /a
[30/03/2017 18:30:46] /a
[30/03/2017 18:30:46] /a
[30/03/2017 18:30:47] /a
[30/03/2017 18:30:47] /a
[30/03/2017 18:30:47] /a
[30/03/2017 18:30:47] /a
[30/03/2017 18:30:47] /a
[30/03/2017 18:30:47] /a
[30/03/2017 18:30:50] /goto lance 
[30/03/2017 18:30:51] /ghost
[30/03/2017 18:31:54] /goto luigi
[30/03/2017 18:31:58] /goto hyhoo
[30/03/2017 18:32:01] /goto luke
[30/03/2017 18:32:10] /a
[30/03/2017 18:32:11] /a
[30/03/2017 18:32:11] /a
[30/03/2017 18:33:03] /t
[30/03/2017 18:35:25] /ghost
[30/03/2017 18:35:27] /ghost
[30/03/2017 18:35:28] /t
[30/03/2017 18:35:35] /ghost
[30/03/2017 18:35:48] /goto hidden
[30/03/2017 18:35:59] /goto ashi treinador
[30/03/2017 18:36:08] /goto hideen
[30/03/2017 18:36:11] /goto hidden
[30/03/2017 18:36:39] /ghost
[30/03/2017 18:36:40] /t
[30/03/2017 18:36:48] /goto lance
[30/03/2017 18:37:04] /a
[30/03/2017 18:37:04] /a
[30/03/2017 18:37:04] /a
[30/03/2017 18:37:04] /a
[30/03/2017 18:37:42] /t
[30/03/2017 18:37:52] /goto lance
[30/03/2017 18:38:26] /r
[30/03/2017 18:39:28] /b Gente Mudamos O Mapa pq tava crashando mt quando der uma 5 horas de uptime Nos iremos arrumar tudo! e colocar com a db Certa!
[30/03/2017 18:39:29] /b Gente Mudamos O Mapa pq tava crashando mt quando der uma 5 horas de uptime Nos iremos arrumar tudo! e colocar com a db Certa!
[30/03/2017 18:39:29] /b Gente Mudamos O Mapa pq tava crashando mt quando der uma 5 horas de uptime Nos iremos arrumar tudo! e colocar com a db Certa!
[30/03/2017 18:39:30] /b Gente Mudamos O Mapa pq tava crashando mt quando der uma 5 horas de uptime Nos iremos arrumar tudo! e colocar com a db Certa!
[30/03/2017 18:39:30] /b Gente Mudamos O Mapa pq tava crashando mt quando der uma 5 horas de uptime Nos iremos arrumar tudo! e colocar com a db Certa!
[30/03/2017 18:39:34] /ghost
[30/03/2017 18:39:36] /ghost
[30/03/2017 18:39:41] /t
[30/03/2017 18:42:29] /b alguem toparia ganhar 5 tds pra da uma ajuda ?
[30/03/2017 18:42:38] /b alguem toparia ganhar 5 tds pra da uma ajuda ? Responde help
[30/03/2017 18:43:53] /b ja que o comando de mandar pra bag nao esta estavel Vou tem que fazer uma fila 
[30/03/2017 18:43:58] /b quem quiser vem saffron 
[30/03/2017 18:44:02] /t
[30/03/2017 18:44:18] /a
[30/03/2017 18:44:28] /ghost
[30/03/2017 18:44:31] /ghost
[30/03/2017 18:44:54] /b filinha?
[30/03/2017 18:45:00] /b igual na creshe ?
[30/03/2017 18:45:24] /ghost
[30/03/2017 18:45:59] /b Pessoal, ligue uma base estável que NÃO É A DO JOGO, somente com o MAPA E ITEMS do invictus, caso  caia, é pq tem algo errado com o mapa, por isso ele ligou essa base só com o mapa, não precisam reportar os bugs, já que essa base é outra.
[30/03/2017 18:46:21] /b JA QUE VOCES TAO VENDO MEU ERRRO ORTOGRAFICO NAO SOU O SAM
[30/03/2017 18:46:56] /b VEM GERAL SAFFRON "quem quiser os 5 tds
[30/03/2017 18:48:10] /b tem que vir ape 'a pe a p e " fodase  algun comandos desativado dou 5 minuto Vou da pra quem tiver dentro do cp de saffron
[30/03/2017 18:48:25] /b tem que vir ape 'a pe a p e " fodase  algun comandos desativado dou 5 minuto Vou da pra quem tiver dentro do cp de saffron
[30/03/2017 18:48:36] /b 18:52 irei entregar
[30/03/2017 18:49:37] /b !bug pra quem nao sabe o comando
[30/03/2017 18:50:39] /a
[30/03/2017 18:50:42] /ghost
[30/03/2017 18:50:42] /a
[30/03/2017 18:50:43] /a
[30/03/2017 18:50:43] /a
[30/03/2017 18:50:43] /a
[30/03/2017 18:50:43] /a
[30/03/2017 18:50:43] /a
[30/03/2017 18:50:43] /a
[30/03/2017 18:50:43] /a
[30/03/2017 18:50:43] /a
[30/03/2017 18:50:43] /a
[30/03/2017 18:50:43] /a
[30/03/2017 18:50:43] /a
[30/03/2017 18:50:43] /a
[30/03/2017 18:50:43] /a
[30/03/2017 18:50:43] /a
[30/03/2017 18:50:43] /a
[30/03/2017 18:50:43] /a
[30/03/2017 18:50:43] /a
[30/03/2017 18:50:43] /a
[30/03/2017 18:50:44] /a
[30/03/2017 18:50:44] /a
[30/03/2017 18:50:44] /a
[30/03/2017 18:50:44] /a
[30/03/2017 18:50:44] /a
[30/03/2017 18:50:44] /a
[30/03/2017 18:50:44] /a
[30/03/2017 18:50:44] /a
[30/03/2017 18:50:44] /a
[30/03/2017 18:50:44] /a
[30/03/2017 18:50:44] /a
[30/03/2017 18:50:44] /a
[30/03/2017 18:50:44] /a
[30/03/2017 18:50:44] /a
[30/03/2017 18:50:44] /a
[30/03/2017 18:50:44] /a
[30/03/2017 18:50:44] /a
[30/03/2017 18:50:44] /a
[30/03/2017 18:50:44] /a
[30/03/2017 18:50:44] /a
[30/03/2017 18:50:44] /a
[30/03/2017 18:50:44] /a
[30/03/2017 18:50:44] /a
[30/03/2017 18:50:44] /a
[30/03/2017 18:50:45] /a
[30/03/2017 18:50:45] /a
[30/03/2017 18:50:45] /a
[30/03/2017 18:50:45] /a
[30/03/2017 18:50:45] /a
[30/03/2017 18:50:53] /i 2160
[30/03/2017 18:50:57] /i 2160
[30/03/2017 18:51:11] /b quem nao ta cp de saffron avisa que puxo
[30/03/2017 18:51:28] /ghost
[30/03/2017 18:54:25] /a
[30/03/2017 18:54:25] /a
[30/03/2017 18:55:03] /mc
[30/03/2017 18:57:50] /b esconde esconde quem me acha vai ganhar 1 leaf stone
[30/03/2017 18:57:52] /ghost
[30/03/2017 18:58:46] /b valneod
[30/03/2017 18:58:46] /ghost
[30/03/2017 18:58:55] /ghost
[30/03/2017 18:59:21] /ghost
[30/03/2017 18:59:31] /b Na real vai ganhar 1 stone de preferencia water fire leaf
[30/03/2017 18:59:41] /b DENTRO DE SAFFRON
[30/03/2017 19:00:35] /ghost
[30/03/2017 19:00:37] /ghost
[30/03/2017 19:00:57] /b GANHADOR "NOOW
[30/03/2017 19:01:15] /t
[30/03/2017 19:01:19] /b MAIS 1 ?
[30/03/2017 19:01:34] /goto noow
[30/03/2017 19:01:46] /goto noow
[30/03/2017 19:01:51] /goto noow
[30/03/2017 19:02:01] /t
[30/03/2017 19:02:09] /t zum batter
[30/03/2017 19:02:33] /b vou fazer se tiver mais de 7 participantes
[30/03/2017 19:02:46] /b fale EU NO HELp
[30/03/2017 19:03:34] /mc
[30/03/2017 19:03:51] /b valendo meu amor e carinho por voces
[30/03/2017 19:04:13] /b zoas,Valendo Um Drowzee?
[30/03/2017 19:04:26] /b stone denovo ?
[30/03/2017 19:04:46] /ghost
[30/03/2017 19:06:13] /b VALENDO DICA NAO SEI
[30/03/2017 19:06:18] /ghost
[30/03/2017 19:06:36] /b mutante passo perto
[30/03/2017 19:06:39] /ghost
[30/03/2017 19:07:58] /b mutante WINS
[30/03/2017 19:08:03] /ghost
[30/03/2017 19:08:59] /t zum batter
[30/03/2017 19:09:00] /t
[30/03/2017 19:10:44] /b MAIS UM ESCONDE ESCONDE SO QUE VAI TA O ITEM NO MEU LUGAR QUEM GANHAR E ZIKA 
[30/03/2017 19:10:48] /ghost
[30/03/2017 19:12:30] /a
[30/03/2017 19:12:31] /a
[30/03/2017 19:12:31] /a
[30/03/2017 19:12:31] /a
[30/03/2017 19:12:31] /a
[30/03/2017 19:12:31] /a
[30/03/2017 19:12:39] /b VALENDO
[30/03/2017 19:13:02] /b  se nao acharem ate 19:16 eu do dica
[30/03/2017 19:14:56] /b hidden  WINS
[30/03/2017 19:15:32] /b a dica era "Parabê¯³! O pokemon Shiny Rattata dropou uma stone!!!""
[30/03/2017 19:15:52] /goto zum batter
[30/03/2017 19:16:11] /t
[30/03/2017 19:17:37] /goto zum batter
[30/03/2017 19:18:20] /b Pessoal, ligue uma base estável que NÃO É A DO JOGO, somente com o MAPA E ITEMS do invictus, caso  caia, é pq tem algo errado com o mapa, por isso ele ligou essa base só com o mapa, não precisam reportar os bugs, já que essa base é outra.
[30/03/2017 19:18:22] /t
[30/03/2017 19:18:22] /b Pessoal, ligue uma base estável que NÃO É A DO JOGO, somente com o MAPA E ITEMS do invictus, caso  caia, é pq tem algo errado com o mapa, por isso ele ligou essa base só com o mapa, não precisam reportar os bugs, já que essa base é outra.
[30/03/2017 19:18:23] /b Pessoal, ligue uma base estável que NÃO É A DO JOGO, somente com o MAPA E ITEMS do invictus, caso  caia, é pq tem algo errado com o mapa, por isso ele ligou essa base só com o mapa, não precisam reportar os bugs, já que essa base é outra.
[30/03/2017 19:18:23] /b Pessoal, ligue uma base estável que NÃO É A DO JOGO, somente com o MAPA E ITEMS do invictus, caso  caia, é pq tem algo errado com o mapa, por isso ele ligou essa base só com o mapa, não precisam reportar os bugs, já que essa base é outra.
[30/03/2017 19:18:41] /b Pessoal, liguei  uma base estável que NÃO É A DO JOGO, somente com o MAPA E ITEMS do invictus, caso  caia, é pq tem algo errado com o mapa, por isso ele ligou essa base só com o mapa, não precisam reportar os bugs, já que essa base é outra.
[30/03/2017 19:19:04] /a
[30/03/2017 19:19:04] /a
[30/03/2017 19:19:04] /a
[30/03/2017 19:19:04] /a
[30/03/2017 19:19:04] /a
[30/03/2017 19:19:04] /a
[30/03/2017 19:19:05] /a
[30/03/2017 19:19:05] /a
[30/03/2017 19:19:05] /a
[30/03/2017 19:19:05] /a
[30/03/2017 19:19:06] /a
[30/03/2017 19:19:06] /a
[30/03/2017 19:19:06] /a
[30/03/2017 19:19:06] /a
[30/03/2017 19:19:06] /a
[30/03/2017 19:19:06] /a
[30/03/2017 19:19:06] /a
[30/03/2017 19:19:06] /a
[30/03/2017 19:19:06] /a
[30/03/2017 19:19:07] /a
[30/03/2017 19:19:07] /a
[30/03/2017 19:19:07] /a
[30/03/2017 19:19:07] /a
[30/03/2017 19:19:07] /a
[30/03/2017 19:19:07] /a
[30/03/2017 19:19:08] /a
[30/03/2017 19:19:08] /a
[30/03/2017 19:19:08] /a
[30/03/2017 19:19:08] /a
[30/03/2017 19:19:08] /a
[30/03/2017 19:19:08] /a
[30/03/2017 19:19:08] /a
[30/03/2017 19:19:08] /a
[30/03/2017 19:19:09] /a
[30/03/2017 19:19:55] /ghost
[30/03/2017 19:20:35] /goto teddy
[30/03/2017 19:20:56] /a
[30/03/2017 19:20:56] /a
[30/03/2017 19:21:11] /t
[30/03/2017 19:21:15] /goto reyvisson
[30/03/2017 19:21:19] /b Pessoal, liguei  uma base estável que NÃO É A DO JOGO, somente com o MAPA E ITEMS do invictus, caso  caia, é pq tem algo errado com o mapa, por isso ele ligou essa base só com o mapa, não precisam reportar os bugs, já que essa base é outra.
[30/03/2017 19:21:20] /b Pessoal, liguei  uma base estável que NÃO É A DO JOGO, somente com o MAPA E ITEMS do invictus, caso  caia, é pq tem algo errado com o mapa, por isso ele ligou essa base só com o mapa, não precisam reportar os bugs, já que essa base é outra.
[30/03/2017 19:21:20] /b Pessoal, liguei  uma base estável que NÃO É A DO JOGO, somente com o MAPA E ITEMS do invictus, caso  caia, é pq tem algo errado com o mapa, por isso ele ligou essa base só com o mapa, não precisam reportar os bugs, já que essa base é outra.
[30/03/2017 19:21:21] /b Pessoal, liguei  uma base estável que NÃO É A DO JOGO, somente com o MAPA E ITEMS do invictus, caso  caia, é pq tem algo errado com o mapa, por isso ele ligou essa base só com o mapa, não precisam reportar os bugs, já que essa base é outra.
[30/03/2017 19:21:21] /b Pessoal, liguei  uma base estável que NÃO É A DO JOGO, somente com o MAPA E ITEMS do invictus, caso  caia, é pq tem algo errado com o mapa, por isso ele ligou essa base só com o mapa, não precisam reportar os bugs, já que essa base é outra.
[30/03/2017 19:21:21] /b Pessoal, liguei  uma base estável que NÃO É A DO JOGO, somente com o MAPA E ITEMS do invictus, caso  caia, é pq tem algo errado com o mapa, por isso ele ligou essa base só com o mapa, não precisam reportar os bugs, já que essa base é outra.
[30/03/2017 19:21:21] /b Pessoal, liguei  uma base estável que NÃO É A DO JOGO, somente com o MAPA E ITEMS do invictus, caso  caia, é pq tem algo errado com o mapa, por isso ele ligou essa base só com o mapa, não precisam reportar os bugs, já que essa base é outra.
[30/03/2017 19:21:36] /r
[30/03/2017 19:21:37] /t
[30/03/2017 19:23:15] /b BASE E BOA BELEZA VAEU SEM TASK SEM GINASIO ETC.. sem os megas sem as areas vip voces estao achando massa imagine com as areas <3
[30/03/2017 19:23:25] /goto mutante
[30/03/2017 19:23:34] /b Pessoal, liguei  uma base estável que NÃO É A DO JOGO, somente com o MAPA E ITEMS do invictus, caso  caia, é pq tem algo errado com o mapa, por isso ele ligou essa base só com o mapa, não precisam reportar os bugs, já que essa base é outra.
[30/03/2017 19:23:35] /b Pessoal, liguei  uma base estável que NÃO É A DO JOGO, somente com o MAPA E ITEMS do invictus, caso  caia, é pq tem algo errado com o mapa, por isso ele ligou essa base só com o mapa, não precisam reportar os bugs, já que essa base é outra.
[30/03/2017 19:23:35] /b Pessoal, liguei  uma base estável que NÃO É A DO JOGO, somente com o MAPA E ITEMS do invictus, caso  caia, é pq tem algo errado com o mapa, por isso ele ligou essa base só com o mapa, não precisam reportar os bugs, já que essa base é outra.
[30/03/2017 19:23:36] /b Pessoal, liguei  uma base estável que NÃO É A DO JOGO, somente com o MAPA E ITEMS do invictus, caso  caia, é pq tem algo errado com o mapa, por isso ele ligou essa base só com o mapa, não precisam reportar os bugs, já que essa base é outra.
[30/03/2017 19:23:36] /b Pessoal, liguei  uma base estável que NÃO É A DO JOGO, somente com o MAPA E ITEMS do invictus, caso  caia, é pq tem algo errado com o mapa, por isso ele ligou essa base só com o mapa, não precisam reportar os bugs, já que essa base é outra.
[30/03/2017 19:23:36] /b Pessoal, liguei  uma base estável que NÃO É A DO JOGO, somente com o MAPA E ITEMS do invictus, caso  caia, é pq tem algo errado com o mapa, por isso ele ligou essa base só com o mapa, não precisam reportar os bugs, já que essa base é outra.
[30/03/2017 19:23:36] /b Pessoal, liguei  uma base estável que NÃO É A DO JOGO, somente com o MAPA E ITEMS do invictus, caso  caia, é pq tem algo errado com o mapa, por isso ele ligou essa base só com o mapa, não precisam reportar os bugs, já que essa base é outra.
[30/03/2017 19:23:37] /b Pessoal, liguei  uma base estável que NÃO É A DO JOGO, somente com o MAPA E ITEMS do invictus, caso  caia, é pq tem algo errado com o mapa, por isso ele ligou essa base só com o mapa, não precisam reportar os bugs, já que essa base é outra.
[30/03/2017 19:23:37] /b Pessoal, liguei  uma base estável que NÃO É A DO JOGO, somente com o MAPA E ITEMS do invictus, caso  caia, é pq tem algo errado com o mapa, por isso ele ligou essa base só com o mapa, não precisam reportar os bugs, já que essa base é outra.
[30/03/2017 19:23:51] /ghost
[30/03/2017 19:24:09] /r
[30/03/2017 19:24:11] /r
[30/03/2017 19:24:12] /r
[30/03/2017 19:24:19] /t
[30/03/2017 19:25:26] /t noow
[30/03/2017 19:25:41] /r
[30/03/2017 19:25:49] /r
[30/03/2017 19:26:02] /ghost
[30/03/2017 19:26:03] /ghost
[30/03/2017 19:26:25] /r
[30/03/2017 19:26:34] /r
[30/03/2017 19:26:39] /r
[30/03/2017 19:26:54] /r
[30/03/2017 19:27:29] /goto charizard
[30/03/2017 19:27:30] /i 16032
[30/03/2017 19:27:36] /i 16032
[30/03/2017 19:27:40] /t
[30/03/2017 19:27:41] /a
[30/03/2017 19:27:42] /a
[30/03/2017 19:27:42] /a
[30/03/2017 19:27:42] /a
[30/03/2017 19:27:42] /a
[30/03/2017 19:27:42] /a
[30/03/2017 19:27:42] /a
[30/03/2017 19:27:42] /a
[30/03/2017 19:27:42] /a
[30/03/2017 19:27:42] /a
[30/03/2017 19:27:42] /a
[30/03/2017 19:27:42] /a
[30/03/2017 19:27:42] /a
[30/03/2017 19:27:42] /a
[30/03/2017 19:27:42] /a
[30/03/2017 19:27:42] /a
[30/03/2017 19:27:42] /a
[30/03/2017 19:27:42] /a
[30/03/2017 19:27:42] /a
[30/03/2017 19:27:43] /a
[30/03/2017 19:27:43] /a
[30/03/2017 19:27:43] /a
[30/03/2017 19:27:43] /a
[30/03/2017 19:27:43] /a
[30/03/2017 19:27:43] /a
[30/03/2017 19:27:43] /a
[30/03/2017 19:27:43] /a
[30/03/2017 19:27:43] /a
[30/03/2017 19:27:43] /a
[30/03/2017 19:27:43] /a
[30/03/2017 19:27:43] /a
[30/03/2017 19:27:43] /a
[30/03/2017 19:27:43] /a
[30/03/2017 19:27:43] /a
[30/03/2017 19:27:43] /a
[30/03/2017 19:27:43] /a
[30/03/2017 19:27:43] /a
[30/03/2017 19:27:43] /a
[30/03/2017 19:27:43] /a
[30/03/2017 19:27:43] /a
[30/03/2017 19:27:43] /a
[30/03/2017 19:27:43] /a
[30/03/2017 19:27:43] /a
[30/03/2017 19:27:43] /a
[30/03/2017 19:27:44] /a
[30/03/2017 19:27:44] /a
[30/03/2017 19:27:44] /a
[30/03/2017 19:27:44] /a
[30/03/2017 19:27:44] /a
[30/03/2017 19:27:44] /a
[30/03/2017 19:27:44] /a
[30/03/2017 19:27:44] /a
[30/03/2017 19:27:44] /a
[30/03/2017 19:27:44] /a
[30/03/2017 19:27:44] /a
[30/03/2017 19:27:44] /a
[30/03/2017 19:27:44] /a
[30/03/2017 19:27:44] /a
[30/03/2017 19:27:44] /a
[30/03/2017 19:27:44] /a
[30/03/2017 19:27:44] /a
[30/03/2017 19:27:44] /a
[30/03/2017 19:27:44] /a
[30/03/2017 19:27:44] /a
[30/03/2017 19:27:44] /a
[30/03/2017 19:27:44] /a
[30/03/2017 19:27:44] /a
[30/03/2017 19:27:44] /a
[30/03/2017 19:27:44] /a
[30/03/2017 19:27:44] /a
[30/03/2017 19:27:45] /a
[30/03/2017 19:27:45] /a
[30/03/2017 19:27:45] /a
[30/03/2017 19:27:45] /a
[30/03/2017 19:27:45] /a
[30/03/2017 19:27:45] /a
[30/03/2017 19:27:45] /a
[30/03/2017 19:27:45] /a
[30/03/2017 19:27:45] /a
[30/03/2017 19:27:45] /a
[30/03/2017 19:27:45] /a
[30/03/2017 19:27:45] /a
[30/03/2017 19:27:45] /a
[30/03/2017 19:27:45] /a
[30/03/2017 19:27:45] /a
[30/03/2017 19:27:47] /i 16032
[30/03/2017 19:27:52] /i 16032
[30/03/2017 19:27:57] /i 16033
[30/03/2017 19:27:58] /i 16034
[30/03/2017 19:28:17] /t
[30/03/2017 19:41:35] /r
[30/03/2017 19:41:39] /r 100
[30/03/2017 19:43:25] /t
[30/03/2017 19:44:19] /r
[30/03/2017 19:44:25] /r
[30/03/2017 19:44:26] /r
[30/03/2017 19:44:27] /r
[30/03/2017 19:44:28] /r
[30/03/2017 19:44:29] /r
[30/03/2017 19:44:34] /r
[30/03/2017 19:44:38] /r
[30/03/2017 19:44:40] /r
[30/03/2017 19:44:42] /r
[30/03/2017 19:44:44] /r
[30/03/2017 19:44:46] /r
[30/03/2017 19:44:49] /r
[30/03/2017 19:44:53] /r
[30/03/2017 19:44:54] /r
[30/03/2017 19:44:55] /r
[30/03/2017 20:33:18] /town 4
[30/03/2017 20:33:22] /c troll
[30/03/2017 20:33:42] /t troll
[30/03/2017 20:33:43] /t
[30/03/2017 20:33:52] /b Eae 
[30/03/2017 20:34:49] /b ~Sam aqui
[30/03/2017 20:35:58] /b ~Sam aqui, Galera, sei que tem muitos bugs, mas essa não é a minha base, eu só coloquei meu mapa e items nessa base que apesar de bem bugada, sei que está ESTÁVEL, assim eu elimino a chance de queda ser no mapa, vou fazendo isso aos poucos
[30/03/2017 20:37:34] /b ~Sam aqui, Galera, sei que tem muitos bugs, mas essa não é a minha base, eu só coloquei meu mapa e items nessa base que apesar de bem bugada, sei que está ESTÁVEL, assim eu elimino a chance de queda ser no mapa, vou fazendo isso aos poucos
[30/03/2017 20:37:35] /b ~Sam aqui, Galera, sei que tem muitos bugs, mas essa não é a minha base, eu só coloquei meu mapa e items nessa base que apesar de bem bugada, sei que está ESTÁVEL, assim eu elimino a chance de queda ser no mapa, vou fazendo isso aos poucos
[30/03/2017 20:37:39] /b ~Sam aqui, Galera, sei que tem muitos bugs, mas essa não é a minha base, eu só coloquei meu mapa e items nessa base que apesar de bem bugada, sei que está ESTÁVEL, assim eu elimino a chance de queda ser no mapa, vou fazendo isso aos poucos
[30/03/2017 20:38:15] /b Nãao maden privado, não estou no meu pc, por team viewer é bem lagado kk, não precisa reportar nenhum bug, pq não é minha base essa, é só test
[30/03/2017 20:38:17] /b Nãao maden privado, não estou no meu pc, por team viewer é bem lagado kk, não precisa reportar nenhum bug, pq não é minha base essa, é só test
[30/03/2017 20:38:24] /b Nãao maden privado, não estou no meu pc, por team viewer é bem lagado kk, não precisa reportar nenhum bug, pq não é minha base essa, é só test, inclusive o dp
[30/03/2017 20:39:35] /b Não usem o DP, qualquer pessoa pode pegar seus items/pokemons, essa base está bugada, é só para test, logo será a certa
[30/03/2017 20:39:36] /b Não usem o DP, qualquer pessoa pode pegar seus items/pokemons, essa base está bugada, é só para test, logo será a certa
[30/03/2017 20:39:37] /b Não usem o DP, qualquer pessoa pode pegar seus items/pokemons, essa base está bugada, é só para test, logo será a certa
[30/03/2017 20:39:37] /b Não usem o DP, qualquer pessoa pode pegar seus items/pokemons, essa base está bugada, é só para test, logo será a certa
[30/03/2017 20:39:38] /b Não usem o DP, qualquer pessoa pode pegar seus items/pokemons, essa base está bugada, é só para test, logo será a certa
[30/03/2017 21:04:21] /b voltei amores
[30/03/2017 21:04:24] /ghost
[30/03/2017 21:05:40] /ghost
[30/03/2017 21:05:43] /goto mutante
[30/03/2017 21:07:18] /b Voces que ajuda de revive ? 20 ? help Responde
[30/03/2017 21:07:30] /a
[30/03/2017 21:07:30] /a
[30/03/2017 21:07:30] /a
[30/03/2017 21:07:30] /a
[30/03/2017 21:07:32] /a
[30/03/2017 21:07:32] /a
[30/03/2017 21:07:33] /a
[30/03/2017 21:07:33] /a
[30/03/2017 21:07:34] /a
[30/03/2017 21:07:34] /a
[30/03/2017 21:07:55] /b Quem quiser Revive faz fila saffron dp
[30/03/2017 21:08:13] /t
[30/03/2017 21:08:16] /ghost
[30/03/2017 21:08:30] /b !bug galera!
[30/03/2017 21:08:31] /b !bug galera!
[30/03/2017 21:09:06] /i 12344
[30/03/2017 21:09:12] /i 12344
[30/03/2017 21:10:12] /mc
[30/03/2017 21:12:11] /i 12344
[30/03/2017 21:12:11] /i 12344
[30/03/2017 21:12:11] /i 12344
[30/03/2017 21:12:29] /t hastad
[30/03/2017 21:13:23] /b Deu galera1
[30/03/2017 21:13:28] /b GO UPAR
[30/03/2017 21:14:32] /b  5.  57  -  Protox se e o top HAHAHA
[30/03/2017 21:14:52] /b Pessoal, ligue uma base estável que NÃO É A DO JOGO, somente com o MAPA E ITEMS do invictus, caso  caia, é pq tem algo errado com o mapa, por isso ele ligou essa base só com o mapa, não precisam reportar os bugs, já que essa base é outra.
[30/03/2017 21:15:01] /b Pessoal, ligue uma base estável que NÃO É A DO JOGO, somente com o MAPA E ITEMS do invictus, caso  caia, é pq tem algo errado com o mapa, por isso ele ligou essa base só com o mapa, não precisam reportar os bugs, já que essa base é outra.
[30/03/2017 21:15:06] /goto shiny onix
[30/03/2017 21:15:10] /ghost
[30/03/2017 21:23:02] /b Pessoal, ligue uma base estável que NÃO É A DO JOGO, somente com o MAPA E ITEMS do invictus, caso  caia, é pq tem algo errado com o mapa, por isso ele ligou essa base só com o mapa, não precisam reportar os bugs, já que essa base é outra.
[30/03/2017 21:25:32] /goto nego viaja
[30/03/2017 21:25:57] /ghost
[30/03/2017 21:27:09] /goto gewar
[30/03/2017 21:27:23] /t gewar
[30/03/2017 21:27:25] /r
[30/03/2017 21:27:26] /r
[30/03/2017 21:27:30] /a
[30/03/2017 21:27:31] /a
[30/03/2017 21:27:32] /t
[30/03/2017 21:27:41] /ghost
[30/03/2017 21:27:43] /ghost
[30/03/2017 21:27:46] /r
[30/03/2017 21:27:51] /goto gewar
[30/03/2017 21:28:00] /r
[30/03/2017 21:28:01] /i 11812
[30/03/2017 21:28:03] /i 11812
[30/03/2017 21:28:28] /t
[30/03/2017 21:28:42] /goto geltz
[30/03/2017 21:29:02] /ghost
[30/03/2017 21:29:08] /goto gewar
[30/03/2017 21:29:17] /ghost
[30/03/2017 21:29:45] /t gewar
[30/03/2017 21:29:46] /t 
[30/03/2017 21:29:56] /r
[30/03/2017 21:29:59] /r
[30/03/2017 21:30:01] /t
[30/03/2017 21:30:15] /goto geltz
[30/03/2017 21:30:24] /r
[30/03/2017 21:30:26] /r
[30/03/2017 21:30:28] /r
[30/03/2017 21:30:38] /goto gewar
[30/03/2017 21:30:45] /t
[30/03/2017 21:30:55] /r
[30/03/2017 21:30:57] /r
[30/03/2017 21:30:59] /t gewar
[30/03/2017 21:31:48] /goto gewar
[30/03/2017 21:32:02] /t gewar
[30/03/2017 21:32:41] /r
[30/03/2017 21:32:46] /t
[30/03/2017 21:33:27] /goto gewar
[30/03/2017 21:33:44] /r
[30/03/2017 21:34:31] /goto gewar
[30/03/2017 21:34:35] /t
[30/03/2017 21:42:35] /goto nego viaja
[30/03/2017 21:42:38] /goto geltz
[30/03/2017 21:43:11] /ghost
[30/03/2017 21:43:14] /ghost
[30/03/2017 21:43:24] /a
[30/03/2017 21:43:24] /a
[30/03/2017 21:43:24] /a
[30/03/2017 21:43:25] /a
[30/03/2017 21:43:25] /a
[30/03/2017 21:43:26] /a
[30/03/2017 21:43:26] /a
[30/03/2017 21:43:27] /a
[30/03/2017 21:43:27] /a
[30/03/2017 21:43:28] /a
[30/03/2017 21:43:28] /a
[30/03/2017 21:43:29] /a
[30/03/2017 21:43:29] /a
[30/03/2017 21:43:29] /a
[30/03/2017 21:43:29] /a
[30/03/2017 21:43:30] /a
[30/03/2017 21:43:30] /a
[30/03/2017 21:43:30] /a
[30/03/2017 21:43:30] /a
[30/03/2017 21:43:45] /goto mega pidgeot
[30/03/2017 21:46:06] /r
[30/03/2017 21:46:08] /r
[30/03/2017 21:46:09] /r
[30/03/2017 21:46:11] /r
[30/03/2017 21:46:20] /r
[30/03/2017 21:46:21] /r
[30/03/2017 21:46:22] /t
[30/03/2017 21:46:37] /goto geltz
[30/03/2017 21:47:41] /ghost
[30/03/2017 21:47:42] /ghost
[30/03/2017 21:48:11] /goto geltz
[30/03/2017 21:48:49] /r
[30/03/2017 21:48:53] /r
[30/03/2017 21:48:56] /r
[30/03/2017 21:49:04] /t
[30/03/2017 21:49:05] /goto geltz
[30/03/2017 21:50:21] /goto geltz
[30/03/2017 21:51:34] /r
[30/03/2017 21:51:36] /r
[30/03/2017 21:51:36] /r
[30/03/2017 21:51:51] /i mega stone
[30/03/2017 21:55:08] /goto geltz
[30/03/2017 21:55:15] /ghost
[30/03/2017 21:55:18] /r
[30/03/2017 21:57:07] /r
[30/03/2017 21:58:55] /goto geltz
[30/03/2017 22:00:01] /r
[30/03/2017 22:00:09] /r
[30/03/2017 22:00:37] /ghost
[30/03/2017 22:01:24] /ghost
[30/03/2017 22:01:56] /r
[30/03/2017 22:01:58] /r
[30/03/2017 22:02:33] /t geltz
[30/03/2017 22:02:35] /ghost
[30/03/2017 22:02:38] /ghost
[30/03/2017 22:02:39] /t
[30/03/2017 22:03:17] /r
[30/03/2017 22:06:44] /r
[30/03/2017 22:06:49] /r
[30/03/2017 22:08:13] /ghost
[30/03/2017 22:08:14] /ghost
[30/03/2017 22:08:55] /b daqui a pouco irei reiniciar, para colocar mais atts, estou colocando aos poucos nessa base aqui, pra caso tenha queda, saber o motivo!
[30/03/2017 22:08:58] /b daqui a pouco irei reiniciar, para colocar mais atts, estou colocando aos poucos nessa base aqui, pra caso tenha queda, saber o motivo!
[30/03/2017 22:08:58] /b daqui a pouco irei reiniciar, para colocar mais atts, estou colocando aos poucos nessa base aqui, pra caso tenha queda, saber o motivo!
[30/03/2017 22:08:59] /b daqui a pouco irei reiniciar, para colocar mais atts, estou colocando aos poucos nessa base aqui, pra caso tenha queda, saber o motivo!
[30/03/2017 22:09:00] /b daqui a pouco irei reiniciar, para colocar mais atts, estou colocando aos poucos nessa base aqui, pra caso tenha queda, saber o motivo!
[30/03/2017 22:09:03] /b daqui a pouco irei reiniciar, para colocar mais atts, estou colocando aos poucos nessa base aqui, pra caso tenha queda, saber o motivo!
[30/03/2017 22:09:04] /b daqui a pouco irei reiniciar, para colocar mais atts, estou colocando aos poucos nessa base aqui, pra caso tenha queda, saber o motivo!
[30/03/2017 22:10:47] /t
[30/03/2017 22:17:33] /goto geltza
[30/03/2017 22:17:35] /goto geltz
[30/03/2017 22:20:24] /goto geltza
[30/03/2017 22:20:27] /goto geltz
[30/03/2017 22:22:17] /goto geltz
[30/03/2017 22:23:43] /t
[30/03/2017 22:25:50] /goto geltz
[30/03/2017 22:25:55] /ghost
[30/03/2017 22:25:56] /goto geltz 
[30/03/2017 22:25:58] /goto geltz 
[30/03/2017 22:25:58] /goto geltz 
[30/03/2017 22:25:59] /goto geltz 
[30/03/2017 22:25:59] /goto geltz 
[30/03/2017 22:25:59] /goto geltz 
[30/03/2017 22:26:00] /goto geltz 
[30/03/2017 22:26:00] /goto geltz 
[30/03/2017 22:26:00] /goto geltz /goto geltz 
[30/03/2017 22:27:16] /ghost
[30/03/2017 22:27:58] /r
[30/03/2017 22:29:02] /gethouse
[30/03/2017 22:29:04] /gethouse
[30/03/2017 22:29:20] /t
[30/03/2017 22:29:24] /ghost
[30/03/2017 22:29:25] /ghost
[30/03/2017 23:04:44] /ghost
[30/03/2017 23:04:46] /ghost
[30/03/2017 23:04:47] /goto geltz
[30/03/2017 23:05:02] /r
[30/03/2017 23:05:04] /r
[30/03/2017 23:05:05] /r
[30/03/2017 23:05:40] /r
[30/03/2017 23:07:07] /t
[30/03/2017 23:08:02] /b Vou reiniciar o server em 1 minuto, digam !save
[30/03/2017 23:08:37] /b Vou reiniciar o server em 1 minuto, digam !save (colocar algumas correções, aos poucos, lembrando que já existem todas, mas alguam está causando queda, então vou colocando aos poucos para descobrir)
[30/03/2017 23:08:43] /b Vou reiniciar o server em 1 minuto, digam !save (colocar algumas correções, aos poucos, lembrando que já existem todas, mas alguem está causando queda, então vou colocando aos poucos para descobrir)
[30/03/2017 23:10:24] /b Vou reiniciar o server em 1 minuto, digam !save (colocar algumas correções, aos poucos, lembrando que já existem todas, mas alguam está causando queda, então vou colocando aos poucos para descobrir)
[30/03/2017 23:10:25] /b Vou reiniciar o server em 1 minuto, digam !save (colocar algumas correções, aos poucos, lembrando que já existem todas, mas alguam está causando queda, então vou colocando aos poucos para descobrir)
[30/03/2017 23:10:27] /b Vou reiniciar o server em 1 minuto, digam !save (colocar algumas correções, aos poucos, lembrando que já existem todas, mas alguam está causando queda, então vou colocando aos poucos para descobrir)
[30/03/2017 23:10:29] /b reiniciando
[30/03/2017 23:10:32] /save
[30/03/2017 23:10:45] /b 7
