[08/08/2016 21:56:26] /a 4
[08/08/2016 21:59:59] /r
[08/08/2016 22:04:22] /r
[08/08/2016 22:08:14] /r
[08/08/2016 22:12:35] /goto snop
[08/08/2016 22:16:50] /goto snop
[08/08/2016 22:21:02] /s kyogre
[08/08/2016 22:21:06] /m kyogre
[08/08/2016 22:21:43] /r
[08/08/2016 22:22:46] /i shiny stone
[08/08/2016 22:24:11] /goto snop
[08/08/2016 22:25:03] /a 20
[08/08/2016 22:25:07] /a 3
[08/08/2016 22:25:24] /a 3
[08/08/2016 22:26:45] /a 5
[08/08/2016 22:27:55] /a 5
[08/08/2016 22:28:51] /a 10
[08/08/2016 22:28:55] /a 10
[08/08/2016 22:29:17] /a 10
[08/08/2016 22:29:21] /a 5
[08/08/2016 22:29:34] /a 10
[08/08/2016 22:32:50] /goto snop
[08/08/2016 22:34:44] /i vileplume addon
[08/08/2016 22:41:52] /a 3
[08/08/2016 22:41:55] /a 3
[08/08/2016 22:45:25] /m mew
[08/08/2016 22:45:53] /r
[08/08/2016 22:52:36] /attr name lol
[08/08/2016 22:52:44] /attr rename lol
[08/08/2016 22:53:37] /attr name,lol
[08/08/2016 22:53:41] /attr name
[08/08/2016 22:53:47] /attr name teste
[08/08/2016 22:54:18] /attr duration 10
[08/08/2016 22:54:26] /attr duration
[08/08/2016 22:55:56] /r
[08/08/2016 22:56:09] /r
[08/08/2016 22:56:18] /r
[08/08/2016 22:56:25] /r
[08/08/2016 22:56:28] /t
[08/08/2016 22:56:35] /raid
[08/08/2016 22:56:59] /attr count 100
[08/08/2016 22:57:09] /attr text oi
[08/08/2016 22:57:16] /attr text "testo"
[08/08/2016 22:57:31] /r
[08/08/2016 22:57:41] /attr sex
[08/08/2016 22:57:45] /attr sex
[08/08/2016 22:58:16] /attr sex
[10/08/2016 19:36:09] /goto Snop
[10/08/2016 19:37:17] /goto Snop
[10/08/2016 19:38:31] /goto Snop
[10/08/2016 19:39:47] /t
[10/08/2016 19:40:34] !revert
[10/08/2016 19:40:40] /goto Snop
[10/08/2016 19:42:22] /a 5
[10/08/2016 19:42:35] /a 5
[10/08/2016 19:42:36] /a 5
[10/08/2016 19:42:40] /a 5
[10/08/2016 19:42:41] /a 5
[10/08/2016 19:42:49] /a 5
[10/08/2016 19:42:52] /a 5
[10/08/2016 19:44:26] /t
[10/08/2016 19:45:15] /goto Snop
[10/08/2016 19:45:31] /goto Snop
[10/08/2016 19:45:36] /i camera
[10/08/2016 19:45:46] /t
[10/08/2016 19:45:52] /b liga cam
[10/08/2016 19:47:21] /goto zapdos
[10/08/2016 19:47:25] /goto Snop
[10/08/2016 19:47:27] /a 10
[10/08/2016 19:47:29] /a 10
[10/08/2016 19:47:31] /a 10
[10/08/2016 19:47:32] /a 10
[10/08/2016 19:47:35] /a 10
[10/08/2016 19:47:38] /a 10
[10/08/2016 19:47:39] /a 10
[10/08/2016 19:47:41] /t
[10/08/2016 19:47:44] /m zapdo
[10/08/2016 19:47:45] /m zapdos
[10/08/2016 19:53:57] /i alakazam
[10/08/2016 19:54:05] /i alakazanite
[10/08/2016 19:54:10] /i y-ghost
[10/08/2016 19:54:33] /i x-hellfire
[10/08/2016 19:54:36] /i x-hellfire t7
[10/08/2016 19:54:37] /i x-hellfire t7.
[10/08/2016 19:56:26] /goto sabrina
[10/08/2016 19:56:29] /n sabrina
[10/08/2016 19:59:25] /m charizard
[10/08/2016 20:00:19] /m mew
[10/08/2016 20:00:38] /attr health -10000
[10/08/2016 20:00:40] /attr health -10000
[10/08/2016 20:00:44] /goto Victor
[10/08/2016 20:00:46] /goto Victor
[10/08/2016 20:00:48] /goto Victor
[10/08/2016 20:00:49] /goto Victor
[10/08/2016 20:00:49] /goto Victor
[10/08/2016 20:00:49] /goto Victor
[10/08/2016 20:00:50] /goto Victor
[10/08/2016 20:00:52] /goto Victor
[10/08/2016 20:00:52] /t
[10/08/2016 20:01:06] /c Victor
[10/08/2016 20:01:09] /c Victor
[10/08/2016 20:02:10] /goto Snop
[10/08/2016 20:02:14] /goto Victor
[10/08/2016 20:02:27] /goto Victor
[10/08/2016 20:03:39] /i magu ball
[10/08/2016 20:03:41] /m charizard
[10/08/2016 20:03:42] /m charizard
[10/08/2016 20:03:42] /m charizard
[10/08/2016 20:03:43] /m charizard
[10/08/2016 20:03:43] /m charizard
[10/08/2016 20:03:43] /m charizard
[10/08/2016 20:03:44] /m charizard
[10/08/2016 20:03:44] /m charizard
[10/08/2016 20:03:45] /m charizard
[10/08/2016 20:04:15] /goto Victor
[10/08/2016 20:04:37] /goto Scizor
[10/08/2016 20:04:55] /m charizard
[10/08/2016 20:04:55] /m charizard
[10/08/2016 20:04:55] /m charizard
[10/08/2016 20:04:55] /m charizard
[10/08/2016 20:04:55] /m charizard
[10/08/2016 20:04:56] /m charizard
[10/08/2016 20:04:56] /m charizard
[10/08/2016 20:04:56] /m charizard
[10/08/2016 20:04:56] /m charizard
[10/08/2016 20:04:56] /m charizard
[10/08/2016 20:04:56] /m charizard
[10/08/2016 20:04:56] /m charizard
[10/08/2016 20:04:56] /m charizard
[10/08/2016 20:04:56] /m charizard
[10/08/2016 20:04:56] /m charizard
[10/08/2016 20:04:56] /m charizard
[10/08/2016 20:04:56] /m charizard
[10/08/2016 20:04:56] /m charizard
[10/08/2016 20:04:56] /m charizard
[10/08/2016 20:04:56] /m charizard
[10/08/2016 20:04:56] /m charizard
[10/08/2016 20:04:56] /m charizard
[10/08/2016 20:04:56] /m charizard
[10/08/2016 20:04:56] /m charizard
[10/08/2016 20:04:56] /m charizard
[10/08/2016 20:04:56] /m charizard
[10/08/2016 20:04:56] /m charizard
[10/08/2016 20:04:56] /m charizard
[10/08/2016 20:04:56] /m charizard
[10/08/2016 20:04:56] /m charizard
[10/08/2016 20:04:56] /m charizard
[10/08/2016 20:04:56] /m charizard
[10/08/2016 20:04:56] /m charizard
[10/08/2016 20:04:56] /m charizard
[10/08/2016 20:04:56] /m charizard
[10/08/2016 20:04:56] /m charizard
[10/08/2016 20:04:57] /m charizard
[10/08/2016 20:04:57] /m charizard
[10/08/2016 20:04:57] /m charizard
[10/08/2016 20:04:57] /m charizard
[10/08/2016 20:04:57] /m charizard
[10/08/2016 20:04:57] /m charizard
[10/08/2016 20:04:57] /m charizard
[10/08/2016 20:04:57] /m charizard
[10/08/2016 20:04:57] /m charizard
[10/08/2016 20:04:57] /m charizard
[10/08/2016 20:04:57] /m charizard
[10/08/2016 20:04:57] /m charizard
[10/08/2016 20:04:57] /m charizard
[10/08/2016 20:04:57] /m charizard
[10/08/2016 20:04:57] /m charizard
[10/08/2016 20:04:57] /m charizard
[10/08/2016 20:04:57] /m charizard
[10/08/2016 20:04:57] /m charizard
[10/08/2016 20:04:57] /m charizard
[10/08/2016 20:04:57] /m charizard
[10/08/2016 20:04:57] /m charizard
[10/08/2016 20:04:57] /m charizard
[10/08/2016 20:04:57] /m charizard
[10/08/2016 20:04:57] /m charizard
[10/08/2016 20:04:57] /m charizard
[10/08/2016 20:04:57] /m charizard
[10/08/2016 20:04:57] /m charizard
[10/08/2016 20:04:57] /m charizard
[10/08/2016 20:04:57] /m charizard
[10/08/2016 20:04:57] /m charizard
[10/08/2016 20:04:57] /m charizard
[10/08/2016 20:04:57] /m charizard
[10/08/2016 20:05:01] /a 2
[10/08/2016 20:05:05] /m charizard
[10/08/2016 20:05:06] /m charizard
[10/08/2016 20:05:06] /m charizard
[10/08/2016 20:05:06] /m charizard
[10/08/2016 20:05:06] /m charizard
[10/08/2016 20:05:06] /m charizard
[10/08/2016 20:05:06] /m charizard
[10/08/2016 20:05:06] /m charizard
[10/08/2016 20:05:06] /m charizard
[10/08/2016 20:05:06] /m charizard
[10/08/2016 20:05:06] /m charizard
[10/08/2016 20:05:06] /m charizard
[10/08/2016 20:05:06] /m charizard
[10/08/2016 20:05:06] /m charizard
[10/08/2016 20:05:06] /m charizard
[10/08/2016 20:05:06] /m charizard
[10/08/2016 20:05:06] /m charizard
[10/08/2016 20:05:06] /m charizard
[10/08/2016 20:05:06] /m charizard
[10/08/2016 20:05:06] /m charizard
[10/08/2016 20:05:06] /m charizard
[10/08/2016 20:05:07] /m charizard
[10/08/2016 20:05:07] /m charizard
[10/08/2016 20:05:07] /m charizard
[10/08/2016 20:05:07] /m charizard
[10/08/2016 20:05:07] /m charizard
[10/08/2016 20:05:07] /m charizard
[10/08/2016 20:05:07] /m charizard
[10/08/2016 20:05:07] /m charizard
[10/08/2016 20:05:07] /m charizard
[10/08/2016 20:05:07] /m charizard
[10/08/2016 20:05:07] /m charizard
[10/08/2016 20:05:07] /m charizard
[10/08/2016 20:05:07] /m charizard
[10/08/2016 20:05:07] /m charizard
[10/08/2016 20:05:07] /m charizard
[10/08/2016 20:05:07] /m charizard
[10/08/2016 20:05:07] /m charizard
[10/08/2016 20:05:07] /m charizard
[10/08/2016 20:05:07] /m charizard
[10/08/2016 20:05:07] /m charizard
[10/08/2016 20:05:07] /m charizard
[10/08/2016 20:05:07] /m charizard
[10/08/2016 20:05:07] /m charizard
[10/08/2016 20:05:07] /m charizard
[10/08/2016 20:05:07] /m charizard
[10/08/2016 20:05:07] /m charizard
[10/08/2016 20:05:07] /m charizard
[10/08/2016 20:05:07] /m charizard
[10/08/2016 20:05:07] /m charizard
[10/08/2016 20:05:07] /m charizard
[10/08/2016 20:05:07] /m charizard
[10/08/2016 20:05:07] /m charizard
[10/08/2016 20:05:07] /m charizard
[10/08/2016 20:05:07] /m charizard
[10/08/2016 20:05:07] /m charizard
[10/08/2016 20:05:07] /m charizard
[10/08/2016 20:05:07] /m charizard
[10/08/2016 20:05:07] /m charizard
[10/08/2016 20:05:08] /m charizard
[10/08/2016 20:05:08] /m charizard
[10/08/2016 20:05:08] /m charizard
[10/08/2016 20:05:08] /m charizard
[10/08/2016 20:05:08] /m charizard
[10/08/2016 20:05:09] /m charizard
[10/08/2016 20:05:09] /m charizard
[10/08/2016 20:05:09] /m charizard
[10/08/2016 20:05:09] /m charizard
[10/08/2016 20:05:09] /m charizard
[10/08/2016 20:05:09] /m charizard
[10/08/2016 20:05:09] /m charizard
[10/08/2016 20:05:09] /m charizard
[10/08/2016 20:05:09] /m charizard
[10/08/2016 20:05:09] /m charizard
[10/08/2016 20:05:09] /m charizard
[10/08/2016 20:05:09] /m charizard
[10/08/2016 20:05:09] /m charizard
[10/08/2016 20:05:09] /m charizard
[10/08/2016 20:05:09] /m charizard
[10/08/2016 20:05:09] /m charizard
[10/08/2016 20:05:09] /m charizard
[10/08/2016 20:05:09] /m charizard
[10/08/2016 20:05:09] /m charizard
[10/08/2016 20:05:09] /m charizard
[10/08/2016 20:05:09] /m charizard
[10/08/2016 20:05:09] /m charizard
[10/08/2016 20:05:09] /m charizard
[10/08/2016 20:05:09] /m charizard
[10/08/2016 20:05:09] /m charizard
[10/08/2016 20:05:09] /m charizard
[10/08/2016 20:05:10] /m charizard
[10/08/2016 20:05:10] /m charizard
[10/08/2016 20:05:10] /m charizard
[10/08/2016 20:05:10] /m charizard
[10/08/2016 20:05:10] /m charizard
[10/08/2016 20:05:10] /m charizard
[10/08/2016 20:05:10] /m charizard
[10/08/2016 20:05:10] /m charizard
[10/08/2016 20:05:10] /m charizard
[10/08/2016 20:05:10] /m charizard
[10/08/2016 20:05:10] /m charizard
[10/08/2016 20:05:10] /m charizard
[10/08/2016 20:05:10] /m charizard
[10/08/2016 20:05:10] /m charizard
[10/08/2016 20:05:10] /m charizard
[10/08/2016 20:05:10] /m charizard
[10/08/2016 20:05:10] /m charizard
[10/08/2016 20:05:10] /m charizard
[10/08/2016 20:05:10] /m charizard
[10/08/2016 20:05:10] /m charizard
[10/08/2016 20:05:10] /m charizard
[10/08/2016 20:05:10] /m charizard
[10/08/2016 20:05:10] /m charizard
[10/08/2016 20:05:10] /m charizard
[10/08/2016 20:05:10] /m charizard
[10/08/2016 20:05:10] /m charizard
[10/08/2016 20:05:10] /m charizard
[10/08/2016 20:05:10] /m charizard
[10/08/2016 20:05:10] /m charizard
[10/08/2016 20:05:10] /m charizard
[10/08/2016 20:05:11] /m charizard
[10/08/2016 20:05:11] /m charizard
[10/08/2016 20:05:11] /m charizard
[10/08/2016 20:05:11] /m charizard
[10/08/2016 20:05:11] /m charizard
[10/08/2016 20:05:11] /m charizard
[10/08/2016 20:05:11] /m charizard
[10/08/2016 20:05:11] /m charizard
[10/08/2016 20:05:11] /m charizard
[10/08/2016 20:05:11] /m charizard
[10/08/2016 20:05:11] /m charizard
[10/08/2016 20:05:11] /m charizard
[10/08/2016 20:05:11] /m charizard
[10/08/2016 20:05:11] /m charizard
[10/08/2016 20:05:11] /m charizard
[10/08/2016 20:05:11] /m charizard
[10/08/2016 20:05:11] /m charizard
[10/08/2016 20:05:11] /m charizard
[10/08/2016 20:05:11] /m charizard
[10/08/2016 20:05:11] /m charizard
[10/08/2016 20:05:11] /m charizard
[10/08/2016 20:05:11] /m charizard
[10/08/2016 20:05:11] /m charizard
[10/08/2016 20:05:11] /m charizard
[10/08/2016 20:05:12] /m charizard
[10/08/2016 20:05:12] /m charizard
[10/08/2016 20:05:12] /m charizard
[10/08/2016 20:05:12] /m charizard
[10/08/2016 20:05:12] /m charizard
[10/08/2016 20:05:12] /m charizard
[10/08/2016 20:05:12] /m charizard
[10/08/2016 20:05:12] /m charizard
[10/08/2016 20:05:12] /m charizard
[10/08/2016 20:05:12] /m charizard
[10/08/2016 20:05:12] /m charizard
[10/08/2016 20:05:12] /m charizard
[10/08/2016 20:05:12] /m charizard
[10/08/2016 20:05:12] /m charizard
[10/08/2016 20:05:12] /m charizard
[10/08/2016 20:05:12] /m charizard
[10/08/2016 20:05:12] /m charizard
[10/08/2016 20:05:12] /m charizard
[10/08/2016 20:05:13] /m charizard
[10/08/2016 20:05:13] /m charizard
[10/08/2016 20:05:13] /m charizard
[10/08/2016 20:05:13] /m charizard
[10/08/2016 20:05:13] /m charizard
[10/08/2016 20:05:13] /m charizard
[10/08/2016 20:05:13] /m charizard
[10/08/2016 20:05:13] /m charizard
[10/08/2016 20:05:13] /m charizard
[10/08/2016 20:05:13] /m charizard
[10/08/2016 20:05:13] /m charizard
[10/08/2016 20:05:13] /m charizard
[10/08/2016 20:05:13] /m charizard
[10/08/2016 20:05:13] /m charizard
[10/08/2016 20:05:13] /m charizard
[10/08/2016 20:05:13] /m charizard
[10/08/2016 20:05:13] /m charizard
[10/08/2016 20:05:13] /m charizard
[10/08/2016 20:05:13] /m charizard
[10/08/2016 20:05:13] /m charizard
[10/08/2016 20:05:13] /m charizard
[10/08/2016 20:05:13] /m charizard
[10/08/2016 20:05:13] /m charizard
[10/08/2016 20:05:13] /m charizard
[10/08/2016 20:05:13] /m charizard
[10/08/2016 20:05:13] /m charizard
[10/08/2016 20:05:13] /m charizard
[10/08/2016 20:05:13] /m charizard
[10/08/2016 20:05:13] /m charizard
[10/08/2016 20:05:13] /m charizard
[10/08/2016 20:05:13] /m charizard
[10/08/2016 20:05:13] /m charizard
[10/08/2016 20:05:13] /m charizard
[10/08/2016 20:05:13] /m charizard
[10/08/2016 20:05:13] /m charizard
[10/08/2016 20:05:13] /m charizard
[10/08/2016 20:05:13] /m charizard
[10/08/2016 20:05:13] /m charizard
[10/08/2016 20:05:13] /m charizard
[10/08/2016 20:05:13] /m charizard
[10/08/2016 20:05:13] /m charizard
[10/08/2016 20:05:13] /m charizard
[10/08/2016 20:05:13] /m charizard
[10/08/2016 20:05:13] /m charizard
[10/08/2016 20:05:13] /m charizard
[10/08/2016 20:05:13] /m charizard
[10/08/2016 20:05:14] /m charizard
[10/08/2016 20:05:14] /m charizard
[10/08/2016 20:05:14] /m charizard
[10/08/2016 20:05:14] /m charizard
[10/08/2016 20:05:14] /m charizard
[10/08/2016 20:05:14] /m charizard
[10/08/2016 20:05:14] /m charizard
[10/08/2016 20:05:14] /m charizard
[10/08/2016 20:05:14] /m charizard
[10/08/2016 20:05:14] /m charizard
[10/08/2016 20:05:14] /m charizard
[10/08/2016 20:05:14] /m charizard
[10/08/2016 20:05:14] /m charizard
[10/08/2016 20:05:14] /m charizard
[10/08/2016 20:05:14] /m charizard
[10/08/2016 20:05:14] /m charizard
[10/08/2016 20:05:14] /m charizard
[10/08/2016 20:05:14] /m charizard
[10/08/2016 20:05:14] /m charizard
[10/08/2016 20:05:14] /m charizard
[10/08/2016 20:05:14] /m charizard
[10/08/2016 20:05:14] /m charizard
[10/08/2016 20:05:14] /m charizard
[10/08/2016 20:05:14] /m charizard
[10/08/2016 20:05:14] /m charizard
[10/08/2016 20:05:14] /m charizard
[10/08/2016 20:05:14] /m charizard
[10/08/2016 20:05:14] /m charizard
[10/08/2016 20:05:15] /m charizard
[10/08/2016 20:05:15] /m charizard
[10/08/2016 20:05:15] /m charizard
[10/08/2016 20:05:15] /m charizard
[10/08/2016 20:05:15] /m charizard
[10/08/2016 20:05:15] /m charizard
[10/08/2016 20:05:15] /m charizard
[10/08/2016 20:05:15] /m charizard
[10/08/2016 20:05:15] /m charizard
[10/08/2016 20:05:15] /m charizard
[10/08/2016 20:05:15] /m charizard
[10/08/2016 20:05:15] /m charizard
[10/08/2016 20:05:15] /m charizard
[10/08/2016 20:05:15] /m charizard
[10/08/2016 20:05:15] /m charizard
[10/08/2016 20:05:15] /m charizard
[10/08/2016 20:05:15] /m charizard
[10/08/2016 20:05:28] /a 1
[10/08/2016 20:06:14] /m charizard
[10/08/2016 20:11:09] /goto Victor
[10/08/2016 20:11:31] /i revive
