[14/06/2017 21:15:00] /mute Kroke, 10
[14/06/2017 21:46:59] /mute Yasuo, 5
[14/06/2017 22:40:46] /mute Drazyn, 1
[14/06/2017 22:41:32] /desmute Drazy
[14/06/2017 22:41:38] /desmute Drazyn
[15/06/2017 09:15:35] /mute Drazyn,10
[15/06/2017 09:24:08] /desmute Drazyn
[15/06/2017 09:26:37] /mute Pimpimenta Rxx, 5
[15/06/2017 13:09:54] /mute Drazyn
[15/06/2017 13:09:57] /mute Drazyn, 10
[15/06/2017 13:10:41] /mute Drazyn, 10
[15/06/2017 13:11:27] /mute Drazyn, 10
[15/06/2017 13:11:53] /mute Drazyn, 10
[15/06/2017 13:13:09] /mute Drazyn, 10
[15/06/2017 13:15:19] /mute Drazyn, 5
[15/06/2017 14:25:06] /mute Kyogron
[15/06/2017 14:25:09] /mute Kyogron, 10
[15/06/2017 14:26:06] /desmute Kyogron
[15/06/2017 14:45:07] /mute Sam lecter
[15/06/2017 14:45:11] /mute Sam lecter, 2
[15/06/2017 14:46:34] /mute Sam lecter
[15/06/2017 14:46:40] /mute Sam lecter, 2
[15/06/2017 14:47:03] /mute Sam lecter, 2
[15/06/2017 14:53:03] /mute Sam Lecter, 10
[15/06/2017 15:14:00] /mute Kyogron, 1
[15/06/2017 15:14:05] /desmute Kyogron
[15/06/2017 15:18:11] /mute Kyogron, 1
[15/06/2017 15:18:52] /mute Nezumi, 1
[15/06/2017 15:23:44] /mute Drazyn, 10
[15/06/2017 15:25:14] /mute Nezumi, 1
[15/06/2017 15:25:24] /mute Nezumi, 1
[15/06/2017 15:26:00] /mute Nezumi, 1
[15/06/2017 15:27:14] /mute Nezumi, 2
[15/06/2017 15:27:21] /mute Kyogron, 1
[15/06/2017 15:27:54] /mute Kyogron, 1
[15/06/2017 15:28:08] /desmute Kyogron
[15/06/2017 15:28:16] /desmute Drazyn
[15/06/2017 15:28:44] /mute Medduso, 2
[15/06/2017 18:35:01] /mute  Buiu, 5
[17/06/2017 00:22:38] /mute The Walker, 2
[17/06/2017 00:22:57] /desmute The Walker
[17/06/2017 00:35:45] /mute iami, 2
[17/06/2017 20:43:45] /mute Hemorroidalokaa, 5
[17/06/2017 21:45:09] /mute The Walker, 90
[17/06/2017 21:45:16] /desmute The Walker
[17/06/2017 21:45:23] /desmute The Walker
[17/06/2017 21:45:37] /desmute The Walker
[17/06/2017 21:45:42] /desmute The Walker
[17/06/2017 21:45:58] /desmute The Walker
[17/06/2017 21:46:15] /desmute The Walker
[17/06/2017 21:46:15] /desmute The Walker
[17/06/2017 21:46:15] /desmute The Walker
[17/06/2017 21:46:15] /desmute The Walker
[17/06/2017 21:46:16] /desmute The Walker
[17/06/2017 21:46:16] /desmute The Walker
[17/06/2017 21:46:16] /desmute The Walker
[18/06/2017 10:36:06] /mute Nezumi, 1
[18/06/2017 10:36:10] /desmute Nezumi
[18/06/2017 15:30:09] /desmute Pimpimenta Rxx
[18/06/2017 15:30:12] /desmute Pimpimenta Rxx
[18/06/2017 15:30:16] /desmute Pimpimenta Rxx
[18/06/2017 15:39:46] /mute Pimpimenta Rxx, 1
[18/06/2017 15:49:32] /mute Alucard, 1
[21/06/2017 16:12:33] /mute Scorpion Dark, 2
[27/06/2017 19:56:10] /mute Mathewsms, 5
[28/06/2017 19:39:55] /mute Zoka
[28/06/2017 19:39:59] /mute Zoka, 2
[28/06/2017 21:15:19] /mute Mini Bea, 2
[28/06/2017 21:15:50] /desmute Mini Bea
[28/06/2017 21:16:44] /mute Sam lecter, 0
[28/06/2017 21:16:51] /mute Drazyn, 0
[28/06/2017 21:18:28] /mute Thug, 00000
[28/06/2017 21:45:43] /mute Pimpimenta Rxx, 10
[29/06/2017 18:44:29] /mute Rorgon, 10
[29/06/2017 18:44:58] /mute Rorgon, 1
[29/06/2017 18:46:46] /mute Siles, 60
[29/06/2017 18:46:58] /mute Siles, 10
[30/06/2017 22:14:32] /mute Negro Drama, 2
[30/06/2017 22:33:04] /mute Negro Drama, 20
[02/07/2017 08:01:32] /mute Wood, 2
[02/07/2017 12:27:04] /mute Flor, 5
[02/07/2017 13:47:23] /mute Fantz, 1
[02/07/2017 13:47:26] /mute Rayto, 1
[02/07/2017 13:47:52] /mute Drazyn, 0.5
[02/07/2017 14:58:20] /mute Fantz, 2
[02/07/2017 16:05:29] /mute Flor, 15000
[02/07/2017 16:06:25] /mute Drazyn, 1
[02/07/2017 16:07:18] /mute Drazyn, 0.001
[02/07/2017 16:10:43] /mute Pjw Serv, 5
[02/07/2017 16:22:07] /mute Flor, 5
[02/07/2017 17:24:17] /mute Shiny Werered
[02/07/2017 17:24:19] /mute Shiny Werered, 5
[02/07/2017 17:31:45] /mute Lord Sayren, 500
[02/07/2017 21:10:02] /mute Drogaa, 5
[03/07/2017 21:41:31] /mute Fantz, 300
[03/07/2017 21:41:37] /mute Fantz, 0.001
[03/07/2017 22:55:00] /mute Death, 5
[04/07/2017 14:12:42] /mute Ghost, 1
[04/07/2017 16:02:01] /mute wood, 5
