[29/06/2017 00:10:57] /mute
[29/06/2017 00:11:00] /desmute
[29/06/2017 00:12:41] /mute Jholfre,1
[29/06/2017 02:03:28] /mute Game Overr,2
[29/06/2017 02:03:36] /desmute Game Overr
[29/06/2017 02:07:36] /mute Princess,1
[29/06/2017 02:07:47] /mute Pjw Serv,1
[29/06/2017 02:08:50] /mute Blackdrama,2
[29/06/2017 16:03:57] /desmute Fantz
[29/06/2017 16:04:08] /mute Thug,1
[29/06/2017 16:33:14] /mute Anonymous,1
[29/06/2017 18:07:43] /mute Skkyni,1
[29/06/2017 18:14:23] /mute Anderzikashow,2
[29/06/2017 19:00:10] /mute Pimpimenta Rxx,1
[29/06/2017 19:21:01] /mute Rafhgan Zaokl,2
[29/06/2017 19:44:42] /mute Quero Treecko Agora,1
[30/06/2017 07:57:28] /mute Ericcartman,1
[30/06/2017 08:46:03] /mute Augustinho-br,1
[30/06/2017 11:45:05] /mute Andersonzika,2
[30/06/2017 12:06:30] /mute Andersonzika,3
[30/06/2017 12:32:25] /mute Ghost,1
[30/06/2017 12:58:05] /mute Pimpimenta Rxx,1
[30/06/2017 13:11:27] /mute Anderrsondnv,5
[30/06/2017 15:53:59] /mute Neutra,1
[30/06/2017 15:56:02] /mute Skull Black,5
[30/06/2017 16:37:31] /desmute Fantz
[30/06/2017 19:39:06] /mute Otop Semrank,1
[30/06/2017 20:09:52] /mute Drazy
[30/06/2017 20:40:07] /mute siles,1
[01/07/2017 07:49:57] /mute Tiunazi,1
[01/07/2017 08:15:59] /mute Shun Yuusha,1
[01/07/2017 08:23:25] /mute Shun Yuusha,2
[01/07/2017 08:27:01] /mute Shun Yuusha,10
[01/07/2017 08:47:25] /mute Shun Yuusha,5
[01/07/2017 08:54:04] /mute Shun Yuusha,15
[01/07/2017 09:40:29] /mute Paaradoxx,1
[01/07/2017 10:38:56] /mute Shun Yuusha,1
[01/07/2017 10:46:28] /mute Shun Yuusha,5
[01/07/2017 12:31:06] /mute Flor,1
[01/07/2017 12:54:14] /mute Siles,1
[01/07/2017 13:36:59] /mute Pimpimenta Rxx,1
[01/07/2017 13:41:57] /mute Paaradoxx,1
[01/07/2017 14:02:20] /mute Khadgar,1
[01/07/2017 14:21:52] /mute Perish,1
[01/07/2017 14:25:05] /mute Shun Yuusha,3
[01/07/2017 14:25:25] /desmute Shun yuusha
[01/07/2017 14:25:36] /mute Perish,3
[01/07/2017 15:37:21] /mute Perish,10
[01/07/2017 16:01:34] /mute Wood,1
[01/07/2017 16:28:57] /mute Night Ofc,1
[01/07/2017 16:30:26] /mute Siles,1
[01/07/2017 16:33:43] /mute Siles,3
[01/07/2017 17:11:57] /mute Quero Treecko Agora,1
[01/07/2017 17:17:13] /mute Andrefsal,3
[01/07/2017 18:47:53] /mute Negro Drama,2
[01/07/2017 20:12:58] /mute Shazam Russem,2
[01/07/2017 20:39:42] /mute Drogaa,1
[01/07/2017 21:17:26] /mute Negro Drama,3
[01/07/2017 21:18:27] /mute Shun Yuusha,3
[01/07/2017 21:26:29] /mute Lucas Jotapeg,3
[01/07/2017 21:58:04] /mute Ghost,3
[01/07/2017 22:21:45] /mute Marcelote,3
[02/07/2017 08:01:17] /mute Solo Player,1
[02/07/2017 09:12:25] /mute Death,5
[02/07/2017 10:08:00] /mute Coisar,3
[02/07/2017 10:13:20] /mute Princesa Sofia,1
[02/07/2017 11:57:51] /mute Marcelote,3
[02/07/2017 12:13:48] /mute Pimpimenta Rxx,2
[02/07/2017 12:14:13] /mute Wood,2
[02/07/2017 12:14:22] /mute Sem Comentarios,2
[02/07/2017 13:27:51] /mute Siles,3
[02/07/2017 13:28:52] /desmute Siles
[02/07/2017 13:29:05] /desmute Siles
[02/07/2017 13:32:17] /mute Vendocoisa,1
[02/07/2017 13:32:33] /mute Vendocoisa,1
[02/07/2017 13:47:59] /desmute Fantz
[02/07/2017 14:10:35] /mute Sherkss,1
[02/07/2017 14:21:48] /mute Shiny Werered,2
[02/07/2017 14:58:41] /desmute Fantz
[02/07/2017 15:18:26] /mute Flor,3
[02/07/2017 15:39:27] /mute Jiraya,3
[02/07/2017 16:05:10] /mute Flor,3
[02/07/2017 16:44:21] /mute Andrefsal,1
[02/07/2017 20:17:53] /mute Siles,5
[02/07/2017 20:44:24] /mute Drogaa,1
[03/07/2017 19:54:28] /mute Zoka,2
[03/07/2017 20:07:12] /mute Shiny Werered,3
[03/07/2017 20:50:20] /mute Pimpimenta Rxx,1
[03/07/2017 22:14:53] /mute Krisnik,2
[03/07/2017 22:17:25] /mute
[03/07/2017 22:34:34] /mute Death,1
[03/07/2017 23:25:50] /mute Death,1
[03/07/2017 23:44:02] /mute fantz,2
[04/07/2017 00:40:21] /mute Ghost,5
[04/07/2017 00:42:31] /desmute Ghost
[04/07/2017 00:43:01] /mute Krisnik,2
[04/07/2017 01:09:52] /mute Balas Russas,1
[04/07/2017 01:16:45] /mute Krisnik,2
[04/07/2017 14:25:02] /mute Linho,2
[04/07/2017 14:33:20] /mute Night Ofc,1
[04/07/2017 14:47:37] /mute Buckholl,2
[04/07/2017 18:19:55] /mute Flor,2
[04/07/2017 18:41:57] /mute Rawleg,2
[04/07/2017 18:44:15] /mute Mafimem,2
[04/07/2017 19:13:34] /mute Siles,2
[04/07/2017 19:22:57] /mute Shun Yuusha,2
[04/07/2017 19:43:16] /mute Ancra,2
[04/07/2017 20:03:58] /mute Draculiam,2
[04/07/2017 20:04:04] /mute Bangert,2
[04/07/2017 20:05:22] /mute Shun Yuusha,2
[04/07/2017 20:08:29] /mute Doogs,2
[04/07/2017 20:30:03] /mute Rawleg,2
[04/07/2017 20:46:16] /mute Doogs,3
[04/07/2017 20:46:35] /mute Bangert,3
[04/07/2017 21:00:41] /mute Doogs,1
[04/07/2017 21:27:40] /mute Paodenega,1
[04/07/2017 22:10:13] /mute Doogs,2
[04/07/2017 22:44:43] /mute Amaterasu,1
[05/07/2017 16:38:28] /mute Yekun,2
[05/07/2017 16:48:19] /mute Game Overr,2
[05/07/2017 18:12:23] /mute Silent Core,2
[05/07/2017 18:29:45] /mute Doogs,1
[05/07/2017 18:44:47] /mute Xkirax,3
[05/07/2017 19:20:14] /desmute
[05/07/2017 19:20:21] /desmute Fantz
[05/07/2017 19:35:37] /mute Fantz,2
[05/07/2017 19:36:07] /desmute fantz
[05/07/2017 19:47:03] /mute Quero Treecko Agora,3
[05/07/2017 19:50:12] /mute Flor,1
[05/07/2017 20:02:24] /mute Quero Treecko Agora,1
[05/07/2017 20:28:32] /mute Drogaa,1
[05/07/2017 20:34:37] /mute Workedbox,15
[06/07/2017 19:51:41] /mute Americana,2
[06/07/2017 20:45:56] /mute Shun Yuusha,2
[06/07/2017 20:48:38] /mute Fantz,1
[06/07/2017 21:01:34] /mute Marcelote,2
[06/07/2017 21:23:22] /mute Marcelote,2
[06/07/2017 21:45:48] /mute Game Overr,1
[06/07/2017 21:47:51] /mute Reborn,2
[07/07/2017 00:40:58] /mute Ghost,2
