[15/06/2017 14:41:19] /mute Vini-zera, 5
[15/06/2017 14:42:44] /desmute vini-zera
[15/06/2017 14:53:29] /mute Drazyn, 80
[15/06/2017 14:53:37] /mute Drazyn, 10
[15/06/2017 16:03:35] /mute Rodrigao, 30
[15/06/2017 17:27:15] /mute Pimpimenta Rxx, 10
[17/06/2017 14:58:46] /mute Trakinax, 30
[17/06/2017 15:14:37] /mute Pimpimenta Rxx, 5
[19/06/2017 23:19:04] /mute minha mãe, 1000
[19/06/2017 23:32:14] /mute Drogaa, 2
[19/06/2017 23:32:34] /mute Nezumi, 10
[19/06/2017 23:33:55] /mute Kyogron, 5
[19/06/2017 23:34:31] /mute Drogaa, 5
[19/06/2017 23:36:33] /desmute Kyogron
[19/06/2017 23:40:03] /mute Retornodo Drogaa, 5
[19/06/2017 23:40:18] /desmute Drogaa
[19/06/2017 23:42:42] /mute Droga Dofuturo, 10
[19/06/2017 23:47:07] /mute Drogaa Dopassado, 60
[19/06/2017 23:52:37] /mute Drogaa, 10
[27/06/2017 16:23:45] /mute Pimpimenta Rxx, 5
[27/06/2017 16:35:24] /mute Pimpimenta Rxx, 5
[27/06/2017 18:14:34] /mute Pimpimenta Rxx, 30
[28/06/2017 21:16:18] /desmute Kyogron
[28/06/2017 21:17:09] /mute Sam, 30
[28/06/2017 21:17:15] /mute Sam Lecter, 10
