[08/12/2016 16:17:55] /ghost
[08/12/2016 16:20:26] /goto smoke
[08/12/2016 16:20:29] /t
[08/12/2016 16:23:01] /bc green Se Alguem Achou Algum Bugs Nos Ajude Falando No Help Que Nós Vamos Tentar Resolver o Mais Rapido Possivel
[08/12/2016 16:25:44] /bc green Se Alguem Achou Algum Bugs Nos Ajude Falando No Help Que Nós Vamos Tentar Resolver o Mais Rapido Possivel
[08/12/2016 16:26:09] /goto nospk
[08/12/2016 16:26:13] /t
[08/12/2016 16:27:25] /bc green Para quem ta com problema no chat e so ir Em Opçoes e ativar Barra Lateral
[08/12/2016 16:28:25] /goto nospk
[08/12/2016 16:28:28] /t
[08/12/2016 16:28:42] /goto taylorxd
[08/12/2016 16:28:48] /t
[08/12/2016 16:36:58] /bc green Para quem está com o problema no chat vá em opçoes e ativar barra lateral esquerda
[08/12/2016 16:38:04] /bc green Quem Achar algum bugs nos Avise no Help que Resolveremos o Mais Rapido Possivel
[08/12/2016 16:39:55] /goto charizard
[08/12/2016 16:41:14] /goto charmander
[08/12/2016 16:41:21] /goto oddish
[08/12/2016 16:41:37] /t
[08/12/2016 16:44:59] /t
[08/12/2016 16:45:18] /bc green Para quem está com o problema no chat vá em opçoes e ativar barra lateral esquerda
[08/12/2016 16:45:50] /goto nospk
[08/12/2016 16:45:53] /t
[08/12/2016 16:45:59] /goto nadia bjorlin
[08/12/2016 16:46:21] /goto taylorxd
[08/12/2016 16:46:24] /t
[08/12/2016 16:48:18] /bc green Quem Achar algum bugs nos Avise no Help que Resolveremos o Mais Rapido Possivel
[08/12/2016 16:51:49] /addskill Paulo,lvl,15
[08/12/2016 16:53:16] /bc green para quem ta com problema nos teleport só digitar h"smile
[08/12/2016 16:54:33] /t
[08/12/2016 16:56:49] /bc green Para quem está com o problema no chat vá em opçoes e ativar barra lateral esquerda
[08/12/2016 16:58:08] /goto nospk
[08/12/2016 16:58:13] /t
[08/12/2016 16:58:21] /bc green Quem Achar algum bugs nos Avise no Help que Resolveremos o Mais Rapido Possivel
[08/12/2016 16:59:41] /t
[08/12/2016 17:00:16] /bc green Quem Achar algum bugs nos Avise no Help que Resolveremos o Mais Rapido Possivel
[08/12/2016 17:02:06] /bc green Quem Achar algum bugs nos Avise no Help que Resolveremos o Mais Rapido Possivel
[08/12/2016 17:03:51] /bc green galera o servidor vai ficar com lag pois ele ta sendo hospedado pelo hamachi 
[08/12/2016 17:04:33] /bc green logo colocaremos um dedicado
[08/12/2016 17:05:26] /bc green talvez sim
[08/12/2016 17:06:38] /ghost
[08/12/2016 17:07:18] /bc green Para quem está com o problema no chat vá em opçoes e ativar barra lateral esquerda
[08/12/2016 17:08:44] /bc green Para quem está com o problema no chat vá em opçoes e ativar barra lateral esquerda
[08/12/2016 17:09:59] /bc green Para quem está com o problema no chat vá em opçoes e ativar barra lateral esquerda
[08/12/2016 17:11:57] /bc green Quem Achar algum bugs nos Avise no Help que Resolveremos o Mais Rapido Possivel
[08/12/2016 17:12:48] /bc green Para quem está com o problema no chat vá em opçoes e ativar barra lateral esquerda
[08/12/2016 17:12:51] /t
[08/12/2016 17:13:31] /bc green Quem Achar algum bugs nos Avise no Help que Resolveremos o Mais Rapido Possivel
[08/12/2016 17:18:04] /bc green Estão Dispostos a Nos Ajudar a Por o Servidor On 24hrs, Sem Hamachi e Sem Lag Mande Pm (Smoke) Qualquer Valor 
[08/12/2016 17:19:01] /bc green Para quem está com o problema no chat vá em opçoes e ativar barra lateral esquerda
[08/12/2016 17:19:49] /bc green Quer Um Dica Parar Upar Mais Rapido ? Capturando Pokemons
[08/12/2016 17:20:22] /bc green Quem Achar algum bugs nos Avise no Help que Resolveremos o Mais Rapido Possivel
[08/12/2016 17:20:36] /goto smoke
[08/12/2016 17:21:13] /t
[08/12/2016 17:21:18] /bc green Para quem está com o problema no chat vá em opçoes e ativar barra lateral esquerda
[08/12/2016 17:21:55] /bc green Quer Uma Dica Parar Upar Mais Rapido ? Capturando Pokemons
[08/12/2016 17:23:21] /bc green Quer Uma Dica Parar Upar Mais Rapido ? Capturando Pokemons
[08/12/2016 17:24:23] /bc green Estão Dispostos a Nos Ajudar a Por o Servidor On 24hrs ?, Sem Hamachi e Sem Lag Mande Pm (Smoke) Qualquer Valor 
[08/12/2016 17:24:58] /ghost
[08/12/2016 17:25:20] /goto nospk
[08/12/2016 17:25:22] /t
[08/12/2016 17:25:33] /bc green Quem Achar algum bugs nos Avise no Help que Resolveremos o Mais Rapido Possivel
[08/12/2016 17:28:17] /bc green Quem Achar algum bugs nos Avise no Help que Resolveremos o Mais Rapido Possivel
[08/12/2016 17:29:44] /goto smoke
[08/12/2016 17:30:03] /bc green Para quem está com o problema no chat vá em opçoes e ativar barra lateral esquerda
[08/12/2016 17:31:23] /bc green Quer Uma Dica Parar Upar Mais Rapido ? Capturando Pokemons
[08/12/2016 17:33:43] /bc green Achou algum bug nos Avise no Help que Resolveremos o Mais Rapido Possivel
[08/12/2016 17:34:35] /bc green Para quem está com o problema no chat vá em opçoes e ativar barra lateral esquerda
[08/12/2016 17:38:56] /bc green Quer Uma Dica Parar Upar Mais Rapido ? Capturando Pokemons
[08/12/2016 17:39:35] /bc green Estão Dispostos a Nos Ajudar a Por o Servidor On 24hrs ?, Sem Hamachi e Sem Lag Mande Pm (Smoke) Qualquer Valor 
[08/12/2016 17:40:43] /bc green Estão Dispostos a Nos Ajudar a Por o Servidor On 24hrs ?, Sem Hamachi e Sem Lag Mande Pm (Smoke) Qualquer Valor 
[08/12/2016 17:41:37] /bc green Quer Uma Dica Parar Upar Mais Rapido ? Capturando Pokemons
[08/12/2016 17:43:08] /t
[08/12/2016 17:47:38] /bc green Quer Uma Dica Parar Upar Mais Rapido ? Capturando Pokemons
[08/12/2016 17:47:56] /ghost
[08/12/2016 17:47:58] /goto nospk
[08/12/2016 17:48:01] /t
[08/12/2016 17:48:06] /ghost
[08/12/2016 17:48:21] /bc green Para quem está com o problema no chat vá em opçoes e ativar barra lateral esquerda
[08/12/2016 17:48:43] /bc green Achou algum bug nos Avise no Help que Resolveremos o Mais Rapido Possivel
[08/12/2016 17:48:57] /bc green Para quem está com o problema no chat vá em opçoes e ativar barra lateral esquerda
[08/12/2016 17:49:48] /addskill Paulo,lvl,100
[08/12/2016 17:50:15] /i points coins
[08/12/2016 17:50:31] /bc green Para quem está com o problema no chat vá em opçoes e ativar barra lateral esquerda
[08/12/2016 17:50:35] /i 2149
[08/12/2016 17:52:40] /goto charizard
[08/12/2016 17:52:42] /bc green Quer Uma Dica Parar Upar Mais Rapido ? Capturando Pokemons
[08/12/2016 17:54:13] /t
[08/12/2016 17:54:30] /bc green Para quem está com o problema no chat vá em opçoes e ativar barra lateral esquerda
[08/12/2016 17:55:19] /bc green Achou algum bug nos Avise no Help que Resolveremos o Mais Rapido Possivel
[08/12/2016 17:56:14] /ghost
[08/12/2016 17:56:18] /bc green Para quem está com o problema no chat vá em opçoes e ativar barra lateral esquerda
[08/12/2016 17:57:10] /ghost
[08/12/2016 17:57:44] /goto nospk
[08/12/2016 17:57:50] /t
[08/12/2016 17:59:27] /ghost
[08/12/2016 17:59:59] /bc green Quer Uma Dica Parar Upar Mais Rapido ? Capturando Pokemons
[08/12/2016 18:00:44] /bc green Para quem está com o problema no chat vá em opçoes e ativar barra lateral esquerda
[08/12/2016 18:01:46] /bc green Achou algum bug nos Avise no Help que Resolveremos o Mais Rapido Possivel
[08/12/2016 18:03:42] /bc green Quer Uma Dica Parar Upar Mais Rapido ? Capturando Pokemons
[08/12/2016 18:05:18] /bc green Para quem está com o problema no chat vá em opçoes e ativar barra lateral esquerda
[08/12/2016 18:07:18] /ghost
[08/12/2016 18:07:48] /bc green Achou algum bug nos Avise no Help que Resolveremos o Mais Rapido Possivel
[08/12/2016 18:09:11] /bc green Para quem está com o problema no chat vá em opçoes e ativar barra lateral esquerda
[08/12/2016 18:10:49] /bc green Pra Quem Não sabe como usar o Teleport, Use o Comando h"slime
[08/12/2016 18:11:13] /goto smoke
[08/12/2016 18:12:24] /bc green Pra Quem Não sabe como usar o Teleport, Use o Comando h"smile
[08/12/2016 18:12:37] /t
[08/12/2016 18:15:27] /bc green Para quem está com o problema no chat vá em opçoes e ativar barra lateral esquerda
[08/12/2016 18:17:13] /bc green Achou algum bug nos Avise no Help que Resolveremos o Mais Rapido Possivel
[08/12/2016 18:20:25] /bc green Estão Dispostos a Nos Ajudar a Por o Servidor On 24hrs ?, Sem Hamachi e Sem Lag Mande Pm (Smoke) Qualquer Valor 
[08/12/2016 18:22:32] /bc green Quer Uma Dica Parar Upar Mais Rapido ? Capturando Pokemons
[08/12/2016 18:26:28] /goto smoke
[08/12/2016 18:26:32] /ghost
[08/12/2016 18:26:36] /ghost
[08/12/2016 18:26:52] /bc green Para quem está com o problema no chat vá em opçoes e ativar barra lateral esquerda
[08/12/2016 18:27:39] /bc green Achou algum bug nos Avise no Help que Resolveremos o Mais Rapido Possivel
[08/12/2016 18:32:35] /bc green Quer Uma Dica Parar Upar Mais Rapido ? Capturando Pokemons
[08/12/2016 18:35:20] /bc green Para quem está com o problema no chat vá em opçoes e ativar barra lateral esquerda
[08/12/2016 18:35:52] /ghost
[08/12/2016 18:35:55] /ghost
[08/12/2016 18:36:00] /t
[08/12/2016 18:39:07] /bc green Para quem está com o problema no chat vá em opçoes e ativar barra lateral esquerda
[08/12/2016 18:39:20] /goto nadia bjorlin
[08/12/2016 18:39:27] /t
[08/12/2016 18:43:56] /bc green Achou algum bug nos Avise no Help que Resolveremos o Mais Rapido Possivel
[08/12/2016 18:44:20] /bc green Quer Uma Dica Parar Upar Mais Rapido ? Capturando Pokemons
[08/12/2016 18:45:20] /bc green Estão Dispostos a Nos Ajudar a Por o Servidor On 24hrs ?, Sem Hamachi e Sem Lag Mande Pm (Smoke) Qualquer Valor 
[08/12/2016 18:48:18] /bc green Achou algum bug nos Avise no Help que Resolveremos o Mais Rapido Possivel
[08/12/2016 18:50:56] /bc green Estão Dispostos a Nos Ajudar a Por o Servidor On 24hrs ?, Sem Hamachi e Sem Lag Mande Pm (Smoke) Qualquer Valor 
[08/12/2016 18:54:54] /ghost
[08/12/2016 18:56:07] /bc green Estão Dispostos a Nos Ajudar a Por o Servidor On 24hrs ?, Sem Hamachi e Sem Lag Mande Pm (Smoke) Qualquer Valor 
[08/12/2016 19:00:43] /bc green Exp Aumentada em 50% By Smoke
[08/12/2016 19:01:25] /t
[08/12/2016 19:01:41] /bc green Estão Dispostos a Nos Ajudar a Por o Servidor On 24hrs ?, Sem Hamachi e Sem Lag Mande Pm (Smoke) Qualquer Valor 
[08/12/2016 19:02:02] /goto smoke
[08/12/2016 19:21:08] /goto Wedenboy
[08/12/2016 19:21:34] /goto smoke
[08/12/2016 19:22:35] /bc green Achou algum bug nos Avise no Help que Resolveremos o Mais Rapido Possivel
[08/12/2016 19:22:46] /t
[08/12/2016 19:28:50] /goto smoke
[08/12/2016 19:46:55] /t
[09/12/2016 13:29:22] /bc green Para quem está com o problema no chat vá em opçoes e ativar barra lateral esquerda
[09/12/2016 13:29:36] /bc green Achou algum bug nos Avise no Help que Resolveremos o Mais Rapido Possivel
[09/12/2016 13:30:26] /bc green Quer Uma Dica Parar Upar Mais Rapido ? Capturando Pokemons
[09/12/2016 13:31:22] /bc green Para quem está com o problema no chat vá em opçoes e ativar barra lateral esquerda
[09/12/2016 13:32:03] /b antes de vcs sairem do servidor tirem uma print dos seus itens, pois pode sumir algo
[09/12/2016 13:33:20] /bc green Quer Uma Dica Parar Upar Mais Rapido ? Capturando Pokemons
