[28/06/2017 22:11:29] /mute ,Thug,0
[28/06/2017 22:21:42] /mute ,Drazynjr,1
[28/06/2017 22:26:51] /desmute Rayto
[28/06/2017 22:34:35] /mute ,Venuz Loko,3
[28/06/2017 22:35:08] /desmute Venuz Loko
[28/06/2017 22:45:46] /mute ,Coisa Fea,1
[28/06/2017 22:47:33] /mute ,Pimpimenta Rxx,1
[28/06/2017 22:47:33] /mute ,Skaikru,1
[28/06/2017 23:21:21] /mute ,Otop Semrank,3
[29/06/2017 14:47:11] /mute ,Anderzikashow,3
[29/06/2017 16:14:50] /mute ,Anderzikashow,3
[29/06/2017 17:27:53] /desmute Rayto
[29/06/2017 17:33:45] /mute ,Nego Drama,5
[29/06/2017 17:33:49] /mute ,Nego Drama,5
[29/06/2017 17:34:00] /mute ,Negro Drama,5
[29/06/2017 18:18:43] /mute ,Anderzikashow,10
[29/06/2017 18:43:47] /mute ,Shiny Werered,5
[29/06/2017 18:46:38] /mute ,Siles,10
[29/06/2017 19:37:01] /mute ,Fantz,0
[29/06/2017 20:20:23] /mute ,Num Lock,5
[29/06/2017 20:46:44] /mute ,Krisnik,10
[29/06/2017 21:24:14] /mute ,Nezumii,500
[29/06/2017 21:25:51] /desmute Nezumii
[30/06/2017 00:03:02] /mute ,Anderzikashow,3
[30/06/2017 16:28:44] /desmute Rayto
[30/06/2017 16:37:03] /mute ,Fantz,50
[30/06/2017 16:37:42] /desmute Rayto
[30/06/2017 17:50:10] /mute ,Bielzin,3
[30/06/2017 17:58:32] /mute ,Quero Treecko Agora,0
[30/06/2017 18:03:00] /mute ,Akame,3
[30/06/2017 20:21:32] /mute ,Vendocoisa,3
[30/06/2017 20:48:56] /mute ,Siles,1
[30/06/2017 20:53:30] /mute ,Otop Semrank,3
[30/06/2017 21:04:03] /mute ,Neutra,10
[30/06/2017 21:04:42] /desmute Neutra
[30/06/2017 21:05:01] /mute ,Vendocoisa,1
[30/06/2017 21:18:16] /mute ,Drazyn,1
[30/06/2017 21:18:34] /desmute Drazyn
[30/06/2017 21:20:51] /mute ,Rawleg,1
[30/06/2017 22:05:55] /mute ,Neutra,5
[30/06/2017 22:17:35] /mute ,Negro Drama,5
[30/06/2017 22:30:11] /mute ,Only Wallker,5
[30/06/2017 22:32:39] /mute ,Negro Drama,50
[30/06/2017 23:23:40] /mute ,Drogaa,0
[01/07/2017 13:49:05] /mute ,Paaradoxx,3
[01/07/2017 14:45:24] /mute ,Telasko Uballs,5
[01/07/2017 15:18:51] /mute ,Ghost,1
[01/07/2017 15:53:54] /mute , Shazam Russem,3
[01/07/2017 18:15:19] /mute ,Pimpimente Rxx,3
[02/07/2017 03:03:24] /mute ,Ghost,3
[02/07/2017 13:47:40] /desmute Rayto
[02/07/2017 14:10:41] /mute ,Sherkss,3
[02/07/2017 18:52:08] /mute ,Wood,3
[02/07/2017 19:25:58] /mute ,Tiunazi,1
[02/07/2017 21:33:15] /mute ,Mushick,5
[02/07/2017 21:33:15] /mute ,Mushick,5
[03/07/2017 19:33:39] /mute ,Doogs,3
