[14/06/2017 22:41:23] /mute Drazyn,1
[15/06/2017 00:47:31] /mute vini-zera,2
[15/06/2017 14:33:09] /mute hastad,30
[15/06/2017 14:37:49] /mute kyogron,1
[15/06/2017 14:44:48] /mute vini-zera,5
[15/06/2017 15:28:05] /mute Drazyn,1
[15/06/2017 20:53:26] /mute the walker,1
[18/06/2017 15:01:24] /desmute pimpimenta
[18/06/2017 15:14:35] /desmute pimpimenta
[18/06/2017 15:14:42] /desmute Pimpimenta Rxx
[18/06/2017 15:14:49] /desmute Pimpimenta Rxx
[18/06/2017 15:46:23] /desmute alucard
[18/06/2017 15:47:38] /desmute pimpimenta
[18/06/2017 15:47:50] /desmute alucard
[18/06/2017 15:48:28] /desmute Alucard
[18/06/2017 15:50:14] /mute pimpimenta,1
[18/06/2017 15:50:32] /mute pimpimenta rxx,1
[18/06/2017 17:05:15] /mute Pimpimenta Rxx,15
[18/06/2017 17:06:54] /mute alucard,60
[19/06/2017 14:30:23] /mute souladraoevacilao,10
[19/06/2017 20:30:47] /mute pimpimenta rxx,5
[29/06/2017 18:46:45] /mute siles,10
