[13/08/2016 12:11:28] teste gm
[13/08/2016 12:14:20] teste gm
[13/08/2016 12:14:32] teste gm
[13/08/2016 12:14:58] teste gm
[13/08/2016 12:15:31] teste gm
[13/08/2016 12:15:32] teste gm
[13/08/2016 12:15:33] teste gm
[13/08/2016 12:15:33] teste gm
[13/08/2016 12:15:35] teste gm
[13/08/2016 12:16:07] teste gm
[13/08/2016 12:16:07] teste gm
[13/08/2016 12:16:08] teste gm
[13/08/2016 12:16:09] teste gm
[13/08/2016 12:16:09] teste gm
[13/08/2016 12:16:17] teste gm
[13/08/2016 12:16:18] teste gm
[13/08/2016 12:16:19] teste gm
[13/08/2016 12:16:20] teste gm
[13/08/2016 12:16:20] teste gm
[13/08/2016 12:16:29] teste gm
[13/08/2016 12:16:30] teste gm
[13/08/2016 12:16:31] teste gm
[13/08/2016 12:16:36] teste gm
[13/08/2016 12:16:40] teste gm
[13/08/2016 12:17:07] teste gm
[13/08/2016 12:17:07] teste gm
[13/08/2016 12:17:08] teste gm
[13/08/2016 12:17:09] teste gm
[13/08/2016 12:17:09] teste gm
[13/08/2016 12:17:10] teste gm
[13/08/2016 12:17:27] teste gm
[13/08/2016 12:17:28] teste gm
[13/08/2016 12:17:29] teste gm
[13/08/2016 12:17:30] teste gm
[13/08/2016 12:17:30] teste gm
[13/08/2016 12:17:36] teste gm
[13/08/2016 12:17:39] teste gm
[13/08/2016 12:17:40] teste gm
[13/08/2016 12:17:40] teste gm
[13/08/2016 12:17:41] teste gm
[13/08/2016 12:18:57] teste gm
[13/08/2016 12:19:24] teste gm
[13/08/2016 12:19:25] teste gm
[13/08/2016 12:19:35] teste gm
[13/08/2016 12:19:36] teste gm
[13/08/2016 12:19:37] teste gm
[13/08/2016 12:19:38] teste gm
[13/08/2016 12:21:29] teste lvl
[13/08/2016 12:21:55] teste lvl
[13/08/2016 12:21:56] teste lvl
[13/08/2016 12:21:56] teste lvl
[13/08/2016 12:22:02] teste lvl
[13/08/2016 12:22:02] teste lvl
[13/08/2016 12:22:03] teste lvl
[13/08/2016 12:22:03] teste lvl
[13/08/2016 12:22:04] teste lvl
[13/08/2016 12:22:04] teste lvl
[13/08/2016 12:22:10] teste lvl
[13/08/2016 12:22:10] teste lvl
[13/08/2016 12:22:11] teste lvl
[13/08/2016 12:22:11] teste lvl
[13/08/2016 12:22:12] teste lvl
[13/08/2016 12:22:12] teste lvl
[13/08/2016 12:22:12] teste lvl
[13/08/2016 12:25:54] teste adm
[13/08/2016 12:25:58] teste
[08/12/2016 16:15:44] !revert
[08/12/2016 16:21:50] !revert
