[14/06/2017 22:40:27] /mute drazyn,5 
[14/06/2017 22:41:16] /mute drazyn,5
[17/06/2017 18:36:45] /mute Lelinho Love,1
[17/06/2017 19:21:07] /mute alucard,1
[17/06/2017 20:04:08] /mute bolsonaro,2
[17/06/2017 21:17:14] /mute biig maac,1
[17/06/2017 21:26:51] /mute Fiirewinchest,4
[17/06/2017 21:44:27] /mute felipe vinicius,1
[17/06/2017 21:45:42] /mute drazyn,1
[17/06/2017 21:46:24] /desmute the walker
[18/06/2017 00:43:21] /mute the walker,2
[18/06/2017 00:43:49] /desmute the walker
[18/06/2017 00:52:47] /mute burtan,1
[18/06/2017 00:56:55] /mute kayo dlc,600
[18/06/2017 00:57:15] /desmute kayo dlc
[18/06/2017 00:58:50] /desmute kayo dlc
[18/06/2017 01:26:16] /desmute kayo dlc
[18/06/2017 02:38:34] /mute fantz,1
[18/06/2017 02:43:52] /mute nezumi,2
[18/06/2017 02:47:41] /mute nezumi,10000
[18/06/2017 02:50:51] /mute Walkertatroll,2
[18/06/2017 02:52:27] /mute walkertroll,10
[18/06/2017 02:55:04] /mute Walkertatroll,2
[18/06/2017 03:02:08] /mute alucard,1
[18/06/2017 03:03:51] /mute Fantz,10
[18/06/2017 03:09:32] /mute alucard,1
[18/06/2017 03:11:03] /mute Astef,100
[18/06/2017 14:25:18] /mute alucard,2
[18/06/2017 14:27:32] /mute Dinhomlkhue,10
[18/06/2017 14:29:55] /mute alucard,10000000000
[18/06/2017 14:30:22] /mute alucard,2500
[18/06/2017 14:30:37] /mute alucard,2500
[18/06/2017 14:30:37] /mute alucard,2500
[18/06/2017 14:30:38] /mute alucard,2500
[18/06/2017 14:30:39] /mute alucard,2500
[18/06/2017 14:30:50] /desmute alucard
[18/06/2017 14:35:37] /mute kindred sheep,2
[18/06/2017 14:36:36] /desmute kindred sheep
[18/06/2017 14:54:47] /mute Pimpimenta Rxx,100000
[18/06/2017 14:54:48] /mute Pimpimenta Rxx,100000
[18/06/2017 14:54:48] /mute Pimpimenta Rxx,100000
[18/06/2017 14:54:48] /mute Pimpimenta Rxx,100000
[18/06/2017 14:54:49] /mute Pimpimenta Rxx,100000
[18/06/2017 14:54:49] /mute Pimpimenta Rxx,100000
[18/06/2017 14:54:49] /mute Pimpimenta Rxx,100000
[18/06/2017 14:54:50] /mute Pimpimenta Rxx,100000
[18/06/2017 14:54:50] /mute Pimpimenta Rxx,100000
[18/06/2017 14:54:51] /mute Pimpimenta Rxx,100000
[18/06/2017 14:54:51] /mute Pimpimenta Rxx,100000
[18/06/2017 14:54:51] /mute Pimpimenta Rxx,100000
[18/06/2017 14:54:52] /mute Pimpimenta Rxx,100000
