[18/06/2017 18:42:53] /mute Prox,5
[18/06/2017 18:42:59] /mute ,Prox,5
[18/06/2017 18:43:02] /mute ,Prox,5
[18/06/2017 18:43:03] /mute ,Prox,5
[18/06/2017 18:43:14] /mute ,Cristian,5
[18/06/2017 18:43:22] /mute ,Drogaa,5
[18/06/2017 19:50:16] /mute ,rayto,5
[19/06/2017 00:43:44] /mute ,Surfish,1
[19/06/2017 00:53:14] /mute ,Drogaa,2
[19/06/2017 13:48:38] /mute ,Ashderecife, 8
[19/06/2017 13:49:10] /mute ,Ashderecife, 430
[19/06/2017 14:02:13] /mute ,Jogo Bosta,53455464574576854563453
[19/06/2017 14:03:59] /mute ,Jogo Bosta,60
[19/06/2017 14:04:11] /mute ,Jogo Bosta,60
[19/06/2017 14:04:11] /mute ,Jogo Bosta,60
[19/06/2017 14:04:12] /mute ,Jogo Bosta,60
[19/06/2017 14:04:13] /mute ,Jogo Bosta,60
[19/06/2017 14:05:53] /mute ,Jogo Bosta,1
[19/06/2017 14:05:59] /mute ,Jogo Bosta,60
[19/06/2017 14:06:21] /mute ,Jogo Bosta,8
[19/06/2017 14:10:18] /mute ,Jason,80
[19/06/2017 14:22:03] /mute ,Tao Gunka,5
[19/06/2017 15:46:25] /mute Souladraoevacilao,2
[19/06/2017 19:04:25] /mute ,Bix Ntc,1
[19/06/2017 20:38:04] /mute ,Pimpimenta Rxx,1
[19/06/2017 21:42:31] /mute ,Crazy,3
[19/06/2017 21:47:27] /mute ,Crazy,2
[20/06/2017 18:49:18] /mute Drogaa,5
[20/06/2017 18:50:40] /mute Drogaa,0
[20/06/2017 20:40:11] /mute ,Telasko Uballs,10
[21/06/2017 15:32:55] /mute Shun Yuusha,2
[21/06/2017 15:35:21] /mute ,Fousp,2
[21/06/2017 16:13:00] /mute ,Drazyn,0
[21/06/2017 20:06:34] /mute ,Biig Maac,1
[21/06/2017 20:06:40] /mute ,Biig Maac,0
[22/06/2017 14:21:50] /mute ,Harlock,1
[22/06/2017 14:24:08] /mute ,Blackdrama,2
[22/06/2017 14:50:01] /mute ,Blackdrama,5
[22/06/2017 16:21:32] /mute ,Paaradoxx,5
[22/06/2017 16:22:23] /mute ,Shun Yuusha,10
[22/06/2017 18:07:02] /mute ,Tiao Gamer,2
[22/06/2017 18:16:48] /mute ,Uhehueytgqiqhweyqfwef,1
[22/06/2017 18:18:55] /mute ,Uhehueytgqiqhweyqfwef,6
[22/06/2017 18:19:37] /mute ,Coisa Fea,2
[22/06/2017 18:19:45] /mute ,Night Ofc,2
[22/06/2017 18:26:23] /mute ,Pimpimenta Rxx,1
[22/06/2017 19:12:12] /mute ,Nezumi,1
[22/06/2017 19:12:31] /mute ,Fantz,1
[22/06/2017 19:37:14] /mute ,Fantz,1
[22/06/2017 19:38:22] /mute ,Fantz,1
[22/06/2017 19:41:09] /mute ,Fantz,1
[22/06/2017 19:51:24] /mute ,Fantz,9
[22/06/2017 19:52:42] /mute ,Fantz,0
[22/06/2017 20:30:36] /mute ,Mathewsms,1
[22/06/2017 20:30:44] /mute ,Pimpimenta Rxx,3
[22/06/2017 23:02:17] /mute ,Pimpimenta Rxx,3
[23/06/2017 08:54:31] /mute ,Wood,4
[23/06/2017 08:57:40] /mute ,Wood,0
[23/06/2017 09:03:05] /mute ,Wood,2
[23/06/2017 09:30:22] /mute ,Hastafary,1
[23/06/2017 12:09:49] /mute ,Natsupk,1
[23/06/2017 13:50:14] /mute ,Ryan Loko1
[23/06/2017 13:50:21] /mute ,Ryan Loko,1
[23/06/2017 16:28:54] /mute ,Pimpimenta Rxx,3
[23/06/2017 16:29:17] /mute ,Gary Oak,1
[23/06/2017 16:35:10] /mute ,Gadrell,1
[23/06/2017 16:38:50] /mute ,Pimpimenta Rxx,1
[23/06/2017 19:36:56] /mute ,Mayara Barbosa,1
[23/06/2017 21:23:12] /mute ,Robogamerbr,5
[24/06/2017 02:16:26] /mute ,Ricken,1
[24/06/2017 02:17:32] /mute ,Ricken,0
[24/06/2017 12:24:55] /mute ,Pimpimenta Rxx,1
[24/06/2017 20:32:41] /mute ,Fantaisma,2
[24/06/2017 20:33:09] /mute ,Shun Yuusha,2
[24/06/2017 20:41:22] /mute ,Adriana,1
[25/06/2017 15:19:42] /mute ,Zoka,1
[25/06/2017 15:19:49] /mute ,True Show,1
[25/06/2017 15:34:04] /mute ,Andrefsal,1
[25/06/2017 18:00:38] /mute ,Fantaisma,1
[25/06/2017 18:01:55] /mute ,Nezumi,1
[25/06/2017 18:40:29] /mute ,Tiao Gamer,1
[25/06/2017 18:45:43] /mute ,Taiaguinho, 2
[25/06/2017 18:49:19] /mute ,Quero Treecko Agora,1
[25/06/2017 21:08:00] /mute ,Pimpimenta Rxx,4
[25/06/2017 22:21:56] /mute ,Fantaisma,1
[25/06/2017 22:27:32] /mute ,Poke Night,200
[25/06/2017 22:50:49] /mute ,Hiimzro,1
[26/06/2017 13:09:08] /mute ,Paaradoxx,1
[26/06/2017 13:12:13] /mute ,Champz,1
[27/06/2017 10:17:16] /mute ,Shun Yuusha,1
[27/06/2017 19:00:56] /mute ,Hayato,10
[27/06/2017 19:01:14] /mute ,Hayato,353
[28/06/2017 13:08:23] /mute ,Mushick,1
[28/06/2017 21:09:01] /mute ,Quero Treecko Agora,1
[28/06/2017 21:09:06] /mute ,Fantz,1
[28/06/2017 21:16:03] /mute ,kyogron,1
[28/06/2017 21:16:17] /mute ,kyogron,0
[28/06/2017 21:52:26] /mute ,Drogaa,1 
[28/06/2017 22:06:34] /mute ,Pimpimenta Rxx,1
[28/06/2017 22:07:43] /mute ,Pimpimenta Rxx,1
[28/06/2017 22:09:53] /mute ,Drogaa,3
[28/06/2017 22:17:24] /mute ,rayto,1
[28/06/2017 22:17:31] /desmute ,rayto
[28/06/2017 22:17:43] /desmute rayto
[28/06/2017 22:21:21] /mute ,Drazynjr,1
[28/06/2017 22:21:50] /desmute Drazynjr
[28/06/2017 22:26:41] /mute ,Rayto,1
[28/06/2017 22:35:05] /desmute venuz loko
[28/06/2017 22:37:20] /mute ,Pimpimenta Rxx1
[28/06/2017 22:37:22] /mute ,Pimpimenta Rxx,1
[29/06/2017 11:12:28] /mute ,Kamachyro,1
[29/06/2017 13:27:37] /mute ,Wood,1
[29/06/2017 13:36:55] /mute ,Otop Semrank,1
[29/06/2017 13:40:19] /mute ,Otop Semrank,4
[29/06/2017 13:54:54] /mute ,Meliodas,1
[29/06/2017 14:08:28] /mute ,Anderzikashow,3
[29/06/2017 16:03:24] /mute ,Fantz,1
[29/06/2017 17:27:33] /mute ,Rayto,3
[29/06/2017 17:28:19] /desmute rayto
[30/06/2017 10:16:36] /mute ,Thug, 3
[30/06/2017 10:17:42] /mute ,thug,0
[30/06/2017 11:53:22] /mute ,Andersonzika,5
[30/06/2017 12:06:48] /mute ,Andersonzika,10
[30/06/2017 12:26:05] /mute ,Andersondnv,20
[30/06/2017 12:51:29] /mute ,Andersondnv,60
[30/06/2017 12:53:09] /desmute Andersondnv
[30/06/2017 12:55:50] /mute ,Pimpimenta Rxx,1
[30/06/2017 13:02:53] /mute ,Andersondnv,30
[30/06/2017 13:11:05] /mute ,Neutra,1
[30/06/2017 13:22:56] /mute ,Gadrell,1
[30/06/2017 13:35:30] /mute ,Anderrsondnv,100
[30/06/2017 16:05:08] /mute ,Neutra,1
[30/06/2017 16:28:39] /mute ,Rayto,6
[30/06/2017 16:37:35] /mute ,Rayto,3
[30/06/2017 16:37:47] /desmute fantz
[30/06/2017 16:58:06] /mute ,Gary Oak,1
[30/06/2017 16:58:14] /mute ,Vendocoisa,1
[30/06/2017 17:23:22] /mute ,Sucunbidu Zalabadu,1
[30/06/2017 21:17:50] /mute ,Drazyn,
[30/06/2017 21:17:55] /mute ,Drazyn,1
[01/07/2017 10:25:09] /mute ,Shun Yuusha,1
[01/07/2017 10:31:53] /mute ,Irineu Das Bolacha,1
[02/07/2017 09:26:01] /mute ,Shun Yuusha,4
[03/07/2017 00:38:14] /mute ,Magic Linnes,1
[03/07/2017 00:38:24] /mute ,Game Overr,3
[03/07/2017 01:05:35] /mute ,Balas Russas,3
[03/07/2017 01:05:42] /mute ,Flor,3
[03/07/2017 01:06:24] /desmute Balas Russas
[03/07/2017 01:41:02] /mute ,Blackdrama,3
[03/07/2017 18:55:25] /mute ,Pimpimenta Rxx,3
[04/07/2017 12:45:21] /mute ,Vendocoisa,3
[04/07/2017 13:15:37] /mute ,Draculiam,3
[04/07/2017 15:49:54] /mute ,Ifrit,3
[04/07/2017 16:24:40] /mute ,Shun Yuusha,5
[05/07/2017 00:12:04] /mute ,Bandido Fodase,3
[05/07/2017 12:57:21] /mute ,Kadosh,3
[05/07/2017 13:11:14] /mute ,Shun Yuusha,5
[05/07/2017 13:34:48] /mute ,Leaf Rider,3
[05/07/2017 17:35:32] /mute ,thug,1
[05/07/2017 17:35:42] /desmute thug
[05/07/2017 17:38:18] /mute ,Vendocoisa,3
[05/07/2017 19:16:20] /mute ,thug,3
[05/07/2017 19:17:16] /desmute thug
[05/07/2017 19:19:13] /mute ,drogaa,3
[05/07/2017 19:19:16] /mute ,coisar,3
[05/07/2017 19:19:21] /mute ,fantz,3
[05/07/2017 22:22:14] /mute ,All Capone,5
[05/07/2017 23:54:45] /mute ,Axelthewingeonx,3
[06/07/2017 23:17:26] /mute ,Hayato,8
[06/07/2017 23:18:21] /mute ,Hayato,10
[07/07/2017 00:48:40] /mute ,Mafimem,3
